22:49:32,039 - sequence
22:49:32,039 - room RoomA3 contains blocks: 
22:49:32,039 - room RoomA2 contains blocks:  Y G G
22:49:32,039 - room RoomB3 contains blocks:  P Y
22:49:32,039 - room RoomC1 contains blocks:  Y R R W G P
22:49:32,039 - room RoomA1 contains blocks:  B O O
22:49:32,039 - room RoomB2 contains blocks:  B Y
22:49:32,039 - room RoomC3 contains blocks:  R
22:49:32,050 - room RoomB1 contains blocks:  B R P
22:49:32,050 - room RoomC2 contains blocks:  W R
22:49:32,050 - sequence B G Y P O R
22:50:12,441 - []
22:50:12,616 - []
22:50:12,669 - []
22:50:12,719 - []
22:50:12,770 - []
22:50:12,820 - []
22:50:12,871 - []
22:50:12,923 - []
22:50:12,974 - []
22:50:13,025 - []
22:50:13,074 - []
22:50:13,125 - []
22:50:13,176 - []
22:50:13,228 - []
22:50:13,278 - []
22:50:13,339 - []
22:50:13,391 - []
22:50:13,442 - []
22:50:13,493 - []
22:50:13,547 - []
22:50:13,599 - []
22:50:13,650 - []
22:50:13,703 - []
22:50:13,754 - []
22:50:13,807 - []
22:50:13,860 - []
22:50:13,923 - []
22:50:13,996 - []
22:50:14,047 - []
22:50:14,100 - []
22:50:14,152 - []
22:50:14,202 - []
22:50:14,252 - []
22:50:14,332 - []
22:50:14,389 - []
22:50:14,441 - []
22:50:14,493 - []
22:50:14,545 - []
22:50:14,598 - []
22:50:14,653 - []
22:50:14,703 - []
22:50:14,755 - []
22:50:14,815 - []
22:50:14,873 - []
22:50:14,925 - []
22:50:14,979 - []
22:50:15,034 - []
22:50:15,086 - []
22:50:15,140 - []
22:50:15,191 - []
22:50:15,242 - []
22:50:15,293 - []
22:50:15,345 - []
22:50:15,397 - []
22:50:15,448 - []
22:50:15,500 - []
22:50:15,550 - []
22:50:15,600 - []
22:50:15,655 - []
22:50:15,705 - []
22:50:15,756 - []
22:50:15,808 - []
22:50:15,859 - []
22:50:15,910 - []
22:50:15,960 - []
22:50:16,010 - []
22:50:16,062 - []
22:50:16,113 - []
22:50:16,164 - []
22:50:16,216 - []
22:50:16,266 - []
22:50:16,316 - []
22:50:16,367 - []
22:50:16,417 - []
22:50:16,472 - []
22:50:16,523 - []
22:50:16,574 - []
22:50:16,625 - []
22:50:16,676 - []
22:50:16,726 - []
22:50:16,777 - []
22:50:16,833 - []
22:50:16,882 - []
22:50:16,936 - []
22:50:16,985 - []
22:50:17,037 - []
22:50:17,086 - []
22:50:17,137 - []
22:50:17,188 - []
22:50:17,238 - []
22:50:17,294 - []
22:50:17,343 - []
22:50:17,394 - []
22:50:17,444 - []
22:50:17,494 - []
22:50:17,544 - []
22:50:17,598 - []
22:50:17,648 - []
22:50:17,702 - []
22:50:17,754 - []
22:50:17,808 - []
22:50:17,858 - []
22:50:17,909 - []
22:50:17,959 - []
22:50:18,008 - []
22:50:18,059 - []
22:50:18,111 - []
22:50:18,160 - []
22:50:18,217 - []
22:50:18,265 - []
22:50:18,316 - []
22:50:18,368 - []
22:50:18,418 - []
22:50:18,470 - []
22:50:18,521 - []
22:50:18,571 - []
22:50:18,622 - []
22:50:18,671 - []
22:50:18,723 - []
22:50:18,774 - []
22:50:18,840 - []
22:50:18,892 - []
22:50:18,946 - []
22:50:18,994 - []
22:50:19,044 - []
22:50:19,093 - []
22:50:19,144 - []
22:50:19,192 - []
22:50:19,241 - []
22:50:19,292 - []
22:50:19,341 - []
22:50:19,394 - []
22:50:19,444 - []
22:50:19,495 - []
22:50:19,565 - []
22:50:19,618 - []
22:50:19,671 - []
22:50:19,721 - []
22:50:19,770 - []
22:50:19,820 - []
22:50:19,874 - []
22:50:19,924 - []
22:50:19,979 - []
22:50:20,034 - []
22:50:20,083 - []
22:50:20,136 - []
22:50:20,185 - []
22:50:20,236 - []
22:50:20,286 - []
22:50:20,336 - []
22:50:20,387 - []
22:50:20,439 - []
22:50:20,488 - []
22:50:20,540 - []
22:50:20,591 - []
22:50:20,640 - []
22:50:20,692 - []
22:50:20,743 - []
22:50:20,794 - []
22:50:20,846 - []
22:50:20,896 - []
22:50:20,946 - []
22:50:20,997 - []
22:50:21,045 - []
22:50:21,098 - []
22:50:21,148 - []
22:50:21,199 - []
22:50:21,250 - []
22:50:21,300 - []
22:50:21,350 - []
22:50:21,403 - []
22:50:21,454 - []
22:50:21,504 - []
22:50:21,553 - []
22:50:21,602 - []
22:50:21,653 - []
22:50:21,702 - []
22:50:21,752 - []
22:50:21,884 - []
22:50:22,030 - []
22:50:22,202 - []
22:50:22,261 - []
22:50:22,314 - []
22:50:22,364 - []
22:50:22,416 - []
22:50:22,467 - []
22:50:22,519 - []
22:50:22,570 - []
22:50:22,620 - []
22:50:22,670 - []
22:50:22,720 - []
22:50:22,770 - []
22:50:22,819 - []
22:50:22,875 - []
22:50:22,925 - []
22:50:22,977 - []
22:50:23,027 - []
22:50:23,080 - []
22:50:23,131 - []
22:50:23,180 - []
22:50:23,231 - []
22:50:23,285 - []
22:50:23,428 - []
22:50:23,597 - []
22:50:23,750 - []
22:50:23,807 - []
22:50:23,892 - []
22:50:23,945 - []
22:50:24,004 - []
22:50:24,092 - []
22:50:24,140 - []
22:50:24,188 - []
22:50:24,239 - []
22:50:24,288 - []
22:50:24,337 - []
22:50:24,385 - []
22:50:24,432 - []
22:50:24,480 - []
22:50:24,527 - []
22:50:24,574 - []
22:50:24,621 - []
22:50:24,668 - []
22:50:24,714 - []
22:50:24,763 - []
22:50:24,816 - []
22:50:24,915 - []
22:50:24,997 - []
22:50:25,077 - []
22:50:25,128 - []
22:50:25,251 - []
22:50:25,333 - []
22:50:25,386 - []
22:50:25,483 - []
22:50:25,539 - []
22:50:25,603 - []
22:50:25,676 - []
22:50:25,729 - []
22:50:25,780 - []
22:50:25,835 - []
22:50:25,886 - []
22:50:25,937 - []
22:50:25,991 - []
22:50:26,041 - []
22:50:26,093 - []
22:50:26,143 - []
22:50:26,194 - []
22:50:26,244 - []
22:50:26,293 - []
22:50:26,350 - []
22:50:26,401 - []
22:50:26,452 - []
22:50:26,503 - []
22:50:26,554 - []
22:50:26,618 - []
22:50:26,673 - []
22:50:26,722 - []
22:50:26,779 - []
22:50:26,832 - []
22:50:26,883 - []
22:50:26,934 - []
22:50:26,982 - []
22:50:27,033 - []
22:50:27,083 - []
22:50:27,133 - []
22:50:27,187 - []
22:50:27,241 - []
22:50:27,291 - []
22:50:27,341 - []
22:50:27,390 - []
22:50:27,441 - []
22:50:27,490 - []
22:50:27,541 - []
22:50:27,590 - []
22:50:27,640 - []
22:50:27,691 - []
22:50:27,741 - []
22:50:27,790 - []
22:50:27,841 - []
22:50:27,891 - []
22:50:27,939 - []
22:50:27,990 - []
22:50:28,049 - []
22:50:28,108 - []
22:50:28,160 - []
22:50:28,228 - []
22:50:28,277 - []
22:50:28,330 - []
22:50:28,380 - []
22:50:28,433 - []
22:50:28,484 - []
22:50:28,533 - []
22:50:28,583 - []
22:50:28,633 - []
22:50:28,685 - []
22:50:28,758 - []
22:50:28,808 - []
22:50:28,861 - []
22:50:28,913 - []
22:50:28,964 - []
22:50:29,014 - []
22:50:29,066 - []
22:50:29,115 - []
22:50:29,166 - []
22:50:29,216 - []
22:50:29,267 - []
22:50:29,321 - []
22:50:29,373 - []
22:50:29,423 - []
22:50:29,498 - []
22:50:29,553 - []
22:50:29,608 - []
22:50:29,663 - []
22:50:29,714 - []
22:50:29,771 - []
22:50:29,821 - []
22:50:29,876 - []
22:50:29,927 - []
22:50:29,989 - []
22:50:30,038 - []
22:50:30,096 - []
22:50:30,145 - []
22:50:30,199 - []
22:50:30,253 - []
22:50:30,308 - []
22:50:30,358 - []
22:50:30,416 - []
22:50:30,468 - []
22:50:30,521 - []
22:50:30,577 - []
22:50:30,633 - []
22:50:30,682 - []
22:50:30,742 - []
22:50:30,794 - []
22:50:30,849 - []
22:50:31,024 - []
22:50:31,261 - []
22:50:31,334 - []
22:50:31,383 - []
22:50:31,443 - []
22:50:31,499 - []
22:50:31,561 - []
22:50:31,611 - []
22:50:31,664 - []
22:50:31,714 - []
22:50:31,802 - []
22:50:31,884 - []
22:50:31,947 - []
22:50:32,001 - []
22:50:32,057 - []
22:50:32,110 - []
22:50:32,287 - []
22:50:32,368 - []
22:50:32,418 - []
22:50:32,494 - []
22:50:32,547 - []
22:50:32,648 - []
22:50:32,703 - []
22:50:32,758 - []
22:50:32,813 - []
22:50:32,928 - []
22:50:33,016 - []
22:50:33,165 - []
22:50:33,239 - []
22:50:33,303 - []
22:50:33,367 - []
22:50:33,545 - []
22:50:33,606 - []
22:50:33,659 - []
22:50:33,714 - []
22:50:33,768 - []
22:50:33,824 - []
22:50:33,880 - []
22:50:33,934 - []
22:50:33,984 - []
22:50:34,038 - []
22:50:34,090 - []
22:50:34,144 - []
22:50:34,194 - []
22:50:34,247 - []
22:50:34,298 - []
22:50:34,353 - []
22:50:34,403 - []
22:50:34,459 - []
22:50:34,509 - []
22:50:34,575 - []
22:50:34,624 - []
22:50:34,678 - []
22:50:34,727 - []
22:50:34,780 - []
22:50:34,831 - []
22:50:34,883 - []
22:50:34,932 - []
22:50:34,982 - []
22:50:35,041 - []
22:50:35,095 - []
22:50:35,145 - []
22:50:35,197 - []
22:50:35,247 - []
22:50:35,298 - []
22:50:35,347 - []
22:50:35,395 - []
22:50:35,447 - []
22:50:35,499 - []
22:50:35,556 - []
22:50:35,616 - []
22:50:35,670 - []
22:50:35,723 - []
22:50:35,792 - []
22:50:35,849 - []
22:50:35,906 - []
22:50:35,965 - []
22:50:36,018 - []
22:50:36,068 - []
22:50:36,128 - []
22:50:36,205 - []
22:50:36,298 - []
22:50:36,349 - []
22:50:36,410 - []
22:50:36,466 - []
22:50:36,517 - []
22:50:36,566 - []
22:50:36,617 - []
22:50:36,667 - []
22:50:36,717 - []
22:50:36,767 - []
22:50:36,818 - []
22:50:36,876 - []
22:50:36,928 - []
22:50:36,979 - []
22:50:37,033 - []
22:50:37,085 - []
22:50:37,135 - []
22:50:37,184 - []
22:50:37,236 - []
22:50:37,285 - []
22:50:37,337 - []
22:50:37,401 - []
22:50:37,453 - []
22:50:37,502 - []
22:50:37,556 - []
22:50:37,608 - []
22:50:37,658 - []
22:50:37,708 - []
22:50:37,760 - []
22:50:37,811 - []
22:50:37,862 - []
22:50:37,914 - []
22:50:37,964 - []
22:50:38,014 - []
22:50:38,068 - []
22:50:38,122 - []
22:50:38,174 - []
22:50:38,224 - []
22:50:38,276 - []
22:50:38,327 - []
22:50:38,378 - []
22:50:38,427 - []
22:50:38,477 - []
22:50:38,526 - []
22:50:38,577 - []
22:50:38,628 - []
22:50:38,678 - []
22:50:38,727 - []
22:50:38,784 - []
22:50:38,837 - []
22:50:38,888 - []
22:50:38,941 - []
22:50:39,000 - []
22:50:39,056 - []
22:50:39,108 - []
22:50:39,159 - []
22:50:39,210 - []
22:50:39,262 - []
22:50:39,313 - []
22:50:39,373 - []
22:50:39,443 - []
22:50:39,497 - []
22:50:39,548 - []
22:50:39,600 - []
22:50:39,657 - []
22:50:39,714 - []
22:50:39,766 - []
22:50:39,818 - []
22:50:39,868 - []
22:50:39,921 - []
22:50:39,974 - []
22:50:40,027 - []
22:50:40,090 - []
22:50:40,146 - []
22:50:40,197 - []
22:50:40,249 - []
22:50:40,303 - []
22:50:40,355 - []
22:50:40,410 - []
22:50:40,466 - []
22:50:40,517 - []
22:50:40,568 - []
22:50:40,619 - []
22:50:40,668 - []
22:50:40,718 - []
22:50:40,774 - []
22:50:40,830 - []
22:50:40,880 - []
22:50:40,930 - []
22:50:40,979 - []
22:50:41,037 - []
22:50:41,086 - []
22:50:41,139 - []
22:50:41,190 - []
22:50:41,239 - []
22:50:41,288 - []
22:50:41,336 - []
22:50:41,388 - []
22:50:41,438 - []
22:50:41,493 - []
22:50:41,551 - []
22:50:41,601 - []
22:50:41,650 - []
22:50:41,700 - []
22:50:41,752 - []
22:50:41,805 - []
22:50:41,855 - []
22:50:41,904 - []
22:50:41,955 - []
22:50:42,008 - []
22:50:42,068 - []
22:50:42,128 - []
22:50:42,178 - []
22:50:42,227 - []
22:50:42,277 - []
22:50:42,327 - []
22:50:42,385 - []
22:50:42,438 - []
22:50:42,491 - []
22:50:42,545 - []
22:50:42,595 - []
22:50:42,650 - []
22:50:42,702 - []
22:50:42,751 - []
22:50:42,802 - []
22:50:42,860 - []
22:50:42,910 - []
22:50:42,962 - []
22:50:43,014 - []
22:50:43,064 - []
22:50:43,113 - []
22:50:43,167 - []
22:50:43,225 - []
22:50:43,275 - []
22:50:43,324 - []
22:50:43,374 - []
22:50:43,424 - []
22:50:43,474 - []
22:50:43,524 - []
22:50:43,577 - []
22:50:43,628 - []
22:50:43,677 - []
22:50:43,726 - []
22:50:43,776 - []
22:50:43,830 - []
22:50:43,886 - []
22:50:43,934 - []
22:50:43,983 - []
22:50:44,033 - []
22:50:44,083 - []
22:50:44,132 - []
22:50:44,182 - []
22:50:44,231 - []
22:50:44,281 - []
22:50:44,351 - []
22:50:44,404 - []
22:50:44,457 - []
22:50:44,509 - []
22:50:44,560 - []
22:50:44,618 - []
22:50:44,645 - []
22:50:44,674 - []
22:50:44,729 - []
22:50:44,740 - []
22:50:44,774 - []
22:50:44,780 - []
22:50:44,792 - action Bot_1 sendMessage(Human_1,my name is software agent and we are going to work together to deliver colored blocks as fast as possible in the sequence indicated)
22:50:44,793 - Costfunction triggered: -1.0
22:50:44,793 - action Human_1 receiveMessage(Bot_1,my name is software agent and we are going to work together to deliver colored blocks as fast as possible in the sequence indicated)
22:50:44,808 - []
22:50:44,831 - [[Bot_1, my name is software agent and we are going to work together to deliver colored blocks as fast as possible in the sequence indicated]]
22:50:44,885 - []
22:50:44,956 - []
22:50:44,987 - []
22:50:45,006 - []
22:50:45,056 - []
22:50:45,106 - []
22:50:45,164 - []
22:50:45,221 - []
22:50:45,260 - []
22:50:45,280 - []
22:50:45,340 - []
22:50:45,393 - []
22:50:45,448 - []
22:50:45,500 - []
22:50:45,552 - []
22:50:45,604 - []
22:50:45,633 - []
22:50:45,654 - []
22:50:45,705 - []
22:50:45,758 - []
22:50:45,809 - []
22:50:45,862 - []
22:50:45,913 - []
22:50:45,965 - []
22:50:46,026 - []
22:50:46,076 - []
22:50:46,104 - []
22:50:46,129 - []
22:50:46,212 - []
22:50:46,266 - []
22:50:46,320 - []
22:50:46,372 - []
22:50:46,426 - []
22:50:46,490 - []
22:50:46,542 - []
22:50:46,595 - []
22:50:46,650 - []
22:50:46,681 - []
22:50:46,699 - []
22:50:46,750 - []
22:50:46,799 - []
22:50:46,852 - []
22:50:46,901 - []
22:50:46,950 - []
22:50:47,009 - []
22:50:47,086 - []
22:50:47,139 - []
22:50:47,191 - []
22:50:47,246 - []
22:50:47,303 - []
22:50:47,357 - []
22:50:47,370 - []
22:50:47,411 - []
22:50:47,461 - []
22:50:47,512 - []
22:50:47,559 - []
22:50:47,611 - []
22:50:47,659 - []
22:50:47,711 - []
22:50:47,765 - []
22:50:47,814 - []
22:50:47,867 - []
22:50:47,921 - []
22:50:47,971 - []
22:50:48,025 - []
22:50:48,084 - []
22:50:48,138 - []
22:50:48,161 - []
22:50:48,185 - []
22:50:48,237 - []
22:50:48,286 - []
22:50:48,336 - []
22:50:48,385 - []
22:50:48,436 - []
22:50:48,493 - []
22:50:48,545 - []
22:50:48,598 - []
22:50:48,652 - []
22:50:48,706 - []
22:50:48,759 - []
22:50:48,808 - []
22:50:48,857 - []
22:50:48,904 - []
22:50:48,952 - []
22:50:48,999 - []
22:50:49,035 - []
22:50:49,083 - []
22:50:49,145 - []
22:50:49,224 - []
22:50:49,279 - []
22:50:49,338 - []
22:50:49,392 - []
22:50:49,451 - []
22:50:49,508 - []
22:50:49,559 - []
22:50:49,610 - []
22:50:49,661 - []
22:50:49,711 - []
22:50:49,762 - []
22:50:49,817 - []
22:50:49,868 - []
22:50:49,924 - []
22:50:49,984 - []
22:50:50,010 - []
22:50:50,040 - []
22:50:50,093 - []
22:50:50,149 - []
22:50:50,205 - []
22:50:50,256 - []
22:50:50,308 - []
22:50:50,361 - []
22:50:50,413 - []
22:50:50,475 - []
22:50:50,533 - []
22:50:50,588 - []
22:50:50,645 - []
22:50:50,703 - []
22:50:50,758 - []
22:50:50,909 - []
22:50:50,958 - []
22:50:51,006 - []
22:50:51,055 - []
22:50:51,090 - []
22:50:51,103 - []
22:50:51,159 - []
22:50:51,270 - []
22:50:51,410 - []
22:50:51,491 - []
22:50:51,586 - []
22:50:51,649 - []
22:50:51,725 - []
22:50:51,786 - []
22:50:51,857 - []
22:50:51,906 - []
22:50:51,955 - []
22:50:52,034 - []
22:50:52,096 - []
22:50:52,163 - []
22:50:52,180 - []
22:50:52,273 - []
22:50:52,374 - []
22:50:52,445 - []
22:50:52,509 - []
22:50:52,576 - []
22:50:52,655 - []
22:50:52,706 - []
22:50:52,770 - []
22:50:52,864 - []
22:50:52,923 - []
22:50:53,006 - []
22:50:53,085 - []
22:50:53,239 - []
22:50:53,445 - []
22:50:53,529 - []
22:50:53,590 - []
22:50:53,666 - []
22:50:53,724 - []
22:50:53,802 - []
22:50:53,855 - []
22:50:53,917 - []
22:50:53,970 - []
22:50:54,033 - []
22:50:54,115 - []
22:50:54,182 - []
22:50:54,264 - []
22:50:54,389 - []
22:50:54,393 - []
22:50:54,474 - []
22:50:54,530 - []
22:50:54,577 - []
22:50:54,631 - []
22:50:54,683 - []
22:50:54,740 - []
22:50:54,788 - []
22:50:54,836 - []
22:50:54,955 - []
22:50:55,012 - []
22:50:55,075 - []
22:50:55,163 - []
22:50:55,231 - []
22:50:55,287 - []
22:50:55,371 - []
22:50:55,452 - []
22:50:55,471 - []
22:50:55,501 - []
22:50:55,549 - []
22:50:55,618 - []
22:50:55,688 - []
22:50:55,735 - []
22:50:55,861 - []
22:50:55,923 - []
22:50:56,009 - []
22:50:56,109 - []
22:50:56,207 - []
22:50:56,329 - []
22:50:56,381 - []
22:50:56,444 - []
22:50:56,495 - []
22:50:56,545 - []
22:50:56,549 - []
22:50:56,658 - []
22:50:56,779 - []
22:50:56,872 - []
22:50:56,958 - []
22:50:57,045 - []
22:50:57,136 - []
22:50:57,380 - []
22:50:57,452 - []
22:50:57,616 - []
22:50:57,837 - []
22:50:58,028 - []
22:50:58,206 - []
22:50:58,309 - []
22:50:58,401 - []
22:50:58,474 - []
22:50:58,520 - []
22:50:58,666 - []
22:50:58,687 - []
22:50:58,857 - []
22:50:59,021 - []
22:50:59,078 - []
22:50:59,254 - []
22:50:59,324 - []
22:50:59,457 - []
22:50:59,528 - []
22:50:59,581 - []
22:50:59,641 - []
22:50:59,692 - []
22:50:59,749 - []
22:50:59,759 - []
22:50:59,866 - []
22:50:59,885 - []
22:50:59,911 - []
22:50:59,935 - []
22:50:59,937 - action Bot_1 goTo(RoomA1)
22:51:00,004 - []
22:51:00,031 - []
22:51:00,055 - []
22:51:00,076 - []
22:51:00,097 - action Bot_1 sendMessage(Human_1,I am going to Room A1 to search for the Blue block)
22:51:00,097 - Costfunction triggered: -1.0
22:51:00,097 - action Human_1 receiveMessage(Bot_1,I am going to Room A1 to search for the Blue block)
22:51:00,112 - []
22:51:00,127 - [[Bot_1, I am going to Room A1 to search for the Blue block]]
22:51:00,197 - []
22:51:00,273 - []
22:51:00,287 - []
22:51:00,331 - []
22:51:00,420 - []
22:51:00,517 - []
22:51:00,566 - []
22:51:00,592 - []
22:51:00,652 - []
22:51:00,743 - []
22:51:00,823 - []
22:51:00,878 - []
22:51:00,939 - []
22:51:00,969 - []
22:51:01,096 - []
22:51:01,319 - []
22:51:01,412 - []
22:51:01,587 - []
22:51:01,677 - []
22:51:01,745 - []
22:51:01,813 - []
22:51:01,985 - []
22:51:02,005 - []
22:51:02,133 - []
22:51:02,414 - []
22:51:02,479 - []
22:51:02,660 - []
22:51:02,866 - []
22:51:03,220 - []
22:51:03,290 - []
22:51:03,352 - []
22:51:03,421 - []
22:51:03,437 - []
22:51:03,476 - []
22:51:03,540 - []
22:51:03,596 - []
22:51:03,709 - []
22:51:03,786 - []
22:51:03,858 - []
22:51:03,952 - []
22:51:04,055 - []
22:51:04,112 - []
22:51:04,168 - []
22:51:04,223 - []
22:51:04,272 - []
22:51:04,313 - []
22:51:04,327 - []
22:51:04,375 - []
22:51:04,462 - []
22:51:04,599 - []
22:51:04,655 - []
22:51:04,717 - []
22:51:04,828 - []
22:51:04,915 - []
22:51:04,972 - []
22:51:05,055 - []
22:51:05,108 - []
22:51:05,156 - []
22:51:05,205 - []
22:51:05,259 - []
22:51:05,331 - []
22:51:05,403 - []
22:51:05,493 - []
22:51:05,578 - []
22:51:05,670 - []
22:51:05,730 - []
22:51:05,783 - []
22:51:05,831 - []
22:51:05,880 - []
22:51:06,009 - []
22:51:06,073 - []
22:51:06,131 - []
22:51:06,139 - []
22:51:06,218 - []
22:51:06,266 - []
22:51:06,315 - []
22:51:06,317 - []
22:51:06,379 - []
22:51:06,433 - []
22:51:06,488 - []
22:51:06,552 - []
22:51:06,588 - []
22:51:06,625 - []
22:51:06,677 - []
22:51:06,743 - []
22:51:06,814 - []
22:51:06,867 - []
22:51:07,023 - []
22:51:07,027 - []
22:51:07,070 - []
22:51:07,118 - []
22:51:07,180 - []
22:51:07,263 - []
22:51:07,320 - []
22:51:07,371 - []
22:51:07,419 - []
22:51:07,473 - []
22:51:07,500 - []
22:51:07,526 - []
22:51:07,590 - []
22:51:07,648 - []
22:51:07,702 - []
22:51:07,770 - []
22:51:07,824 - []
22:51:07,875 - []
22:51:07,922 - []
22:51:07,977 - []
22:51:08,057 - []
22:51:08,070 - []
22:51:08,105 - []
22:51:08,194 - []
22:51:08,281 - []
22:51:08,330 - []
22:51:08,381 - []
22:51:08,438 - []
22:51:08,491 - []
22:51:08,540 - []
22:51:08,591 - []
22:51:08,645 - []
22:51:08,698 - []
22:51:08,742 - []
22:51:08,756 - []
22:51:08,820 - []
22:51:08,868 - []
22:51:08,920 - []
22:51:08,974 - []
22:51:09,048 - []
22:51:09,104 - []
22:51:09,163 - []
22:51:09,235 - []
22:51:09,284 - []
22:51:09,332 - []
22:51:09,389 - []
22:51:09,474 - []
22:51:09,514 - []
22:51:09,523 - []
22:51:09,574 - []
22:51:09,622 - []
22:51:09,680 - []
22:51:09,738 - []
22:51:09,790 - []
22:51:09,841 - []
22:51:09,893 - []
22:51:09,949 - []
22:51:10,000 - []
22:51:10,055 - []
22:51:10,101 - []
22:51:10,163 - []
22:51:10,224 - []
22:51:10,299 - []
22:51:10,387 - []
22:51:10,452 - []
22:51:10,504 - []
22:51:10,645 - []
22:51:10,786 - []
22:51:10,894 - []
22:51:11,043 - []
22:51:11,122 - []
22:51:11,166 - []
22:51:11,303 - []
22:51:11,338 - []
22:51:11,401 - []
22:51:11,489 - []
22:51:11,584 - []
22:51:11,611 - []
22:51:11,697 - []
22:51:11,752 - []
22:51:11,818 - []
22:51:11,890 - []
22:51:11,986 - []
22:51:12,005 - []
22:51:12,129 - []
22:51:12,219 - []
22:51:12,336 - []
22:51:12,413 - []
22:51:12,459 - []
22:51:12,504 - []
22:51:12,610 - []
22:51:12,721 - []
22:51:12,838 - []
22:51:12,919 - []
22:51:13,011 - []
22:51:13,030 - []
22:51:13,101 - []
22:51:13,184 - []
22:51:13,247 - []
22:51:13,355 - []
22:51:13,452 - []
22:51:13,577 - []
22:51:13,706 - []
22:51:13,720 - []
22:51:13,821 - []
22:51:13,917 - []
22:51:14,024 - []
22:51:14,161 - []
22:51:14,248 - []
22:51:14,371 - []
22:51:14,478 - []
22:51:14,491 - []
22:51:14,614 - []
22:51:14,725 - []
22:51:14,780 - []
22:51:14,856 - []
22:51:14,931 - []
22:51:15,018 - []
22:51:15,091 - []
22:51:15,194 - []
22:51:15,363 - []
22:51:15,382 - []
22:51:15,385 - action Bot_1 sendMessage(Human_1,There is a Orange block in RoomA1 belief)
22:51:15,385 - Costfunction triggered: -1.0
22:51:15,386 - action Human_1 receiveMessage(Bot_1,There is a Orange block in RoomA1 belief)
22:51:15,392 - []
22:51:15,408 - action Bot_1 sendMessage(Human_1,There is a Orange block in RoomA1 belief)
22:51:15,408 - Costfunction triggered: -1.0
22:51:15,409 - action Human_1 receiveMessage(Bot_1,There is a Orange block in RoomA1 belief)
22:51:15,414 - []
22:51:15,439 - action Bot_1 goToBlock(49)
22:51:15,442 - []
22:51:15,444 - [[Bot_1, There is a Orange block in RoomA1 belief], [Bot_1, There is a Orange block in RoomA1 belief]]
22:51:15,465 - []
22:51:15,501 - []
22:51:15,525 - []
22:51:15,581 - []
22:51:15,598 - []
22:51:15,722 - []
22:51:15,769 - []
22:51:15,814 - []
22:51:15,941 - []
22:51:16,021 - []
22:51:16,046 - []
22:51:16,118 - []
22:51:16,231 - []
22:51:16,293 - []
22:51:16,416 - []
22:51:16,422 - []
22:51:16,512 - []
22:51:16,586 - []
22:51:16,654 - []
22:51:16,761 - []
22:51:16,836 - []
22:51:16,893 - []
22:51:16,954 - []
22:51:17,081 - []
22:51:17,251 - []
22:51:17,366 - []
22:51:17,464 - []
22:51:17,476 - []
22:51:17,617 - []
22:51:17,717 - []
22:51:17,790 - []
22:51:17,886 - []
22:51:18,010 - []
22:51:18,119 - []
22:51:18,136 - []
22:51:18,202 - []
22:51:18,418 - []
22:51:18,533 - []
22:51:18,549 - []
22:51:18,571 - []
22:51:18,585 - action Bot_1 goTo(RoomA2)
22:51:18,598 - []
22:51:18,605 - []
22:51:18,628 - []
22:51:18,648 - action Bot_1 sendMessage(Human_1,I am going to Room A2 to search for the Blue block)
22:51:18,649 - Costfunction triggered: -1.0
22:51:18,649 - action Human_1 receiveMessage(Bot_1,I am going to Room A2 to search for the Blue block)
22:51:18,665 - []
22:51:18,775 - [[Bot_1, I am going to Room A2 to search for the Blue block]]
22:51:18,838 - []
22:51:18,840 - []
22:51:18,945 - []
22:51:19,098 - []
22:51:19,110 - []
22:51:19,235 - []
22:51:19,393 - []
22:51:19,480 - []
22:51:19,582 - []
22:51:19,715 - []
22:51:19,857 - []
22:51:19,950 - []
22:51:19,982 - []
22:51:20,066 - []
22:51:20,198 - []
22:51:20,360 - []
22:51:20,464 - []
22:51:20,522 - []
22:51:20,596 - []
22:51:20,712 - []
22:51:20,813 - []
22:51:20,914 - []
22:51:21,018 - []
22:51:21,118 - []
22:51:21,192 - []
22:51:21,404 - []
22:51:21,416 - []
22:51:21,541 - []
22:51:21,586 - []
22:51:21,704 - []
22:51:21,821 - []
22:51:21,856 - []
22:51:21,906 - []
22:51:22,022 - []
22:51:22,131 - []
22:51:22,227 - []
22:51:22,230 - []
22:51:22,651 - []
22:51:22,696 - []
22:51:22,711 - action Bot_1 sendMessage(Human_1,There is a Green block in RoomA2 belief)
22:51:22,712 - Costfunction triggered: -1.0
22:51:22,712 - action Human_1 receiveMessage(Bot_1,There is a Green block in RoomA2 belief)
22:51:22,719 - []
22:51:22,737 - action Bot_1 sendMessage(Human_1,There is a Green block in RoomA2 belief)
22:51:22,737 - Costfunction triggered: -1.0
22:51:22,737 - action Human_1 receiveMessage(Bot_1,There is a Green block in RoomA2 belief)
22:51:22,744 - []
22:51:22,763 - action Bot_1 sendMessage(Human_1,There is a Yellow block in RoomA2 belief)
22:51:22,764 - Costfunction triggered: -1.0
22:51:22,764 - action Human_1 receiveMessage(Bot_1,There is a Yellow block in RoomA2 belief)
22:51:22,771 - []
22:51:22,794 - []
22:51:22,806 - [[Bot_1, There is a Green block in RoomA2 belief], [Bot_1, There is a Green block in RoomA2 belief], [Bot_1, There is a Yellow block in RoomA2 belief]]
22:51:22,817 - []
22:51:22,840 - []
22:51:22,911 - []
22:51:22,921 - []
22:51:23,085 - []
22:51:23,157 - []
22:51:23,361 - []
22:51:23,414 - []
22:51:23,540 - []
22:51:23,648 - []
22:51:23,736 - []
22:51:24,178 - []
22:51:24,205 - []
22:51:24,250 - []
22:51:24,436 - []
22:51:24,548 - []
22:51:24,687 - []
22:51:24,726 - []
22:51:24,844 - []
22:51:24,857 - []
22:51:24,950 - []
22:51:25,125 - []
22:51:25,130 - []
22:51:25,345 - []
22:51:25,496 - []
22:51:25,498 - []
22:51:25,620 - []
22:51:25,792 - []
22:51:25,840 - []
22:51:25,861 - []
22:51:25,874 - action Bot_1 goTo(RoomA3)
22:51:25,882 - []
22:51:25,891 - []
22:51:25,911 - []
22:51:25,922 - action Bot_1 sendMessage(Human_1,I am going to Room A3 to search for the Blue block)
22:51:25,922 - Costfunction triggered: -1.0
22:51:25,922 - action Human_1 receiveMessage(Bot_1,I am going to Room A3 to search for the Blue block)
22:51:25,930 - []
22:51:25,965 - [[Bot_1, I am going to Room A3 to search for the Blue block]]
22:51:26,000 - []
22:51:26,124 - []
22:51:26,171 - []
22:51:26,412 - []
22:51:26,442 - []
22:51:26,596 - []
22:51:26,812 - []
22:51:26,836 - []
22:51:27,017 - []
22:51:27,124 - []
22:51:27,201 - []
22:51:27,283 - []
22:51:27,486 - []
22:51:27,599 - []
22:51:27,824 - []
22:51:27,852 - []
22:51:28,065 - []
22:51:28,285 - []
22:51:28,533 - []
22:51:28,615 - []
22:51:28,744 - []
22:51:28,762 - []
22:51:28,770 - []
22:51:28,804 - []
22:51:28,899 - []
22:51:28,973 - []
22:51:29,030 - []
22:51:29,192 - []
22:51:29,247 - []
22:51:29,485 - []
22:51:29,551 - []
22:51:29,624 - []
22:51:29,645 - []
22:51:29,667 - []
22:51:29,685 - []
22:51:29,818 - []
22:51:30,028 - []
22:51:30,155 - []
22:51:30,246 - []
22:51:30,622 - []
22:51:30,724 - []
22:51:30,839 - []
22:51:31,020 - []
22:51:31,201 - []
22:51:31,337 - []
22:51:31,393 - []
22:51:31,460 - []
22:51:31,637 - []
22:51:31,852 - []
22:51:31,951 - []
22:51:32,123 - []
22:51:32,186 - []
22:51:32,284 - []
22:51:32,394 - []
22:51:32,587 - []
22:51:32,687 - []
22:51:32,705 - []
22:51:32,715 - action Bot_1 goTo(RoomB3)
22:51:32,734 - []
22:51:32,755 - []
22:51:32,765 - action Bot_1 sendMessage(Human_1,I am going to Room B3 to search for the Blue block)
22:51:32,765 - Costfunction triggered: -1.0
22:51:32,766 - action Human_1 receiveMessage(Bot_1,I am going to Room B3 to search for the Blue block)
22:51:32,779 - []
22:51:32,802 - [[Bot_1, I am going to Room B3 to search for the Blue block]]
22:51:32,950 - []
22:51:32,993 - []
22:51:33,220 - []
22:51:33,375 - []
22:51:33,588 - []
22:51:33,714 - []
22:51:33,823 - []
22:51:33,992 - []
22:51:34,058 - []
22:51:34,271 - []
22:51:34,569 - []
22:51:34,627 - []
22:51:34,849 - []
22:51:35,093 - []
22:51:35,297 - []
22:51:35,404 - []
22:51:35,694 - []
22:51:35,799 - []
22:51:36,066 - []
22:51:36,068 - []
22:51:36,140 - []
22:51:36,530 - []
22:51:36,743 - []
22:51:36,938 - []
22:51:37,016 - []
22:51:37,314 - []
22:51:37,849 - []
22:51:37,908 - []
22:51:38,124 - []
22:51:38,454 - []
22:51:38,646 - []
22:51:38,800 - []
22:51:38,856 - []
22:51:38,970 - []
22:51:39,241 - []
22:51:39,256 - []
22:51:39,611 - []
22:51:39,631 - []
22:51:39,865 - []
22:51:40,080 - []
22:51:40,139 - []
22:51:40,652 - []
22:51:40,669 - action Bot_1 sendMessage(Human_1,There is a Pink block in RoomB3 belief)
22:51:40,669 - Costfunction triggered: -1.0
22:51:40,670 - action Human_1 receiveMessage(Bot_1,There is a Pink block in RoomB3 belief)
22:51:40,675 - []
22:51:40,688 - action Bot_1 sendMessage(Human_1,There is a Yellow block in RoomB3 belief)
22:51:40,689 - Costfunction triggered: -1.0
22:51:40,689 - action Human_1 receiveMessage(Bot_1,There is a Yellow block in RoomB3 belief)
22:51:40,694 - []
22:51:40,720 - []
22:51:40,741 - []
22:51:40,760 - []
22:51:40,819 - [[Bot_1, There is a Pink block in RoomB3 belief], [Bot_1, There is a Yellow block in RoomB3 belief]]
22:51:40,832 - []
22:51:41,005 - []
22:51:41,182 - []
22:51:41,277 - []
22:51:41,486 - []
22:51:41,646 - []
22:51:41,648 - []
22:51:42,000 - []
22:51:42,117 - []
22:51:42,396 - []
22:51:42,686 - []
22:51:42,899 - []
22:51:43,179 - []
22:51:43,357 - []
22:51:43,600 - []
22:51:43,760 - []
22:51:43,779 - []
22:51:43,791 - action Bot_1 goTo(RoomB2)
22:51:43,808 - []
22:51:43,829 - []
22:51:43,843 - action Bot_1 sendMessage(Human_1,I am going to Room B2 to search for the Blue block)
22:51:43,843 - Costfunction triggered: -1.0
22:51:43,843 - action Human_1 receiveMessage(Bot_1,I am going to Room B2 to search for the Blue block)
22:51:43,851 - []
22:51:43,921 - []
22:51:44,072 - [[Bot_1, I am going to Room B2 to search for the Blue block]]
22:51:44,095 - []
22:51:44,366 - []
22:51:44,386 - []
22:51:44,736 - []
22:51:44,751 - []
22:51:45,059 - []
22:51:45,205 - []
22:51:45,420 - []
22:51:45,631 - []
22:51:45,775 - []
22:51:45,883 - []
22:51:46,215 - []
22:51:46,444 - []
22:51:46,456 - []
22:51:46,696 - []
22:51:46,719 - []
22:51:46,769 - []
22:51:46,939 - []
22:51:47,036 - []
22:51:47,209 - []
22:51:47,314 - []
22:51:47,578 - []
22:51:47,592 - action Bot_1 goToBlock(52)
22:51:47,601 - []
22:51:47,613 - action Bot_1 sendMessage(Human_1,There is a Yellow block in RoomB2 belief)
22:51:47,613 - Costfunction triggered: -1.0
22:51:47,614 - action Human_1 receiveMessage(Bot_1,There is a Yellow block in RoomB2 belief)
22:51:47,623 - []
22:51:47,644 - []
22:51:47,664 - []
22:51:47,684 - []
22:51:47,692 - [[Bot_1, There is a Yellow block in RoomB2 belief]]
22:51:47,706 - []
22:51:47,726 - []
22:51:47,798 - []
22:51:47,972 - []
22:51:48,076 - []
22:51:48,243 - []
22:51:48,289 - []
22:51:48,615 - []
22:51:48,667 - []
22:51:48,728 - []
22:51:48,739 - action Bot_1 pickUp(52)
22:51:48,759 - []
22:51:48,782 - []
22:51:48,802 - []
22:51:48,813 - action Bot_1 sendMessage(Human_1,I am going to drop the Blue block Please find the Green block )
22:51:48,813 - Costfunction triggered: -1.0
22:51:48,814 - action Human_1 receiveMessage(Bot_1,I am going to drop the Blue block Please find the Green block )
22:51:48,829 - []
22:51:48,975 - [[Bot_1, I am going to drop the Blue block Please find the Green block ]]
22:51:49,001 - []
22:51:49,272 - []
22:51:49,374 - []
22:51:49,585 - []
22:51:49,641 - []
22:51:49,849 - []
22:51:49,860 - action Bot_1 goTo(DropZone)
22:51:49,871 - []
22:51:49,895 - []
22:51:49,942 - []
22:51:50,112 - []
22:51:50,369 - []
22:51:50,383 - []
22:51:50,670 - []
22:51:50,706 - []
22:51:50,878 - []
22:51:50,982 - []
22:51:51,149 - []
22:51:51,231 - []
22:51:51,521 - []
22:51:51,753 - []
22:51:51,897 - []
22:51:52,070 - []
22:51:52,251 - []
22:51:52,342 - []
22:51:52,546 - []
22:51:52,714 - []
22:51:52,835 - []
22:51:52,979 - []
22:51:53,171 - []
22:51:53,187 - []
22:51:53,376 - []
22:51:53,602 - []
22:51:53,644 - []
22:51:53,789 - []
22:51:53,814 - []
22:51:54,045 - []
22:51:54,083 - []
22:51:54,296 - []
22:51:54,453 - []
22:51:54,587 - []
22:51:54,805 - []
22:51:54,923 - []
22:51:55,002 - []
22:51:55,450 - []
22:51:55,491 - []
22:51:55,694 - []
22:51:55,785 - []
22:51:56,052 - []
22:51:56,160 - []
22:51:56,239 - []
22:51:56,781 - []
22:51:56,929 - []
22:51:57,032 - []
22:51:57,280 - []
22:51:57,540 - []
22:51:57,800 - []
22:51:57,901 - []
22:51:58,220 - []
22:51:58,622 - []
22:51:58,849 - []
22:51:59,119 - []
22:51:59,461 - []
22:51:59,656 - []
22:51:59,845 - []
22:51:59,936 - []
22:52:00,071 - []
22:52:00,429 - []
22:52:00,916 - []
22:52:01,399 - []
22:52:01,660 - []
22:52:01,953 - []
22:52:01,983 - []
22:52:02,270 - []
22:52:02,489 - []
22:52:02,586 - []
22:52:02,941 - []
22:52:03,052 - []
22:52:03,178 - []
22:52:03,503 - []
22:52:03,594 - []
22:52:03,804 - []
22:52:03,945 - []
22:52:04,122 - []
22:52:04,124 - []
22:52:04,376 - []
22:52:04,799 - []
22:52:05,043 - []
22:52:05,192 - []
22:52:05,204 - action Bot_1 putDown
22:52:05,221 - []
22:52:05,225 - []
22:52:05,245 - []
22:52:05,264 - []
22:52:05,433 - []
22:52:05,524 - []
22:52:05,657 - []
22:52:05,706 - []
22:52:05,783 - []
22:52:05,995 - []
22:52:06,077 - []
22:52:06,235 - []
22:52:06,248 - []
22:52:06,275 - []
22:52:06,297 - []
22:52:06,309 - action Bot_1 goTo(RoomB1)
22:52:06,327 - []
22:52:06,352 - []
22:52:06,368 - action Bot_1 sendMessage(Human_1,I am going to Room B1 to search for the Green block)
22:52:06,369 - Costfunction triggered: -1.0
22:52:06,369 - action Human_1 receiveMessage(Bot_1,I am going to Room B1 to search for the Green block)
22:52:06,387 - []
22:52:06,399 - [[Bot_1, I am going to Room B1 to search for the Green block]]
22:52:06,559 - []
22:52:06,569 - []
22:52:06,824 - []
22:52:06,831 - []
22:52:07,140 - []
22:52:07,201 - []
22:52:07,480 - []
22:52:07,672 - []
22:52:07,713 - []
22:52:07,966 - []
22:52:08,175 - []
22:52:08,240 - []
22:52:08,475 - []
22:52:08,796 - []
22:52:08,911 - []
22:52:09,018 - []
22:52:09,099 - []
22:52:09,465 - []
22:52:09,679 - []
22:52:09,815 - []
22:52:10,026 - []
22:52:10,159 - []
22:52:10,390 - []
22:52:10,549 - []
22:52:10,636 - []
22:52:10,850 - []
22:52:11,102 - []
22:52:11,385 - []
22:52:11,580 - []
22:52:11,676 - []
22:52:11,831 - []
22:52:12,047 - []
22:52:12,139 - []
22:52:12,410 - []
22:52:12,480 - []
22:52:12,578 - []
22:52:12,747 - []
22:52:12,849 - []
22:52:12,965 - []
22:52:13,207 - []
22:52:13,217 - []
22:52:13,523 - []
22:52:13,689 - []
22:52:13,745 - []
22:52:13,823 - []
22:52:14,077 - []
22:52:14,157 - []
22:52:14,258 - []
22:52:14,267 - []
22:52:14,527 - []
22:52:14,719 - []
22:52:14,836 - []
22:52:14,927 - []
22:52:15,022 - []
22:52:15,221 - []
22:52:15,516 - []
22:52:15,697 - []
22:52:15,720 - []
22:52:15,860 - []
22:52:15,968 - []
22:52:16,093 - []
22:52:16,295 - []
22:52:16,565 - []
22:52:16,622 - []
22:52:16,890 - []
22:52:17,151 - []
22:52:17,286 - []
22:52:17,475 - []
22:52:17,535 - []
22:52:17,654 - []
22:52:17,838 - []
22:52:17,998 - []
22:52:18,107 - []
22:52:18,260 - []
22:52:18,515 - []
22:52:18,606 - []
22:52:18,620 - action Bot_1 sendMessage(Human_1,There is a Red block in RoomB1 belief)
22:52:18,621 - Costfunction triggered: -1.0
22:52:18,621 - action Human_1 receiveMessage(Bot_1,There is a Red block in RoomB1 belief)
22:52:18,628 - []
22:52:18,639 - action Bot_1 sendMessage(Human_1,There is a Pink block in RoomB1 belief)
22:52:18,639 - Costfunction triggered: -1.0
22:52:18,639 - action Human_1 receiveMessage(Bot_1,There is a Pink block in RoomB1 belief)
22:52:18,648 - []
22:52:18,657 - action Bot_1 sendMessage(Human_1,There is a Blue block in RoomB1 belief)
22:52:18,657 - Costfunction triggered: -1.0
22:52:18,658 - action Human_1 receiveMessage(Bot_1,There is a Blue block in RoomB1 belief)
22:52:18,659 - [[Bot_1, There is a Red block in RoomB1 belief], [Bot_1, There is a Pink block in RoomB1 belief], [Bot_1, There is a Blue block in RoomB1 belief]]
22:52:18,666 - []
22:52:18,684 - []
22:52:18,704 - []
22:52:18,723 - []
22:52:18,792 - []
22:52:18,960 - []
22:52:18,996 - []
22:52:19,143 - []
22:52:19,228 - []
22:52:19,411 - []
22:52:19,492 - []
22:52:19,598 - []
22:52:19,772 - []
22:52:20,068 - []
22:52:20,074 - []
22:52:20,167 - []
22:52:20,551 - []
22:52:20,638 - []
22:52:20,852 - []
22:52:20,947 - []
22:52:21,194 - []
22:52:21,308 - []
22:52:21,718 - []
22:52:21,723 - []
22:52:21,741 - []
22:52:21,750 - action Bot_1 goTo(RoomC1)
22:52:21,767 - []
22:52:21,787 - []
22:52:21,798 - action Bot_1 sendMessage(Human_1,I am going to Room C1 to search for the Green block)
22:52:21,799 - Costfunction triggered: -1.0
22:52:21,799 - action Human_1 receiveMessage(Bot_1,I am going to Room C1 to search for the Green block)
22:52:21,807 - []
22:52:21,875 - []
22:52:21,937 - [[Bot_1, I am going to Room C1 to search for the Green block]]
22:52:22,044 - []
22:52:22,075 - []
22:52:22,226 - []
22:52:22,313 - []
22:52:22,632 - []
22:52:22,682 - []
22:52:22,819 - []
22:52:23,025 - []
22:52:23,150 - []
22:52:23,250 - []
22:52:23,428 - []
22:52:23,546 - []
22:52:23,631 - []
22:52:23,718 - []
22:52:23,733 - []
22:52:23,916 - []
22:52:24,043 - []
22:52:24,207 - []
22:52:24,285 - []
22:52:24,389 - []
22:52:24,441 - []
22:52:24,572 - []
22:52:24,649 - []
22:52:24,685 - []
22:52:24,688 - []
22:52:24,777 - []
22:52:24,857 - []
22:52:24,921 - []
22:52:25,122 - []
22:52:25,126 - []
22:52:25,374 - []
22:52:25,494 - []
22:52:25,503 - []
22:52:25,602 - []
22:52:25,731 - []
22:52:25,792 - []
22:52:25,925 - []
22:52:25,962 - []
22:52:26,015 - []
22:52:26,105 - []
22:52:26,317 - []
22:52:26,524 - []
22:52:26,529 - []
22:52:26,663 - []
22:52:26,823 - []
22:52:26,931 - []
22:52:27,063 - []
22:52:27,199 - []
22:52:27,220 - []
22:52:27,396 - []
22:52:27,472 - []
22:52:27,615 - []
22:52:27,731 - []
22:52:27,824 - []
22:52:27,826 - []
22:52:27,995 - []
22:52:28,024 - []
22:52:28,124 - []
22:52:28,265 - []
22:52:28,400 - []
22:52:28,545 - []
22:52:28,632 - []
22:52:28,719 - []
22:52:28,853 - []
22:52:28,963 - []
22:52:29,103 - []
22:52:29,156 - []
22:52:29,330 - []
22:52:29,627 - []
22:52:29,674 - []
22:52:29,686 - action Bot_1 sendMessage(Human_1,There is a White block in RoomC1 belief)
22:52:29,686 - Costfunction triggered: -1.0
22:52:29,686 - action Human_1 receiveMessage(Bot_1,There is a White block in RoomC1 belief)
22:52:29,695 - []
22:52:29,705 - action Bot_1 sendMessage(Human_1,There is a Red block in RoomC1 belief)
22:52:29,705 - Costfunction triggered: -1.0
22:52:29,706 - action Human_1 receiveMessage(Bot_1,There is a Red block in RoomC1 belief)
22:52:29,715 - []
22:52:29,726 - [[Bot_1, There is a White block in RoomC1 belief], [Bot_1, There is a Red block in RoomC1 belief]]
22:52:29,728 - action Bot_1 sendMessage(Human_1,There is a Yellow block in RoomC1 belief)
22:52:29,728 - Costfunction triggered: -1.0
22:52:29,729 - action Human_1 receiveMessage(Bot_1,There is a Yellow block in RoomC1 belief)
22:52:29,735 - []
22:52:29,750 - action Bot_1 sendMessage(Human_1,There is a Red block in RoomC1 belief)
22:52:29,750 - Costfunction triggered: -1.0
22:52:29,751 - action Human_1 receiveMessage(Bot_1,There is a Red block in RoomC1 belief)
22:52:29,755 - []
22:52:29,765 - action Bot_1 sendMessage(Human_1,There is a Pink block in RoomC1 belief)
22:52:29,766 - Costfunction triggered: -1.0
22:52:29,766 - action Human_1 receiveMessage(Bot_1,There is a Pink block in RoomC1 belief)
22:52:29,775 - []
22:52:29,798 - []
22:52:29,811 - action Bot_1 goToBlock(47)
22:52:29,820 - []
22:52:29,839 - []
22:52:29,909 - []
22:52:29,923 - [[Bot_1, There is a Yellow block in RoomC1 belief], [Bot_1, There is a Red block in RoomC1 belief], [Bot_1, There is a Pink block in RoomC1 belief]]
22:52:30,077 - []
22:52:30,080 - []
22:52:30,350 - []
22:52:30,364 - []
22:52:30,619 - []
22:52:30,718 - []
22:52:30,813 - []
22:52:30,959 - []
22:52:31,115 - []
22:52:31,188 - []
22:52:31,196 - []
22:52:31,275 - []
22:52:31,463 - []
22:52:31,616 - []
22:52:31,738 - []
22:52:31,747 - action Bot_1 pickUp(47)
22:52:31,765 - []
22:52:31,784 - []
22:52:31,802 - []
22:52:31,810 - action Bot_1 sendMessage(Human_1,I am going to drop the Green block Please find the Yellow block )
22:52:31,811 - Costfunction triggered: -1.0
22:52:31,811 - action Human_1 receiveMessage(Bot_1,I am going to drop the Green block Please find the Yellow block )
22:52:31,826 - []
22:52:31,882 - [[Bot_1, I am going to drop the Green block Please find the Yellow block ]]
22:52:31,994 - []
22:52:32,010 - []
22:52:32,114 - []
22:52:32,262 - []
22:52:32,371 - []
22:52:32,595 - []
22:52:32,629 - []
22:52:32,734 - []
22:52:32,845 - []
22:52:32,854 - action Bot_1 goTo(DropZone)
22:52:32,869 - []
22:52:32,912 - []
22:52:33,039 - []
22:52:33,123 - []
22:52:33,308 - []
22:52:33,438 - []
22:52:33,663 - []
22:52:33,677 - []
22:52:33,816 - []
22:52:33,976 - []
22:52:34,119 - []
22:52:34,144 - []
22:52:34,237 - []
22:52:34,651 - []
22:52:34,714 - []
22:52:34,788 - []
22:52:34,890 - []
22:52:34,893 - []
22:52:35,005 - []
22:52:35,062 - []
22:52:35,205 - []
22:52:35,292 - []
22:52:35,331 - []
22:52:35,487 - []
22:52:35,616 - []
22:52:35,700 - []
22:52:35,736 - []
22:52:35,775 - []
22:52:35,797 - []
22:52:35,828 - []
22:52:35,939 - []
22:52:35,968 - []
22:52:36,002 - []
22:52:36,117 - []
22:52:36,194 - []
22:52:36,239 - []
22:52:36,355 - []
22:52:36,441 - []
22:52:36,531 - []
22:52:36,609 - []
22:52:36,641 - []
22:52:36,863 - []
22:52:36,955 - []
22:52:37,077 - []
22:52:37,085 - []
22:52:37,234 - []
22:52:37,502 - []
22:52:37,641 - []
22:52:37,645 - []
22:52:37,789 - []
22:52:37,985 - []
22:52:38,095 - []
22:52:38,456 - []
22:52:38,674 - []
22:52:38,882 - []
22:52:39,089 - []
22:52:39,129 - []
22:52:39,303 - []
22:52:39,524 - []
22:52:39,649 - []
22:52:39,779 - []
22:52:39,957 - []
22:52:40,144 - []
22:52:40,477 - []
22:52:40,633 - []
22:52:40,770 - []
22:52:40,926 - []
22:52:40,969 - []
22:52:41,036 - []
22:52:41,133 - []
22:52:41,323 - []
22:52:41,404 - []
22:52:41,481 - []
22:52:41,604 - []
22:52:41,666 - []
22:52:41,740 - []
22:52:41,867 - []
22:52:41,995 - []
22:52:41,996 - []
22:52:42,105 - []
22:52:42,240 - []
22:52:42,372 - []
22:52:42,454 - []
22:52:42,521 - []
22:52:42,611 - []
22:52:42,730 - []
22:52:42,917 - []
22:52:43,026 - []
22:52:43,066 - []
22:52:43,142 - []
22:52:43,270 - []
22:52:43,465 - []
22:52:43,528 - []
22:52:43,610 - []
22:52:43,746 - []
22:52:43,840 - []
22:52:43,907 - []
22:52:44,009 - []
22:52:44,146 - []
22:52:44,155 - action Bot_1 putDown
22:52:44,164 - []
22:52:44,168 - []
22:52:44,187 - []
22:52:44,207 - []
22:52:44,351 - []
22:52:44,375 - []
22:52:44,420 - []
22:52:44,520 - []
22:52:44,577 - []
22:52:44,641 - []
22:52:44,643 - []
22:52:44,808 - []
22:52:45,009 - []
22:52:45,188 - []
22:52:45,206 - []
22:52:45,223 - []
22:52:45,231 - action Bot_1 goTo(RoomC2)
22:52:45,247 - []
22:52:45,265 - []
22:52:45,274 - action Bot_1 sendMessage(Human_1,I am going to Room C1 to search for the Yellow block)
22:52:45,274 - Costfunction triggered: -1.0
22:52:45,274 - action Human_1 receiveMessage(Bot_1,I am going to Room C1 to search for the Yellow block)
22:52:45,289 - []
22:52:45,336 - [[Bot_1, I am going to Room C1 to search for the Yellow block]]
22:52:45,447 - []
22:52:45,456 - []
22:52:45,571 - []
22:52:45,677 - []
22:52:45,724 - []
22:52:45,741 - []
22:52:46,017 - []
22:52:46,093 - []
22:52:46,177 - []
22:52:46,451 - []
22:52:46,570 - []
22:52:46,630 - []
22:52:46,758 - []
22:52:46,871 - []
22:52:47,007 - []
22:52:47,133 - []
22:52:47,139 - []
22:52:47,208 - []
22:52:47,293 - []
22:52:47,360 - []
22:52:47,464 - []
22:52:47,559 - []
22:52:47,677 - []
22:52:47,777 - []
22:52:47,807 - []
22:52:48,016 - []
22:52:48,128 - []
22:52:48,221 - []
22:52:48,328 - []
22:52:48,467 - []
22:52:48,523 - []
22:52:48,573 - []
22:52:48,592 - []
22:52:48,670 - []
22:52:48,740 - []
22:52:48,916 - []
22:52:49,060 - []
22:52:49,229 - []
22:52:49,289 - []
22:52:49,345 - []
22:52:49,404 - []
22:52:49,443 - []
22:52:49,461 - []
22:52:49,517 - []
22:52:49,687 - []
22:52:49,739 - []
22:52:49,790 - []
22:52:49,875 - []
22:52:49,935 - []
22:52:49,997 - []
22:52:50,248 - []
22:52:50,304 - []
22:52:50,476 - []
22:52:50,537 - []
22:52:50,664 - []
22:52:50,756 - []
22:52:50,908 - []
22:52:50,970 - []
22:52:51,023 - []
22:52:51,077 - []
22:52:51,198 - []
22:52:51,251 - []
22:52:51,300 - []
22:52:51,307 - []
22:52:51,350 - []
22:52:51,398 - []
22:52:51,475 - []
22:52:51,745 - []
22:52:52,116 - []
22:52:52,585 - []
22:52:53,156 - []
22:52:53,824 - []
22:52:54,597 - []
22:52:55,468 - []
22:52:56,439 - []
22:52:56,453 - action Bot_1 sendMessage(Human_1,There is a Red block in RoomC2 belief)
22:52:56,454 - Costfunction triggered: -1.0
22:52:56,455 - action Human_1 receiveMessage(Bot_1,There is a Red block in RoomC2 belief)
22:52:56,470 - []
22:52:56,494 - []
22:52:56,498 - action Bot_1 sendMessage(Human_1,There is a White block in RoomC2 belief)
22:52:56,498 - Costfunction triggered: -1.0
22:52:56,499 - action Human_1 receiveMessage(Bot_1,There is a White block in RoomC2 belief)
22:52:56,519 - []
22:52:56,562 - []
22:52:56,634 - []
22:52:56,807 - []
22:52:57,075 - []
22:52:57,445 - []
22:52:57,917 - []
22:52:58,487 - []
22:52:59,156 - []
22:52:59,584 - []
22:52:59,607 - []
22:52:59,641 - action Bot_1 goTo(RoomC3)
22:52:59,661 - []
22:52:59,685 - []
22:52:59,701 - action Bot_1 sendMessage(Human_1,I am going to Room C2 to search for the Yellow block)
22:52:59,701 - Costfunction triggered: -1.0
22:52:59,702 - action Human_1 receiveMessage(Bot_1,I am going to Room C2 to search for the Yellow block)
22:52:59,746 - []
22:52:59,768 - []
22:52:59,784 - action Bot_1 goTo(DropZone)
22:52:59,805 - []
22:52:59,976 - []
22:53:00,247 - []
22:53:00,618 - []
22:53:01,087 - []
22:53:01,657 - []
22:53:02,326 - []
22:53:03,094 - []
22:53:03,965 - []
22:53:04,936 - []
22:53:07,099 - []
22:53:08,170 - []
22:53:09,240 - []
22:53:10,309 - []
22:53:11,377 - []
22:53:12,444 - []
22:53:13,514 - []
22:53:14,582 - []
22:53:15,650 - []
