09:45:49,075 - sequence
09:45:49,075 - room RoomA3 contains blocks: 
09:45:49,075 - room RoomA2 contains blocks:  Y G G
09:45:49,075 - room RoomB3 contains blocks:  P Y
09:45:49,075 - room RoomC1 contains blocks:  Y R R W G P
09:45:49,075 - room RoomA1 contains blocks:  B O O
09:45:49,075 - room RoomB2 contains blocks:  B Y
09:45:49,075 - room RoomC3 contains blocks:  R
09:45:49,075 - room RoomB1 contains blocks:  B R P W
09:45:49,075 - room RoomC2 contains blocks:  W R
09:45:49,075 - sequence R R W W B B
09:46:05,196 - []
09:46:05,388 - []
09:46:05,441 - []
09:46:05,502 - []
09:46:05,552 - []
09:46:05,602 - []
09:46:05,652 - []
09:46:05,703 - []
09:46:05,754 - []
09:46:05,808 - []
09:46:05,859 - []
09:46:05,910 - []
09:46:05,961 - []
09:46:06,012 - []
09:46:06,063 - []
09:46:06,126 - []
09:46:06,185 - []
09:46:06,234 - []
09:46:06,289 - []
09:46:06,341 - []
09:46:06,391 - []
09:46:06,442 - []
09:46:06,494 - []
09:46:06,545 - []
09:46:06,597 - []
09:46:06,648 - []
09:46:06,699 - []
09:46:06,748 - []
09:46:06,801 - []
09:46:06,851 - []
09:46:06,902 - []
09:46:06,951 - []
09:46:07,004 - []
09:46:07,054 - []
09:46:07,107 - []
09:46:07,157 - []
09:46:07,210 - []
09:46:07,259 - []
09:46:07,311 - []
09:46:07,414 - []
09:46:07,466 - []
09:46:07,660 - []
09:46:08,132 - []
09:46:08,293 - []
09:46:08,362 - []
09:46:08,423 - []
09:46:08,473 - []
09:46:08,524 - []
09:46:08,574 - []
09:46:08,624 - []
09:46:08,673 - []
09:46:08,723 - []
09:46:08,774 - []
09:46:08,825 - []
09:46:08,876 - []
09:46:08,928 - []
09:46:08,977 - []
09:46:09,027 - []
09:46:09,077 - []
09:46:09,126 - []
09:46:09,177 - []
09:46:09,227 - []
09:46:09,279 - []
09:46:09,329 - []
09:46:09,400 - []
09:46:09,459 - []
09:46:09,508 - []
09:46:09,561 - []
09:46:09,610 - []
09:46:09,663 - []
09:46:09,711 - []
09:46:09,761 - []
09:46:09,813 - []
09:46:09,869 - []
09:46:09,919 - []
09:46:09,974 - []
09:46:10,022 - []
09:46:10,074 - []
09:46:10,123 - []
09:46:10,176 - []
09:46:10,224 - []
09:46:10,277 - []
09:46:10,326 - []
09:46:10,376 - []
09:46:10,426 - []
09:46:10,478 - []
09:46:10,529 - []
09:46:10,578 - []
09:46:10,628 - []
09:46:10,677 - []
09:46:10,726 - []
09:46:10,775 - []
09:46:10,825 - []
09:46:10,875 - []
09:46:10,925 - []
09:46:10,975 - []
09:46:11,028 - []
09:46:11,077 - []
09:46:11,126 - []
09:46:11,175 - []
09:46:11,225 - []
09:46:11,275 - []
09:46:11,326 - []
09:46:11,377 - []
09:46:11,426 - []
09:46:11,477 - []
09:46:11,527 - []
09:46:11,577 - []
09:46:11,625 - []
09:46:11,682 - []
09:46:11,731 - []
09:46:11,781 - []
09:46:11,831 - []
09:46:11,879 - []
09:46:11,930 - []
09:46:11,981 - []
09:46:12,030 - []
09:46:12,082 - []
09:46:12,134 - []
09:46:12,183 - []
09:46:12,234 - []
09:46:12,286 - []
09:46:12,337 - []
09:46:12,386 - []
09:46:12,546 - []
09:46:12,796 - []
09:46:12,885 - []
09:46:13,011 - []
09:46:13,112 - []
09:46:13,165 - []
09:46:13,216 - []
09:46:13,271 - []
09:46:13,319 - []
09:46:13,373 - []
09:46:13,469 - []
09:46:13,521 - []
09:46:13,572 - []
09:46:13,624 - []
09:46:13,679 - []
09:46:13,729 - []
09:46:13,781 - []
09:46:13,834 - []
09:46:13,887 - []
09:46:13,937 - []
09:46:13,988 - []
09:46:14,035 - []
09:46:14,086 - []
09:46:14,135 - []
09:46:14,184 - []
09:46:14,234 - []
09:46:14,285 - []
09:46:14,335 - []
09:46:14,384 - []
09:46:14,434 - []
09:46:14,484 - []
09:46:14,533 - []
09:46:14,582 - []
09:46:14,631 - []
09:46:14,682 - []
09:46:14,732 - []
09:46:14,783 - []
09:46:14,832 - []
09:46:14,882 - []
09:46:14,931 - []
09:46:14,982 - []
09:46:15,037 - []
09:46:15,088 - []
09:46:15,137 - []
09:46:15,189 - []
09:46:15,238 - []
09:46:15,292 - []
09:46:15,342 - []
09:46:15,394 - []
09:46:15,444 - []
09:46:15,508 - []
09:46:15,557 - []
09:46:15,608 - []
09:46:15,657 - []
09:46:15,708 - []
09:46:15,756 - []
09:46:15,807 - []
09:46:15,856 - []
09:46:15,906 - []
09:46:15,955 - []
09:46:16,005 - []
09:46:16,054 - []
09:46:16,103 - []
09:46:16,152 - []
09:46:16,202 - []
09:46:16,250 - []
09:46:16,299 - []
09:46:16,348 - []
09:46:16,397 - []
09:46:16,447 - []
09:46:16,497 - []
09:46:16,546 - []
09:46:16,595 - []
09:46:16,645 - []
09:46:16,694 - []
09:46:16,743 - []
09:46:16,791 - []
09:46:16,841 - []
09:46:16,889 - []
09:46:16,940 - []
09:46:16,990 - []
09:46:17,039 - []
09:46:17,088 - []
09:46:17,141 - []
09:46:17,190 - []
09:46:17,243 - []
09:46:17,291 - []
09:46:17,342 - []
09:46:17,391 - []
09:46:17,440 - []
09:46:17,490 - []
09:46:17,541 - []
09:46:17,591 - []
09:46:17,641 - []
09:46:17,697 - []
09:46:17,747 - []
09:46:17,797 - []
09:46:17,848 - []
09:46:17,896 - []
09:46:17,946 - []
09:46:17,995 - []
09:46:18,044 - []
09:46:18,093 - []
09:46:18,142 - []
09:46:18,191 - []
09:46:18,241 - []
09:46:18,290 - []
09:46:18,339 - []
09:46:18,388 - []
09:46:18,437 - []
09:46:18,488 - []
09:46:18,536 - []
09:46:18,584 - []
09:46:18,634 - []
09:46:18,683 - []
09:46:18,733 - []
09:46:18,783 - []
09:46:18,835 - []
09:46:18,884 - []
09:46:18,933 - []
09:46:18,983 - []
09:46:19,033 - []
09:46:19,085 - []
09:46:19,134 - []
09:46:19,187 - []
09:46:19,237 - []
09:46:19,288 - []
09:46:19,337 - []
09:46:19,386 - []
09:46:19,438 - []
09:46:19,489 - []
09:46:19,540 - []
09:46:19,596 - []
09:46:19,646 - []
09:46:19,696 - []
09:46:19,747 - []
09:46:19,798 - []
09:46:19,847 - []
09:46:19,896 - []
09:46:19,945 - []
09:46:20,000 - []
09:46:20,053 - []
09:46:20,103 - []
09:46:20,153 - []
09:46:20,204 - []
09:46:20,253 - []
09:46:20,304 - []
09:46:20,353 - []
09:46:20,404 - []
09:46:20,461 - []
09:46:20,512 - []
09:46:20,565 - []
09:46:20,615 - []
09:46:20,667 - []
09:46:20,717 - []
09:46:20,769 - []
09:46:20,818 - []
09:46:20,868 - []
09:46:20,919 - []
09:46:20,968 - []
09:46:21,018 - []
09:46:21,067 - []
09:46:21,117 - []
09:46:21,166 - []
09:46:21,215 - []
09:46:21,266 - []
09:46:21,316 - []
09:46:21,365 - []
09:46:21,415 - []
09:46:21,464 - []
09:46:21,515 - []
09:46:21,564 - []
09:46:21,611 - []
09:46:21,662 - []
09:46:21,711 - []
09:46:21,762 - []
09:46:21,811 - []
09:46:21,860 - []
09:46:21,909 - []
09:46:21,958 - []
09:46:22,008 - []
09:46:22,059 - []
09:46:22,108 - []
09:46:22,159 - []
09:46:22,209 - []
09:46:22,260 - []
09:46:22,309 - []
09:46:22,360 - []
09:46:22,409 - []
09:46:22,458 - []
09:46:22,542 - []
09:46:22,633 - []
09:46:22,681 - []
09:46:22,733 - []
09:46:22,780 - []
09:46:22,827 - []
09:46:22,874 - []
09:46:22,921 - []
09:46:22,968 - []
09:46:23,014 - []
09:46:23,060 - []
09:46:23,107 - []
09:46:23,153 - []
09:46:23,199 - []
09:46:23,246 - []
09:46:23,292 - []
09:46:23,340 - []
09:46:23,387 - []
09:46:23,433 - []
09:46:23,479 - []
09:46:23,525 - []
09:46:23,573 - []
09:46:23,621 - []
09:46:23,667 - []
09:46:23,713 - []
09:46:23,761 - []
09:46:23,808 - []
09:46:23,855 - []
09:46:23,902 - []
09:46:23,950 - []
09:46:23,996 - []
09:46:24,043 - []
09:46:24,090 - []
09:46:24,136 - []
09:46:24,184 - []
09:46:24,233 - []
09:46:24,280 - []
09:46:24,327 - []
09:46:24,374 - []
09:46:24,451 - []
09:46:24,499 - []
09:46:24,546 - []
09:46:24,593 - []
09:46:24,640 - []
09:46:24,687 - []
09:46:24,733 - []
09:46:24,780 - []
09:46:24,826 - []
09:46:24,874 - []
09:46:24,921 - []
09:46:24,969 - []
09:46:25,016 - []
09:46:25,062 - []
09:46:25,108 - []
09:46:25,155 - []
09:46:25,202 - []
09:46:25,249 - []
09:46:25,296 - []
09:46:25,344 - []
09:46:25,393 - []
09:46:25,441 - []
09:46:25,489 - []
09:46:25,536 - []
09:46:25,581 - []
09:46:25,627 - []
09:46:25,674 - []
09:46:25,720 - []
09:46:25,768 - []
09:46:25,815 - []
09:46:25,861 - []
09:46:25,908 - []
09:46:25,956 - []
09:46:26,003 - []
09:46:26,049 - []
09:46:26,095 - []
09:46:26,142 - []
09:46:26,189 - []
09:46:26,238 - []
09:46:26,285 - []
09:46:26,332 - []
09:46:26,380 - []
09:46:26,426 - []
09:46:26,472 - []
09:46:26,521 - []
09:46:26,567 - []
09:46:26,615 - []
09:46:26,661 - []
09:46:26,708 - []
09:46:26,759 - []
09:46:26,807 - []
09:46:26,878 - []
09:46:26,924 - []
09:46:26,970 - []
09:46:27,016 - []
09:46:27,062 - []
09:46:27,109 - []
09:46:27,155 - []
09:46:27,201 - []
09:46:27,249 - []
09:46:27,295 - []
09:46:27,341 - []
09:46:27,388 - []
09:46:27,435 - []
09:46:27,482 - []
09:46:27,528 - []
09:46:27,581 - []
09:46:27,628 - []
09:46:27,674 - []
09:46:27,720 - []
09:46:27,767 - []
09:46:27,812 - []
09:46:27,859 - []
09:46:27,908 - []
09:46:27,957 - []
09:46:28,003 - []
09:46:28,050 - []
09:46:28,096 - []
09:46:28,142 - []
09:46:28,188 - []
09:46:28,235 - []
09:46:28,286 - []
09:46:28,333 - []
09:46:28,380 - []
09:46:28,429 - []
09:46:28,476 - []
09:46:28,524 - []
09:46:28,572 - []
09:46:28,620 - []
09:46:28,666 - []
09:46:28,712 - []
09:46:28,758 - []
09:46:28,804 - []
09:46:28,851 - []
09:46:28,898 - []
09:46:28,944 - []
09:46:28,991 - []
09:46:29,036 - []
09:46:29,082 - []
09:46:29,129 - []
09:46:29,176 - []
09:46:29,222 - []
09:46:29,269 - []
09:46:29,316 - []
09:46:29,362 - []
09:46:29,411 - []
09:46:29,457 - []
09:46:29,504 - []
09:46:29,552 - []
09:46:29,598 - []
09:46:29,658 - []
09:46:29,704 - []
09:46:29,752 - []
09:46:29,798 - []
09:46:29,846 - []
09:46:29,894 - []
09:46:29,942 - []
09:46:29,993 - []
09:46:30,043 - []
09:46:30,090 - []
09:46:30,138 - []
09:46:30,186 - []
09:46:30,233 - []
09:46:30,284 - []
09:46:30,331 - []
09:46:30,378 - []
09:46:30,424 - []
09:46:30,469 - []
09:46:30,515 - []
09:46:30,564 - []
09:46:30,612 - []
09:46:30,659 - []
09:46:30,707 - []
09:46:30,754 - []
09:46:30,802 - []
09:46:30,848 - []
09:46:30,894 - []
09:46:30,942 - []
09:46:30,991 - []
09:46:31,038 - []
09:46:31,085 - []
09:46:31,133 - []
09:46:31,180 - []
09:46:31,230 - []
09:46:31,279 - []
09:46:31,325 - []
09:46:31,373 - []
09:46:31,420 - []
09:46:31,469 - []
09:46:31,530 - []
09:46:31,591 - []
09:46:31,639 - []
09:46:31,688 - []
09:46:31,734 - []
09:46:31,782 - []
09:46:31,829 - []
09:46:31,877 - []
09:46:31,927 - []
09:46:31,974 - []
09:46:32,023 - []
09:46:32,071 - []
09:46:32,119 - []
09:46:32,165 - []
09:46:32,211 - []
09:46:32,259 - []
09:46:32,305 - []
09:46:32,351 - []
09:46:32,397 - []
09:46:32,443 - []
09:46:32,489 - []
09:46:32,536 - []
09:46:32,583 - []
09:46:32,630 - []
09:46:32,676 - []
09:46:32,722 - []
09:46:32,769 - []
09:46:32,815 - []
09:46:32,861 - []
09:46:32,909 - []
09:46:32,955 - []
09:46:33,001 - []
09:46:33,047 - []
09:46:33,095 - []
09:46:33,142 - []
09:46:33,188 - []
09:46:33,233 - []
09:46:33,279 - []
09:46:33,326 - []
09:46:33,372 - []
09:46:33,420 - []
09:46:33,465 - []
09:46:33,512 - []
09:46:33,558 - []
09:46:33,604 - []
09:46:33,651 - []
09:46:33,702 - []
09:46:33,748 - []
09:46:33,794 - []
09:46:33,840 - []
09:46:33,886 - []
09:46:33,932 - []
09:46:33,978 - []
09:46:34,024 - []
09:46:34,069 - []
09:46:34,118 - []
09:46:34,164 - []
09:46:34,210 - []
09:46:34,257 - []
09:46:34,303 - []
09:46:34,350 - []
09:46:34,401 - []
09:46:34,451 - []
09:46:34,499 - []
09:46:34,547 - []
09:46:34,600 - []
09:46:34,646 - []
09:46:34,699 - []
09:46:34,746 - []
09:46:34,793 - []
09:46:34,844 - []
09:46:34,906 - []
09:46:34,955 - []
09:46:35,000 - []
09:46:35,046 - []
09:46:35,092 - []
09:46:35,141 - []
09:46:35,186 - []
09:46:35,232 - []
09:46:35,284 - []
09:46:35,331 - []
09:46:35,378 - []
09:46:35,435 - []
09:46:35,481 - []
09:46:35,526 - []
09:46:35,572 - []
09:46:35,618 - []
09:46:35,665 - []
09:46:35,714 - []
09:46:35,760 - []
09:46:35,806 - []
09:46:35,851 - []
09:46:35,897 - []
09:46:35,942 - []
09:46:35,988 - []
09:46:36,033 - []
09:46:36,081 - []
09:46:36,127 - []
09:46:36,172 - []
09:46:36,218 - []
09:46:36,263 - []
09:46:36,311 - []
09:46:36,357 - []
09:46:36,408 - []
09:46:36,454 - []
09:46:36,500 - []
09:46:36,547 - []
09:46:36,595 - []
09:46:36,656 - []
09:46:36,703 - []
09:46:36,750 - []
09:46:36,799 - []
09:46:36,848 - []
09:46:36,894 - []
09:46:36,943 - []
09:46:36,957 - []
09:46:36,990 - []
09:46:37,035 - []
09:46:37,045 - []
09:46:37,075 - []
09:46:37,081 - []
09:46:37,090 - action Bot_1 sendMessage(Human_1,my name is software agent and we are going to work together to deliver colored blocks as fast as possible in the sequence indicated)
09:46:37,091 - Costfunction triggered: -1.0
09:46:37,091 - action Human_1 receiveMessage(Bot_1,my name is software agent and we are going to work together to deliver colored blocks as fast as possible in the sequence indicated)
09:46:37,105 - []
09:46:37,128 - [[Bot_1, my name is software agent and we are going to work together to deliver colored blocks as fast as possible in the sequence indicated]]
09:46:37,183 - []
09:46:37,245 - []
09:46:37,281 - []
09:46:37,297 - []
09:46:37,347 - []
09:46:37,393 - []
09:46:37,441 - []
09:46:37,488 - []
09:46:37,541 - []
09:46:37,548 - []
09:46:37,593 - []
09:46:37,641 - []
09:46:37,702 - []
09:46:37,755 - []
09:46:37,801 - []
09:46:37,849 - []
09:46:37,895 - []
09:46:37,916 - []
09:46:37,942 - []
09:46:37,988 - []
09:46:38,034 - []
09:46:38,080 - []
09:46:38,127 - []
09:46:38,174 - []
09:46:38,222 - []
09:46:38,268 - []
09:46:38,315 - []
09:46:38,363 - []
09:46:38,384 - []
09:46:38,409 - []
09:46:38,456 - []
09:46:38,503 - []
09:46:38,549 - []
09:46:38,595 - []
09:46:38,642 - []
09:46:38,691 - []
09:46:38,743 - []
09:46:38,790 - []
09:46:38,841 - []
09:46:38,890 - []
09:46:38,936 - []
09:46:38,949 - []
09:46:38,989 - []
09:46:39,041 - []
09:46:39,089 - []
09:46:39,153 - []
09:46:39,215 - []
09:46:39,266 - []
09:46:39,317 - []
09:46:39,370 - []
09:46:39,422 - []
09:46:39,470 - []
09:46:39,518 - []
09:46:39,564 - []
09:46:39,610 - []
09:46:39,617 - []
09:46:39,655 - []
09:46:39,702 - []
09:46:39,749 - []
09:46:39,822 - []
09:46:39,870 - []
09:46:39,917 - []
09:46:39,964 - []
09:46:40,020 - []
09:46:40,071 - []
09:46:40,126 - []
09:46:40,179 - []
09:46:40,230 - []
09:46:40,285 - []
09:46:40,335 - []
09:46:40,383 - []
09:46:40,385 - []
09:46:40,431 - []
09:46:40,488 - []
09:46:40,535 - []
09:46:40,583 - []
09:46:40,637 - []
09:46:40,689 - []
09:46:40,738 - []
09:46:40,794 - []
09:46:40,848 - []
09:46:40,901 - []
09:46:40,955 - []
09:46:41,007 - []
09:46:41,058 - []
09:46:41,105 - []
09:46:41,152 - []
09:46:41,204 - []
09:46:41,249 - []
09:46:41,250 - []
09:46:41,296 - []
09:46:41,347 - []
09:46:41,394 - []
09:46:41,444 - []
09:46:41,492 - []
09:46:41,540 - []
09:46:41,587 - []
09:46:41,645 - []
09:46:41,692 - []
09:46:41,746 - []
09:46:41,796 - []
09:46:41,848 - []
09:46:41,895 - []
09:46:41,941 - []
09:46:41,992 - []
09:46:42,037 - []
09:46:42,089 - []
09:46:42,141 - []
09:46:42,197 - []
09:46:42,220 - []
09:46:42,251 - []
09:46:42,304 - []
09:46:42,358 - []
09:46:42,410 - []
09:46:42,458 - []
09:46:42,505 - []
09:46:42,553 - []
09:46:42,599 - []
09:46:42,653 - []
09:46:42,700 - []
09:46:42,752 - []
09:46:42,805 - []
09:46:42,857 - []
09:46:42,911 - []
09:46:42,963 - []
09:46:43,011 - []
09:46:43,063 - []
09:46:43,115 - []
09:46:43,161 - []
09:46:43,206 - []
09:46:43,252 - []
09:46:43,290 - []
09:46:43,298 - []
09:46:43,343 - []
09:46:43,391 - []
09:46:43,441 - []
09:46:43,492 - []
09:46:43,545 - []
09:46:43,596 - []
09:46:43,646 - []
09:46:43,697 - []
09:46:43,748 - []
09:46:43,799 - []
09:46:43,845 - []
09:46:43,892 - []
09:46:43,941 - []
09:46:43,986 - []
09:46:44,031 - []
09:46:44,082 - []
09:46:44,132 - []
09:46:44,185 - []
09:46:44,240 - []
09:46:44,287 - []
09:46:44,338 - []
09:46:44,356 - []
09:46:44,390 - []
09:46:44,440 - []
09:46:44,492 - []
09:46:44,537 - []
09:46:44,588 - []
09:46:44,635 - []
09:46:44,685 - []
09:46:44,732 - []
09:46:44,787 - []
09:46:44,839 - []
09:46:44,890 - []
09:46:44,944 - []
09:46:44,998 - []
09:46:45,050 - []
09:46:45,117 - []
09:46:45,165 - []
09:46:45,214 - []
09:46:45,262 - []
09:46:45,307 - []
09:46:45,355 - []
09:46:45,402 - []
09:46:45,424 - []
09:46:45,447 - []
09:46:45,493 - []
09:46:45,539 - []
09:46:45,592 - []
09:46:45,642 - []
09:46:45,692 - []
09:46:45,741 - []
09:46:45,792 - []
09:46:45,843 - []
09:46:45,895 - []
09:46:45,947 - []
09:46:45,993 - []
09:46:46,039 - []
09:46:46,086 - []
09:46:46,134 - []
09:46:46,181 - []
09:46:46,231 - []
09:46:46,282 - []
09:46:46,331 - []
09:46:46,385 - []
09:46:46,437 - []
09:46:46,485 - []
09:46:46,491 - []
09:46:46,539 - []
09:46:46,591 - []
09:46:46,642 - []
09:46:46,688 - []
09:46:46,734 - []
09:46:46,781 - []
09:46:46,826 - []
09:46:46,871 - []
09:46:46,922 - []
09:46:46,969 - []
09:46:47,020 - []
09:46:47,071 - []
09:46:47,122 - []
09:46:47,172 - []
09:46:47,224 - []
09:46:47,280 - []
09:46:47,326 - []
09:46:47,371 - []
09:46:47,417 - []
09:46:47,464 - []
09:46:47,510 - []
09:46:47,557 - []
09:46:47,558 - []
09:46:47,608 - []
09:46:47,662 - []
09:46:47,708 - []
09:46:47,761 - []
09:46:47,815 - []
09:46:47,867 - []
09:46:47,919 - []
09:46:47,971 - []
09:46:48,023 - []
09:46:48,069 - []
09:46:48,114 - []
09:46:48,164 - []
09:46:48,211 - []
09:46:48,256 - []
09:46:48,303 - []
09:46:48,354 - []
09:46:48,407 - []
09:46:48,458 - []
09:46:48,511 - []
09:46:48,563 - []
09:46:48,614 - []
09:46:48,625 - []
09:46:48,660 - []
09:46:48,706 - []
09:46:48,751 - []
09:46:48,796 - []
09:46:48,843 - []
09:46:48,887 - []
09:46:48,935 - []
09:46:48,984 - []
09:46:49,031 - []
09:46:49,077 - []
09:46:49,122 - []
09:46:49,168 - []
09:46:49,215 - []
09:46:49,262 - []
09:46:49,309 - []
09:46:49,355 - []
09:46:49,401 - []
09:46:49,446 - []
09:46:49,495 - []
09:46:49,541 - []
09:46:49,588 - []
09:46:49,634 - []
09:46:49,680 - []
09:46:49,693 - []
09:46:49,726 - []
09:46:49,775 - []
09:46:49,820 - []
09:46:49,865 - []
09:46:49,910 - []
09:46:49,956 - []
09:46:50,001 - []
09:46:50,050 - []
09:46:50,096 - []
09:46:50,142 - []
09:46:50,187 - []
09:46:50,233 - []
09:46:50,284 - []
09:46:50,330 - []
09:46:50,376 - []
09:46:50,425 - []
09:46:50,470 - []
09:46:50,517 - []
09:46:50,564 - []
09:46:50,609 - []
09:46:50,655 - []
09:46:50,701 - []
09:46:50,747 - []
09:46:50,760 - []
09:46:50,793 - []
09:46:50,840 - []
09:46:50,886 - []
09:46:50,932 - []
09:46:50,978 - []
09:46:51,025 - []
09:46:51,073 - []
09:46:51,121 - []
09:46:51,168 - []
09:46:51,215 - []
09:46:51,262 - []
09:46:51,310 - []
09:46:51,359 - []
09:46:51,408 - []
09:46:51,457 - []
09:46:51,504 - []
09:46:51,553 - []
09:46:51,601 - []
09:46:51,650 - []
09:46:51,697 - []
09:46:51,745 - []
09:46:51,793 - []
09:46:51,830 - []
09:46:51,840 - []
09:46:51,887 - []
09:46:51,934 - []
09:46:51,982 - []
09:46:52,030 - []
09:46:52,076 - []
09:46:52,124 - []
09:46:52,139 - []
09:46:52,166 - []
09:46:52,173 - []
09:46:52,188 - action Bot_1 goTo(RoomA1)
09:46:52,221 - []
09:46:52,267 - []
09:46:52,272 - []
09:46:52,295 - []
09:46:52,312 - action Bot_1 sendMessage(Human_1,I am going to Room A1 to search for the Red block)
09:46:52,313 - Costfunction triggered: -1.0
09:46:52,313 - action Human_1 receiveMessage(Bot_1,I am going to Room A1 to search for the Red block)
09:46:52,322 - [[Bot_1, I am going to Room A1 to search for the Red block]]
09:46:52,329 - []
09:46:52,389 - []
09:46:52,444 - []
09:46:52,500 - []
09:46:52,508 - []
09:46:52,550 - []
09:46:52,604 - []
09:46:52,654 - []
09:46:52,704 - []
09:46:52,754 - []
09:46:52,782 - []
09:46:52,805 - []
09:46:52,858 - []
09:46:52,911 - []
09:46:52,967 - []
09:46:53,019 - []
09:46:53,075 - []
09:46:53,136 - []
09:46:53,152 - []
09:46:53,185 - []
09:46:53,239 - []
09:46:53,301 - []
09:46:53,358 - []
09:46:53,408 - []
09:46:53,459 - []
09:46:53,510 - []
09:46:53,562 - []
09:46:53,611 - []
09:46:53,623 - []
09:46:53,663 - []
09:46:53,712 - []
09:46:53,762 - []
09:46:53,816 - []
09:46:53,872 - []
09:46:53,928 - []
09:46:53,985 - []
09:46:54,042 - []
09:46:54,099 - []
09:46:54,152 - []
09:46:54,192 - []
09:46:54,202 - []
09:46:54,254 - []
09:46:54,304 - []
09:46:54,356 - []
09:46:54,413 - []
09:46:54,468 - []
09:46:54,518 - []
09:46:54,575 - []
09:46:54,624 - []
09:46:54,679 - []
09:46:54,732 - []
09:46:54,790 - []
09:46:54,843 - []
09:46:54,864 - []
09:46:54,893 - []
09:46:54,941 - []
09:46:54,990 - []
09:46:55,042 - []
09:46:55,099 - []
09:46:55,152 - []
09:46:55,208 - []
09:46:55,262 - []
09:46:55,316 - []
09:46:55,376 - []
09:46:55,428 - []
09:46:55,478 - []
09:46:55,525 - []
09:46:55,574 - []
09:46:55,620 - []
09:46:55,635 - []
09:46:55,667 - []
09:46:55,719 - []
09:46:55,770 - []
09:46:55,819 - []
09:46:55,870 - []
09:46:55,922 - []
09:46:55,983 - []
09:46:56,037 - []
09:46:56,085 - []
09:46:56,137 - []
09:46:56,184 - []
09:46:56,231 - []
09:46:56,281 - []
09:46:56,329 - []
09:46:56,376 - []
09:46:56,426 - []
09:46:56,475 - []
09:46:56,506 - []
09:46:56,522 - []
09:46:56,568 - []
09:46:56,614 - []
09:46:56,665 - []
09:46:56,710 - []
09:46:56,759 - []
09:46:56,806 - []
09:46:56,853 - []
09:46:56,899 - []
09:46:57,099 - []
09:46:57,169 - []
09:46:57,222 - []
09:46:57,272 - []
09:46:57,321 - []
09:46:57,376 - []
09:46:57,428 - []
09:46:57,476 - []
09:46:57,483 - []
09:46:57,535 - []
09:46:57,586 - []
09:46:57,638 - []
09:46:57,691 - []
09:46:57,740 - []
09:46:57,791 - []
09:46:57,841 - []
09:46:57,889 - []
09:46:57,940 - []
09:46:57,989 - []
09:46:58,038 - []
09:46:58,088 - []
09:46:58,139 - []
09:46:58,191 - []
09:46:58,242 - []
09:46:58,308 - action Human_1 goTo(RoomC1)
09:46:58,333 - []
09:46:58,366 - []
09:46:58,384 - []
09:46:58,441 - []
09:46:58,493 - []
09:46:58,535 - []
09:46:58,548 - []
09:46:58,601 - []
09:46:58,652 - []
09:46:58,705 - []
09:46:58,758 - []
09:46:58,804 - []
09:46:58,808 - []
09:46:58,864 - []
09:46:58,919 - []
09:46:58,971 - []
09:46:59,024 - []
09:46:59,073 - []
09:46:59,125 - []
09:46:59,170 - []
09:46:59,175 - []
09:46:59,227 - []
09:46:59,281 - []
09:46:59,332 - []
09:46:59,383 - []
09:46:59,432 - []
09:46:59,485 - []
09:46:59,535 - []
09:46:59,586 - []
09:46:59,637 - []
09:46:59,639 - []
09:46:59,689 - []
09:46:59,740 - []
09:46:59,789 - []
09:46:59,841 - []
09:46:59,892 - []
09:46:59,945 - []
09:47:00,002 - []
09:47:00,055 - []
09:47:00,105 - []
09:47:00,153 - []
09:47:00,203 - []
09:47:00,204 - []
09:47:00,253 - []
09:47:00,303 - []
09:47:00,355 - []
09:47:00,406 - []
09:47:00,457 - []
09:47:00,508 - []
09:47:00,559 - []
09:47:00,610 - []
09:47:00,664 - []
09:47:00,713 - []
09:47:00,763 - []
09:47:00,813 - []
09:47:00,866 - []
09:47:00,870 - []
09:47:00,915 - []
09:47:00,968 - []
09:47:01,019 - []
09:47:01,070 - []
09:47:01,122 - []
09:47:01,172 - []
09:47:01,225 - []
09:47:01,275 - []
09:47:01,326 - []
09:47:01,378 - []
09:47:01,429 - []
09:47:01,480 - []
09:47:01,532 - []
09:47:01,584 - []
09:47:01,634 - []
09:47:01,638 - []
09:47:01,690 - []
09:47:01,741 - []
09:47:01,791 - []
09:47:01,841 - []
09:47:01,891 - []
09:47:02,505 - []
09:47:02,605 - []
09:47:02,655 - []
09:47:02,708 - []
09:47:02,758 - []
09:47:02,813 - []
09:47:02,863 - []
09:47:02,919 - []
09:47:02,968 - []
09:47:03,018 - []
09:47:03,068 - []
09:47:03,118 - []
09:47:03,170 - []
09:47:03,220 - []
09:47:03,270 - []
09:47:03,322 - []
09:47:03,372 - []
09:47:03,384 - []
09:47:03,426 - []
09:47:03,475 - []
09:47:03,528 - []
09:47:03,552 - []
09:47:03,577 - []
09:47:03,628 - []
09:47:03,678 - []
09:47:03,735 - []
09:47:03,785 - []
09:47:03,820 - []
09:47:03,835 - []
09:47:03,885 - []
09:47:03,937 - []
09:47:03,987 - []
09:47:04,038 - []
09:47:04,087 - []
09:47:04,141 - []
09:47:04,185 - []
09:47:04,192 - []
09:47:04,243 - []
09:47:04,293 - []
09:47:04,345 - []
09:47:04,395 - []
09:47:04,446 - []
09:47:04,495 - []
09:47:04,548 - []
09:47:04,598 - []
09:47:04,647 - []
09:47:04,652 - []
09:47:04,698 - []
09:47:04,748 - []
09:47:04,800 - []
09:47:04,850 - []
09:47:04,902 - []
09:47:04,951 - []
09:47:05,007 - []
09:47:05,057 - []
09:47:05,111 - []
09:47:05,165 - []
09:47:05,215 - []
09:47:05,218 - []
09:47:05,270 - []
09:47:05,319 - []
09:47:05,371 - []
09:47:05,421 - []
09:47:05,474 - []
09:47:05,523 - []
09:47:05,575 - []
09:47:05,624 - []
09:47:05,676 - []
09:47:05,725 - []
09:47:05,778 - []
09:47:05,831 - []
09:47:05,883 - []
09:47:05,883 - []
09:47:05,932 - []
09:47:05,985 - []
09:47:06,036 - []
09:47:06,091 - []
09:47:06,141 - []
09:47:06,196 - []
09:47:06,246 - []
09:47:06,298 - []
09:47:06,354 - []
09:47:06,405 - []
09:47:06,457 - []
09:47:06,508 - []
09:47:06,560 - []
09:47:06,611 - []
09:47:06,649 - []
09:47:06,662 - []
09:47:06,712 - []
09:47:06,764 - []
09:47:06,814 - []
09:47:06,866 - []
09:47:06,916 - []
09:47:06,968 - []
09:47:07,017 - []
09:47:07,068 - []
09:47:07,116 - []
09:47:07,171 - []
09:47:07,222 - []
09:47:07,273 - []
09:47:07,322 - []
09:47:07,371 - []
09:47:07,423 - []
09:47:07,472 - []
09:47:07,514 - []
09:47:07,521 - []
09:47:07,524 - action Bot_1 sendMessage(Human_1,There is a Orange block in RoomA1 belief)
09:47:07,524 - Costfunction triggered: -1.0
09:47:07,524 - action Human_1 receiveMessage(Bot_1,There is a Orange block in RoomA1 belief)
09:47:07,532 - []
09:47:07,541 - action Bot_1 sendMessage(Human_1,There is a Orange block in RoomA1 belief)
09:47:07,541 - Costfunction triggered: -1.0
09:47:07,541 - action Human_1 receiveMessage(Bot_1,There is a Orange block in RoomA1 belief)
09:47:07,550 - []
09:47:07,557 - action Bot_1 sendMessage(Human_1,There is a Blue block in RoomA1 belief)
09:47:07,557 - Costfunction triggered: -1.0
09:47:07,557 - action Human_1 receiveMessage(Bot_1,There is a Blue block in RoomA1 belief)
09:47:07,566 - []
09:47:07,570 - [[Bot_1, There is a Orange block in RoomA1 belief], [Bot_1, There is a Orange block in RoomA1 belief], [Bot_1, There is a Blue block in RoomA1 belief]]
09:47:07,581 - []
09:47:07,596 - []
09:47:07,653 - []
09:47:07,663 - []
09:47:07,707 - []
09:47:07,757 - []
09:47:07,806 - []
09:47:07,831 - []
09:47:07,857 - []
09:47:07,908 - []
09:47:07,958 - []
09:47:08,007 - []
09:47:08,056 - []
09:47:08,098 - []
09:47:08,105 - []
09:47:08,154 - []
09:47:08,205 - []
09:47:08,254 - []
09:47:08,304 - []
09:47:08,353 - []
09:47:08,403 - []
09:47:08,452 - []
09:47:08,464 - []
09:47:08,505 - []
09:47:08,555 - []
09:47:08,606 - []
09:47:08,656 - []
09:47:08,712 - []
09:47:08,764 - []
09:47:08,813 - []
09:47:08,867 - []
09:47:08,916 - []
09:47:08,933 - []
09:47:08,966 - []
09:47:09,016 - []
09:47:09,064 - []
09:47:09,115 - []
09:47:09,165 - []
09:47:09,214 - []
09:47:09,264 - []
09:47:09,314 - []
09:47:09,364 - []
09:47:09,413 - []
09:47:09,467 - []
09:47:09,499 - []
09:47:09,516 - []
09:47:09,569 - []
09:47:09,619 - []
09:47:09,647 - action Human_1 goToBlock(45)
09:47:09,671 - []
09:47:09,723 - []
09:47:09,776 - []
09:47:09,827 - []
09:47:09,880 - []
09:47:09,930 - []
09:47:09,983 - []
09:47:10,035 - []
09:47:10,085 - []
09:47:10,140 - []
09:47:10,166 - []
09:47:10,192 - []
09:47:10,244 - []
09:47:10,295 - []
09:47:10,346 - []
09:47:10,398 - []
09:47:10,448 - []
09:47:10,501 - []
09:47:10,551 - []
09:47:10,601 - []
09:47:10,613 - []
09:47:10,628 - []
09:47:10,636 - action Bot_1 goTo(RoomA2)
09:47:10,650 - []
09:47:10,652 - []
09:47:10,665 - []
09:47:10,673 - action Bot_1 sendMessage(Human_1,I am going to Room A2 to search for the Red block)
09:47:10,673 - Costfunction triggered: -1.0
09:47:10,673 - action Human_1 receiveMessage(Bot_1,I am going to Room A2 to search for the Red block)
09:47:10,682 - []
09:47:10,701 - [[Bot_1, I am going to Room A2 to search for the Red block]]
09:47:10,748 - []
09:47:10,765 - []
09:47:10,818 - []
09:47:10,914 - []
09:47:10,920 - []
09:47:10,977 - []
09:47:11,027 - []
09:47:11,076 - []
09:47:11,126 - []
09:47:11,176 - []
09:47:11,180 - []
09:47:11,224 - []
09:47:11,272 - []
09:47:11,323 - []
09:47:11,375 - []
09:47:11,425 - []
09:47:11,475 - []
09:47:11,532 - []
09:47:11,545 - []
09:47:11,581 - []
09:47:11,635 - []
09:47:11,685 - []
09:47:11,765 - action Human_1 pickUp(45)
09:47:11,780 - []
09:47:11,837 - []
09:47:11,892 - []
09:47:11,941 - []
09:47:11,990 - []
09:47:12,010 - []
09:47:12,040 - []
09:47:12,095 - []
09:47:12,146 - []
09:47:12,195 - []
09:47:12,245 - []
09:47:12,301 - []
09:47:12,358 - []
09:47:12,412 - []
09:47:12,471 - []
09:47:12,526 - []
09:47:12,576 - []
09:47:12,577 - []
09:47:12,673 - []
09:47:12,726 - []
09:47:12,775 - []
09:47:12,828 - []
09:47:12,877 - []
09:47:12,932 - []
09:47:12,989 - []
09:47:13,125 - []
09:47:13,221 - []
09:47:13,241 - []
09:47:13,276 - []
09:47:13,333 - []
09:47:13,399 - []
09:47:13,462 - []
09:47:13,516 - []
09:47:13,550 - []
09:47:13,565 - []
09:47:13,568 - []
09:47:13,615 - []
09:47:13,634 - []
09:47:13,665 - []
09:47:13,771 - []
09:47:13,800 - []
09:47:13,837 - []
09:47:13,887 - []
09:47:13,940 - []
09:47:14,039 - action Human_1 goTo(DropZone)
09:47:14,056 - []
09:47:14,066 - []
09:47:14,107 - []
09:47:14,164 - []
09:47:14,213 - []
09:47:14,263 - []
09:47:14,314 - []
09:47:14,365 - []
09:47:14,415 - []
09:47:14,432 - []
09:47:14,439 - action Bot_1 sendMessage(Human_1,There is a Green block in RoomA2 belief)
09:47:14,439 - Costfunction triggered: -1.0
09:47:14,439 - action Human_1 receiveMessage(Bot_1,There is a Green block in RoomA2 belief)
09:47:14,448 - []
09:47:14,455 - action Bot_1 sendMessage(Human_1,There is a Green block in RoomA2 belief)
09:47:14,455 - Costfunction triggered: -1.0
09:47:14,455 - action Human_1 receiveMessage(Bot_1,There is a Green block in RoomA2 belief)
09:47:14,464 - []
09:47:14,471 - [[Bot_1, There is a Green block in RoomA2 belief], [Bot_1, There is a Green block in RoomA2 belief]]
09:47:14,475 - action Bot_1 sendMessage(Human_1,There is a Yellow block in RoomA2 belief)
09:47:14,476 - Costfunction triggered: -1.0
09:47:14,476 - action Human_1 receiveMessage(Bot_1,There is a Yellow block in RoomA2 belief)
09:47:14,481 - []
09:47:14,498 - []
09:47:14,516 - []
09:47:14,533 - []
09:47:14,542 - [[Bot_1, There is a Yellow block in RoomA2 belief]]
09:47:14,599 - []
09:47:14,601 - []
09:47:14,661 - []
09:47:14,721 - []
09:47:14,766 - []
09:47:14,773 - []
09:47:14,830 - []
09:47:14,881 - []
09:47:14,933 - []
09:47:14,984 - []
09:47:15,033 - []
09:47:15,037 - []
09:47:15,090 - []
09:47:15,143 - []
09:47:15,198 - []
09:47:15,248 - []
09:47:15,324 - []
09:47:15,376 - []
09:47:15,400 - []
09:47:15,427 - []
09:47:15,478 - []
09:47:15,528 - []
09:47:15,581 - []
09:47:15,632 - []
09:47:15,684 - []
09:47:15,735 - []
09:47:15,786 - []
09:47:15,837 - []
09:47:15,867 - []
09:47:15,892 - []
09:47:15,944 - []
09:47:15,994 - []
09:47:16,043 - []
09:47:16,093 - []
09:47:16,141 - []
09:47:16,191 - []
09:47:16,241 - []
09:47:16,291 - []
09:47:16,341 - []
09:47:16,391 - []
09:47:16,434 - []
09:47:16,440 - []
09:47:16,490 - []
09:47:16,539 - []
09:47:16,588 - []
09:47:16,638 - []
09:47:16,673 - action Human_1 sendMessage(all,I have a Red block)
09:47:16,673 - Costfunction triggered: -1.0
09:47:16,673 - action Human_1 receiveMessage(Human_1,I have a Red block)
09:47:16,673 - action Bot_1 receiveMessage(Human_1,I have a Red block)
09:47:16,690 - [[Human_1, I have a Red block]]
09:47:16,698 - [[Human_1, I have a Red block]]
09:47:16,715 - []
09:47:16,732 - []
09:47:16,742 - []
09:47:16,793 - []
09:47:16,842 - []
09:47:16,893 - []
09:47:16,901 - []
09:47:16,943 - []
09:47:16,995 - []
09:47:17,045 - []
09:47:17,094 - []
09:47:17,146 - []
09:47:17,169 - []
09:47:17,195 - []
09:47:17,248 - []
09:47:17,301 - []
09:47:17,351 - []
09:47:17,401 - []
09:47:17,454 - []
09:47:17,503 - []
09:47:17,532 - []
09:47:17,549 - []
09:47:17,556 - []
09:47:17,558 - action Bot_1 goTo(RoomA3)
09:47:17,572 - []
09:47:17,589 - []
09:47:17,596 - action Bot_1 sendMessage(Human_1,I am going to Room A3 to search for the Red block)
09:47:17,596 - Costfunction triggered: -1.0
09:47:17,596 - action Human_1 receiveMessage(Bot_1,I am going to Room A3 to search for the Red block)
09:47:17,604 - [[Bot_1, I am going to Room A3 to search for the Red block]]
09:47:17,605 - []
09:47:17,659 - []
09:47:17,670 - []
09:47:17,712 - []
09:47:17,763 - []
09:47:17,812 - []
09:47:17,836 - []
09:47:17,866 - []
09:47:17,922 - []
09:47:17,971 - []
09:47:18,021 - []
09:47:18,076 - []
09:47:18,103 - []
09:47:18,131 - []
09:47:18,185 - []
09:47:18,240 - []
09:47:18,293 - []
09:47:18,344 - []
09:47:18,399 - []
09:47:18,456 - []
09:47:18,469 - []
09:47:18,510 - []
09:47:18,561 - []
09:47:18,614 - []
09:47:18,665 - []
09:47:18,715 - []
09:47:18,766 - []
09:47:18,817 - []
09:47:18,871 - []
09:47:18,935 - []
09:47:19,500 - []
09:47:19,647 - []
09:47:19,707 - []
09:47:19,763 - []
09:47:19,819 - []
09:47:19,874 - []
09:47:19,925 - []
09:47:19,978 - []
09:47:20,029 - []
09:47:20,080 - []
09:47:20,132 - []
09:47:20,167 - []
09:47:20,182 - []
09:47:20,234 - []
09:47:20,285 - []
09:47:20,342 - []
09:47:20,397 - []
09:47:20,453 - []
09:47:20,466 - []
09:47:20,481 - []
09:47:20,499 - []
09:47:20,511 - []
09:47:20,579 - []
09:47:20,636 - []
09:47:20,666 - []
09:47:20,686 - []
09:47:20,736 - []
09:47:20,785 - []
09:47:20,836 - []
09:47:20,888 - []
09:47:20,936 - []
09:47:20,943 - []
09:47:20,994 - []
09:47:21,049 - []
09:47:21,101 - []
09:47:21,157 - []
09:47:21,209 - []
09:47:21,265 - []
09:47:21,302 - []
09:47:21,319 - []
09:47:21,322 - []
09:47:21,334 - []
09:47:21,350 - []
09:47:21,372 - []
09:47:21,432 - []
09:47:21,487 - []
09:47:21,536 - []
09:47:21,592 - []
09:47:21,642 - []
09:47:21,697 - []
09:47:21,734 - []
09:47:21,753 - []
09:47:21,805 - []
09:47:21,858 - []
09:47:21,901 - []
09:47:21,909 - []
09:47:21,960 - []
09:47:22,013 - []
09:47:22,066 - []
09:47:22,115 - []
09:47:22,165 - []
09:47:22,168 - []
09:47:22,215 - []
09:47:22,267 - []
09:47:22,318 - []
09:47:22,373 - []
09:47:22,423 - []
09:47:22,472 - []
09:47:22,523 - []
09:47:22,533 - []
09:47:22,574 - []
09:47:22,625 - []
09:47:22,676 - []
09:47:22,728 - []
09:47:22,789 - []
09:47:22,840 - []
09:47:22,889 - []
09:47:22,938 - []
09:47:22,990 - []
09:47:22,999 - []
09:47:23,040 - []
09:47:23,101 - []
09:47:23,152 - []
09:47:23,203 - []
09:47:23,255 - []
09:47:23,304 - []
09:47:23,353 - []
09:47:23,409 - []
09:47:23,459 - []
09:47:23,511 - []
09:47:23,561 - []
09:47:23,563 - []
09:47:23,610 - []
09:47:23,623 - []
09:47:23,659 - []
09:47:23,710 - []
09:47:23,760 - []
09:47:23,789 - []
09:47:23,810 - []
09:47:23,862 - []
09:47:23,911 - []
09:47:23,959 - []
09:47:23,969 - action Human_1 putDown
09:47:24,011 - []
09:47:24,056 - []
09:47:24,068 - []
09:47:24,117 - []
09:47:24,166 - []
09:47:24,215 - []
09:47:24,264 - []
09:47:24,315 - []
09:47:24,351 - []
09:47:24,365 - []
09:47:24,366 - []
09:47:24,371 - action Bot_1 goTo(RoomB3)
09:47:24,385 - []
09:47:24,401 - []
09:47:24,406 - action Bot_1 sendMessage(Human_1,I am going to Room B3 to search for the Red block)
09:47:24,406 - Costfunction triggered: -1.0
09:47:24,407 - action Human_1 receiveMessage(Bot_1,I am going to Room B3 to search for the Red block)
09:47:24,417 - [[Bot_1, I am going to Room B3 to search for the Red block]]
09:47:24,419 - []
09:47:24,479 - []
09:47:24,537 - []
09:47:24,584 - []
09:47:24,593 - []
09:47:24,677 - []
09:47:24,726 - []
09:47:24,782 - []
09:47:24,831 - []
09:47:24,854 - []
09:47:24,883 - []
09:47:24,933 - []
09:47:25,016 - []
09:47:25,094 - []
09:47:25,150 - []
09:47:25,220 - []
09:47:25,283 - []
09:47:25,369 - []
09:47:25,418 - []
09:47:25,467 - []
09:47:25,518 - []
09:47:25,566 - []
09:47:25,613 - []
09:47:25,663 - []
09:47:25,686 - []
09:47:25,713 - []
09:47:25,722 - action Human_1 goTo(RoomC1)
09:47:25,762 - []
09:47:25,817 - []
09:47:25,868 - []
09:47:25,926 - []
09:47:25,982 - []
09:47:26,036 - []
09:47:26,087 - []
09:47:26,140 - []
09:47:26,192 - []
09:47:26,245 - []
09:47:26,250 - []
09:47:26,296 - []
09:47:26,347 - []
09:47:26,398 - []
09:47:26,449 - []
09:47:26,501 - []
09:47:26,552 - []
09:47:26,634 - []
09:47:26,694 - []
09:47:26,746 - []
09:47:26,801 - []
09:47:26,859 - []
09:47:26,909 - []
09:47:26,917 - []
09:47:26,960 - []
09:47:27,011 - []
09:47:27,062 - []
09:47:27,118 - []
09:47:27,174 - []
09:47:27,232 - []
09:47:27,288 - []
09:47:27,340 - []
09:47:27,407 - []
09:47:27,459 - []
09:47:27,510 - []
09:47:27,562 - []
09:47:27,612 - []
09:47:27,661 - []
09:47:27,682 - []
09:47:27,710 - []
09:47:27,760 - []
09:47:27,811 - []
09:47:27,868 - []
09:47:27,926 - []
09:47:27,981 - []
09:47:28,036 - []
09:47:28,089 - []
09:47:28,145 - []
09:47:28,196 - []
09:47:28,246 - []
09:47:28,298 - []
09:47:28,349 - []
09:47:28,402 - []
09:47:28,458 - []
09:47:28,510 - []
09:47:28,549 - []
09:47:28,561 - []
09:47:28,617 - []
09:47:28,666 - []
09:47:28,717 - []
09:47:28,768 - []
09:47:28,821 - []
09:47:28,871 - []
09:47:28,925 - []
09:47:28,975 - []
09:47:29,026 - []
09:47:29,075 - []
09:47:29,126 - []
09:47:29,176 - []
09:47:29,230 - []
09:47:29,282 - []
09:47:29,334 - []
09:47:29,382 - []
09:47:29,434 - []
09:47:29,483 - []
09:47:29,514 - []
09:47:29,534 - []
09:47:29,585 - []
09:47:29,637 - []
09:47:29,686 - []
09:47:29,739 - []
09:47:29,788 - []
09:47:29,843 - []
09:47:29,892 - []
09:47:29,944 - []
09:47:29,993 - []
09:47:30,046 - []
09:47:30,095 - []
09:47:30,152 - []
09:47:30,205 - []
09:47:30,256 - []
09:47:30,305 - []
09:47:30,356 - []
09:47:30,405 - []
09:47:30,436 - []
09:47:30,457 - []
09:47:30,507 - []
09:47:30,560 - []
09:47:30,601 - []
09:47:30,610 - []
09:47:30,662 - []
09:47:30,712 - []
09:47:30,866 - []
09:47:31,232 - []
09:47:31,456 - []
09:47:31,505 - []
09:47:31,556 - []
09:47:31,619 - []
09:47:31,669 - []
09:47:31,699 - []
09:47:31,722 - []
09:47:31,770 - []
09:47:31,819 - []
09:47:31,871 - []
09:47:31,926 - []
09:47:31,977 - []
09:47:32,026 - []
09:47:32,075 - []
09:47:32,126 - []
09:47:32,176 - []
09:47:32,225 - []
09:47:32,266 - []
09:47:32,273 - action Bot_1 sendMessage(Human_1,There is a Pink block in RoomB3 belief)
09:47:32,274 - Costfunction triggered: -1.0
09:47:32,274 - action Human_1 receiveMessage(Bot_1,There is a Pink block in RoomB3 belief)
09:47:32,275 - [[Bot_1, There is a Pink block in RoomB3 belief]]
09:47:32,283 - []
09:47:32,290 - action Bot_1 sendMessage(Human_1,There is a Yellow block in RoomB3 belief)
09:47:32,290 - Costfunction triggered: -1.0
09:47:32,290 - action Human_1 receiveMessage(Bot_1,There is a Yellow block in RoomB3 belief)
09:47:32,300 - []
09:47:32,317 - []
09:47:32,331 - [[Bot_1, There is a Yellow block in RoomB3 belief]]
09:47:32,331 - []
09:47:32,347 - []
09:47:32,382 - []
09:47:32,413 - []
09:47:32,434 - []
09:47:32,483 - []
09:47:32,534 - []
09:47:32,580 - []
09:47:32,589 - []
09:47:32,638 - []
09:47:32,688 - []
09:47:32,738 - []
09:47:32,788 - []
09:47:32,841 - []
09:47:32,846 - []
09:47:32,890 - []
09:47:32,938 - []
09:47:32,988 - []
09:47:33,037 - []
09:47:33,088 - []
09:47:33,138 - []
09:47:33,188 - []
09:47:33,210 - []
09:47:33,236 - []
09:47:33,285 - []
09:47:33,337 - []
09:47:33,394 - []
09:47:33,444 - []
09:47:33,495 - []
09:47:33,544 - []
09:47:33,594 - []
09:47:33,645 - []
09:47:33,676 - []
09:47:33,694 - []
09:47:33,746 - []
09:47:33,798 - []
09:47:33,850 - []
09:47:33,900 - []
09:47:33,951 - []
09:47:34,001 - []
09:47:34,050 - []
09:47:34,099 - []
09:47:34,148 - []
09:47:34,197 - []
09:47:34,243 - []
09:47:34,248 - []
09:47:34,298 - []
09:47:34,351 - []
09:47:34,400 - []
09:47:34,453 - []
09:47:34,502 - []
09:47:34,556 - []
09:47:34,606 - []
09:47:34,657 - []
09:47:34,706 - []
09:47:34,759 - []
09:47:34,809 - []
09:47:34,862 - []
09:47:34,907 - []
09:47:34,910 - []
09:47:34,964 - []
09:47:35,014 - []
09:47:35,066 - []
09:47:35,117 - []
09:47:35,169 - []
09:47:35,219 - []
09:47:35,290 - []
09:47:35,347 - []
09:47:35,347 - []
09:47:35,363 - []
09:47:35,368 - action Bot_1 goTo(RoomB2)
09:47:35,382 - []
09:47:35,398 - []
09:47:35,400 - []
09:47:35,406 - action Bot_1 sendMessage(Human_1,I am going to Room B2 to search for the Red block)
09:47:35,406 - Costfunction triggered: -1.0
09:47:35,406 - action Human_1 receiveMessage(Bot_1,I am going to Room B2 to search for the Red block)
09:47:35,415 - []
09:47:35,451 - [[Bot_1, I am going to Room B2 to search for the Red block]]
09:47:35,482 - []
09:47:35,505 - []
09:47:35,555 - []
09:47:35,607 - []
09:47:35,649 - []
09:47:35,657 - []
09:47:35,709 - []
09:47:35,760 - []
09:47:35,812 - []
09:47:35,862 - []
09:47:35,914 - []
09:47:35,916 - []
09:47:35,968 - []
09:47:36,023 - []
09:47:36,073 - []
09:47:36,128 - []
09:47:36,198 - []
09:47:36,247 - []
09:47:36,283 - []
09:47:36,309 - []
09:47:36,361 - []
09:47:36,408 - []
09:47:36,460 - []
09:47:36,510 - []
09:47:36,560 - []
09:47:36,612 - []
09:47:36,667 - []
09:47:36,726 - []
09:47:36,749 - []
09:47:36,781 - []
09:47:36,836 - []
09:47:36,973 - []
09:47:37,125 - []
09:47:37,177 - []
09:47:37,228 - []
09:47:37,279 - []
09:47:37,314 - []
09:47:37,331 - []
09:47:37,382 - []
09:47:37,438 - []
09:47:37,494 - []
09:47:37,549 - []
09:47:37,605 - []
09:47:37,666 - []
09:47:37,720 - []
09:47:37,775 - []
09:47:37,824 - []
09:47:37,878 - []
09:47:37,927 - []
09:47:37,980 - []
09:47:37,981 - []
09:47:38,033 - []
09:47:38,092 - []
09:47:38,142 - []
09:47:38,196 - []
09:47:38,250 - []
09:47:38,300 - []
09:47:38,367 - []
09:47:38,385 - []
09:47:38,494 - []
09:47:38,536 - []
09:47:38,546 - []
09:47:38,596 - []
09:47:38,644 - []
09:47:38,696 - []
09:47:38,751 - []
09:47:38,803 - []
09:47:38,840 - []
09:47:38,897 - []
09:47:38,950 - []
09:47:39,009 - []
09:47:39,133 - []
09:47:39,170 - []
09:47:39,178 - action Bot_1 sendMessage(Human_1,There is a Blue block in RoomB2 belief)
09:47:39,179 - Costfunction triggered: -1.0
09:47:39,179 - action Human_1 receiveMessage(Bot_1,There is a Blue block in RoomB2 belief)
09:47:39,183 - [[Bot_1, There is a Blue block in RoomB2 belief]]
09:47:39,187 - []
09:47:39,196 - action Bot_1 sendMessage(Human_1,There is a Yellow block in RoomB2 belief)
09:47:39,196 - Costfunction triggered: -1.0
09:47:39,196 - action Human_1 receiveMessage(Bot_1,There is a Yellow block in RoomB2 belief)
09:47:39,206 - []
09:47:39,221 - []
09:47:39,234 - [[Bot_1, There is a Yellow block in RoomB2 belief]]
09:47:39,235 - []
09:47:39,249 - []
09:47:39,286 - []
09:47:39,315 - []
09:47:39,336 - []
09:47:39,385 - []
09:47:39,442 - []
09:47:39,481 - []
09:47:39,490 - []
09:47:39,540 - []
09:47:39,588 - []
09:47:39,638 - []
09:47:39,688 - []
09:47:39,736 - []
09:47:39,748 - []
09:47:39,787 - []
09:47:39,836 - []
09:47:39,884 - []
09:47:39,933 - []
09:47:39,981 - []
09:47:40,032 - []
09:47:40,082 - []
09:47:40,113 - []
09:47:40,131 - []
09:47:40,184 - []
09:47:40,234 - []
09:47:40,287 - []
09:47:40,335 - []
09:47:40,384 - []
09:47:40,433 - []
09:47:40,483 - []
09:47:40,533 - []
09:47:40,580 - []
09:47:40,581 - []
09:47:40,629 - []
09:47:40,680 - []
09:47:40,728 - []
09:47:40,776 - []
09:47:40,826 - []
09:47:40,875 - []
09:47:40,924 - []
09:47:40,973 - []
09:47:41,021 - []
09:47:41,072 - []
09:47:41,122 - []
09:47:41,146 - []
09:47:41,173 - []
09:47:41,222 - []
09:47:41,270 - []
09:47:41,321 - []
09:47:41,369 - []
09:47:41,420 - []
09:47:41,433 - []
09:47:41,470 - []
09:47:41,556 - []
09:47:41,599 - []
09:47:41,606 - []
09:47:41,659 - []
09:47:41,707 - []
09:47:41,756 - []
09:47:41,806 - []
09:47:41,856 - []
09:47:41,864 - []
09:47:41,904 - []
09:47:41,953 - []
09:47:42,002 - []
09:47:42,050 - []
09:47:42,098 - []
09:47:42,150 - []
09:47:42,199 - []
09:47:42,229 - []
09:47:42,250 - []
09:47:42,265 - []
09:47:42,270 - action Bot_1 goTo(RoomB1)
09:47:42,284 - []
09:47:42,290 - []
09:47:42,300 - []
09:47:42,306 - action Bot_1 sendMessage(Human_1,I am going to Room B1 to search for the Red block)
09:47:42,306 - Costfunction triggered: -1.0
09:47:42,306 - action Human_1 receiveMessage(Bot_1,I am going to Room B1 to search for the Red block)
09:47:42,316 - []
09:47:42,337 - [[Bot_1, I am going to Room B1 to search for the Red block]]
09:47:42,382 - []
09:47:42,386 - []
09:47:42,442 - []
09:47:42,548 - []
09:47:42,549 - []
09:47:42,645 - []
09:47:42,718 - []
09:47:42,770 - []
09:47:42,816 - []
09:47:42,820 - []
09:47:42,873 - []
09:47:42,930 - []
09:47:42,989 - []
09:47:43,045 - []
09:47:43,118 - []
09:47:43,169 - []
09:47:43,185 - []
09:47:43,222 - []
09:47:43,272 - []
09:47:43,323 - []
09:47:43,378 - []
09:47:43,429 - []
09:47:43,479 - []
09:47:43,530 - []
09:47:43,582 - []
09:47:43,634 - []
09:47:43,653 - []
09:47:43,713 - []
09:47:43,773 - []
09:47:43,855 - []
09:47:43,965 - []
09:47:44,048 - []
09:47:44,098 - []
09:47:44,160 - []
09:47:44,216 - []
09:47:44,220 - []
09:47:44,269 - []
09:47:44,327 - []
09:47:44,466 - []
09:47:44,596 - []
09:47:44,651 - []
09:47:44,711 - []
09:47:44,762 - []
09:47:44,812 - []
09:47:44,864 - []
09:47:44,888 - []
09:47:44,914 - []
09:47:44,964 - []
09:47:45,021 - []
09:47:45,152 - []
09:47:45,206 - []
09:47:45,224 - []
09:47:45,291 - []
09:47:45,353 - []
09:47:45,395 - []
09:47:45,409 - []
09:47:45,461 - []
09:47:45,514 - []
09:47:45,582 - []
09:47:45,644 - []
09:47:45,662 - []
09:47:45,696 - []
09:47:45,756 - []
09:47:45,913 - []
09:47:46,018 - []
09:47:46,029 - []
09:47:46,051 - action Bot_1 goToBlock(56)
09:47:46,054 - []
09:47:46,067 - action Bot_1 sendMessage(Human_1,There is a Pink block in RoomB1 belief)
09:47:46,067 - Costfunction triggered: -1.0
09:47:46,068 - action Human_1 receiveMessage(Bot_1,There is a Pink block in RoomB1 belief)
09:47:46,068 - [[Bot_1, There is a Pink block in RoomB1 belief]]
09:47:46,074 - []
09:47:46,091 - []
09:47:46,101 - action Bot_1 sendMessage(Human_1,There is a Blue block in RoomB1 belief)
09:47:46,101 - Costfunction triggered: -1.0
09:47:46,101 - action Human_1 receiveMessage(Bot_1,There is a Blue block in RoomB1 belief)
09:47:46,110 - []
09:47:46,119 - action Bot_1 sendMessage(Human_1,There is a White block in RoomB1 belief)
09:47:46,119 - Costfunction triggered: -1.0
09:47:46,120 - action Human_1 receiveMessage(Bot_1,There is a White block in RoomB1 belief)
09:47:46,123 - [[Bot_1, There is a Blue block in RoomB1 belief], [Bot_1, There is a White block in RoomB1 belief]]
09:47:46,128 - []
09:47:46,146 - []
09:47:46,164 - []
09:47:46,179 - []
09:47:46,183 - []
09:47:46,202 - []
09:47:46,235 - []
09:47:46,272 - []
09:47:46,293 - []
09:47:46,351 - []
09:47:46,401 - []
09:47:46,441 - []
09:47:46,471 - []
09:47:46,521 - []
09:47:46,572 - []
09:47:46,622 - []
09:47:46,674 - []
09:47:46,709 - []
09:47:46,722 - []
09:47:46,775 - []
09:47:46,825 - []
09:47:46,877 - []
09:47:46,929 - []
09:47:46,982 - []
09:47:47,035 - []
09:47:47,078 - []
09:47:47,086 - []
09:47:47,087 - action Bot_1 pickUp(56)
09:47:47,105 - []
09:47:47,124 - []
09:47:47,135 - []
09:47:47,144 - []
09:47:47,151 - action Bot_1 sendMessage(Human_1,I am going to drop the Red block Please find the White block )
09:47:47,151 - Costfunction triggered: -1.0
09:47:47,151 - action Human_1 receiveMessage(Bot_1,I am going to drop the Red block Please find the White block )
09:47:47,165 - []
09:47:47,186 - [[Bot_1, I am going to drop the Red block Please find the White block ]]
09:47:47,271 - []
09:47:47,328 - []
09:47:47,333 - []
09:47:47,378 - []
09:47:47,441 - action Human_1 goTo(RoomC1)
09:47:47,447 - []
09:47:47,498 - []
09:47:47,560 - []
09:47:47,598 - []
09:47:47,622 - []
09:47:47,673 - []
09:47:47,771 - []
09:47:47,891 - []
09:47:47,940 - []
09:47:47,965 - []
09:47:47,994 - []
09:47:48,050 - []
09:47:48,096 - []
09:47:48,106 - []
09:47:48,156 - []
09:47:48,182 - []
09:47:48,188 - action Bot_1 goTo(DropZone)
09:47:48,204 - []
09:47:48,208 - []
09:47:48,258 - []
09:47:48,308 - []
09:47:48,332 - []
09:47:48,358 - []
09:47:48,408 - []
09:47:48,458 - []
09:47:48,498 - []
09:47:48,508 - []
09:47:48,593 - []
09:47:48,650 - []
09:47:48,709 - []
09:47:48,765 - []
09:47:48,768 - []
09:47:48,824 - []
09:47:48,879 - []
09:47:48,957 - []
09:47:49,010 - []
09:47:49,059 - []
09:47:49,113 - []
09:47:49,133 - []
09:47:49,168 - []
09:47:49,201 - []
09:47:49,220 - []
09:47:49,276 - []
09:47:49,332 - []
09:47:49,368 - []
09:47:49,388 - []
09:47:49,447 - []
09:47:49,498 - []
09:47:49,612 - []
09:47:49,636 - []
09:47:49,665 - []
09:47:49,715 - []
09:47:49,763 - []
09:47:49,815 - []
09:47:49,865 - []
09:47:49,924 - []
09:47:50,004 - []
09:47:50,060 - []
09:47:50,208 - []
09:47:50,219 - []
09:47:50,263 - []
09:47:50,313 - []
09:47:50,363 - []
09:47:50,385 - []
09:47:50,413 - []
09:47:50,462 - []
09:47:50,513 - []
09:47:50,571 - []
09:47:50,650 - []
09:47:50,701 - []
09:47:50,829 - []
09:47:50,902 - []
09:47:50,954 - []
09:47:51,004 - []
09:47:51,019 - []
09:47:51,055 - []
09:47:51,104 - []
09:47:51,153 - []
09:47:51,206 - []
09:47:51,258 - []
09:47:51,309 - []
09:47:51,484 - []
09:47:51,703 - []
09:47:51,759 - []
09:47:51,853 - []
09:47:51,919 - []
09:47:51,970 - []
09:47:52,036 - []
09:47:52,051 - []
09:47:52,085 - []
09:47:52,092 - []
09:47:52,135 - []
09:47:52,146 - []
09:47:52,186 - []
09:47:52,237 - []
09:47:52,290 - []
09:47:52,313 - []
09:47:52,343 - []
09:47:52,393 - []
09:47:52,444 - []
09:47:52,495 - []
09:47:52,543 - []
09:47:52,580 - []
09:47:52,594 - []
09:47:52,644 - []
09:47:52,693 - []
09:47:52,743 - []
09:47:52,791 - []
09:47:52,841 - []
09:47:52,890 - []
09:47:52,941 - []
09:47:52,946 - []
09:47:52,990 - []
09:47:53,043 - []
09:47:53,091 - []
09:47:53,140 - []
09:47:53,191 - []
09:47:53,240 - []
09:47:53,291 - []
09:47:53,344 - []
09:47:53,397 - []
09:47:53,411 - []
09:47:53,446 - []
09:47:53,499 - []
09:47:53,548 - []
09:47:53,601 - []
09:47:53,649 - []
09:47:53,701 - []
09:47:53,750 - []
09:47:53,797 - []
09:47:53,849 - []
09:47:53,897 - []
09:47:53,946 - []
09:47:53,978 - []
09:47:54,001 - []
09:47:54,058 - []
09:47:54,106 - []
09:47:54,155 - []
09:47:54,206 - []
09:47:54,256 - []
09:47:54,305 - []
09:47:54,357 - []
09:47:54,409 - []
09:47:54,458 - []
09:47:54,505 - []
09:47:54,554 - []
09:47:54,602 - []
09:47:54,643 - []
09:47:54,653 - []
09:47:54,702 - []
09:47:54,751 - []
09:47:54,801 - []
09:47:54,850 - []
09:47:54,899 - []
09:47:54,947 - []
09:47:54,995 - []
09:47:55,043 - []
09:47:55,092 - []
09:47:55,140 - []
09:47:55,190 - []
09:47:55,244 - []
09:47:55,301 - []
09:47:55,362 - []
09:47:55,410 - []
09:47:55,411 - []
09:47:55,460 - []
09:47:55,507 - []
09:47:55,555 - []
09:47:55,563 - action Human_1 goToBlock(46)
09:47:55,604 - []
09:47:55,654 - []
09:47:55,707 - []
09:47:55,757 - []
09:47:55,809 - []
09:47:55,861 - []
09:47:55,912 - []
09:47:55,965 - []
09:47:56,016 - []
09:47:56,065 - []
09:47:56,116 - []
09:47:56,170 - []
09:47:56,220 - []
09:47:56,269 - []
09:47:56,322 - []
09:47:56,371 - []
09:47:56,420 - []
09:47:56,469 - []
09:47:56,520 - []
09:47:56,571 - []
09:47:56,622 - []
09:47:56,672 - []
09:47:56,721 - []
09:47:56,784 - []
09:47:56,833 - []
09:47:56,881 - []
09:47:56,933 - []
09:47:56,981 - []
09:47:57,032 - []
09:47:57,083 - []
09:47:57,135 - []
09:47:57,189 - []
09:47:57,238 - []
09:47:57,247 - []
09:47:57,288 - []
09:47:57,336 - []
09:47:57,388 - []
09:47:57,436 - []
09:47:57,489 - []
09:47:57,539 - []
09:47:57,593 - []
09:47:57,644 - []
09:47:57,696 - []
09:47:57,749 - []
09:47:57,800 - []
09:47:57,848 - []
09:47:57,901 - []
09:47:57,949 - []
09:47:57,997 - action Human_1 pickUp(46)
09:47:58,018 - []
09:47:58,070 - []
09:47:58,119 - []
09:47:58,169 - []
09:47:58,219 - []
09:47:58,267 - []
09:47:58,312 - []
09:47:58,316 - []
09:47:58,365 - []
09:47:58,413 - []
09:47:58,462 - []
09:47:58,514 - []
09:47:58,563 - []
09:47:58,616 - []
09:47:58,666 - []
09:47:58,728 - []
09:47:58,780 - []
09:47:58,832 - []
09:47:58,905 - []
09:47:58,954 - []
09:47:59,003 - []
09:47:59,052 - []
09:47:59,101 - []
09:47:59,152 - []
09:47:59,210 - []
09:47:59,264 - []
09:47:59,317 - []
09:47:59,367 - []
09:47:59,379 - []
09:47:59,417 - []
09:47:59,469 - []
09:47:59,516 - []
09:47:59,564 - []
09:47:59,614 - []
09:47:59,662 - []
09:47:59,711 - []
09:47:59,759 - []
09:47:59,807 - []
09:47:59,856 - []
09:47:59,903 - []
09:47:59,951 - []
09:48:00,002 - []
09:48:00,052 - []
09:48:00,102 - []
09:48:00,155 - []
09:48:00,204 - []
09:48:00,261 - []
09:48:00,310 - []
09:48:00,360 - []
09:48:00,409 - []
09:48:00,444 - []
09:48:00,460 - []
09:48:00,512 - []
09:48:00,563 - []
09:48:00,605 - action Human_1 goTo(DropZone)
09:48:00,619 - []
09:48:00,669 - []
09:48:00,719 - []
09:48:00,769 - []
09:48:00,821 - []
09:48:00,875 - []
09:48:00,925 - []
09:48:00,974 - []
09:48:01,024 - []
09:48:01,076 - []
09:48:01,127 - []
09:48:01,178 - []
09:48:01,229 - []
09:48:01,282 - []
09:48:01,332 - []
09:48:01,384 - []
09:48:01,435 - []
09:48:01,486 - []
09:48:01,510 - []
09:48:01,537 - []
09:48:01,588 - []
09:48:01,640 - []
09:48:01,691 - []
09:48:01,743 - []
09:48:01,793 - []
09:48:01,844 - []
09:48:01,896 - []
09:48:01,947 - []
09:48:01,998 - []
09:48:02,049 - []
09:48:02,101 - []
09:48:02,153 - []
09:48:02,208 - []
09:48:02,257 - []
09:48:02,309 - []
09:48:02,359 - []
09:48:02,408 - []
09:48:02,458 - []
09:48:02,510 - []
09:48:02,562 - []
09:48:02,575 - []
09:48:02,579 - action Bot_1 putDown
09:48:02,592 - []
09:48:02,610 - []
09:48:02,614 - []
09:48:02,625 - []
09:48:02,668 - []
09:48:02,718 - []
09:48:02,768 - []
09:48:02,791 - []
09:48:02,817 - []
09:48:02,868 - []
09:48:02,920 - []
09:48:02,970 - []
09:48:03,022 - []
09:48:03,057 - []
09:48:03,073 - []
09:48:03,125 - []
09:48:03,178 - []
09:48:03,227 - []
09:48:03,277 - []
09:48:03,329 - []
09:48:03,380 - []
09:48:03,421 - []
09:48:03,433 - []
09:48:03,491 - []
09:48:03,541 - []
09:48:03,589 - []
09:48:03,611 - []
09:48:03,625 - []
09:48:03,639 - []
09:48:03,640 - []
09:48:03,644 - action Bot_1 goTo(RoomC1)
09:48:03,657 - []
09:48:03,671 - []
09:48:03,675 - action Bot_1 sendMessage(Human_1,I am going to Room C1 to search for the White block)
09:48:03,675 - Costfunction triggered: -1.0
09:48:03,675 - action Human_1 receiveMessage(Bot_1,I am going to Room C1 to search for the White block)
09:48:03,686 - []
09:48:03,690 - [[Bot_1, I am going to Room C1 to search for the White block]]
09:48:03,743 - []
09:48:03,795 - []
09:48:03,844 - []
09:48:03,852 - []
09:48:03,909 - []
09:48:03,974 - []
09:48:04,075 - []
09:48:04,118 - []
09:48:04,124 - []
09:48:04,177 - []
09:48:04,227 - []
09:48:04,277 - []
09:48:04,337 - []
09:48:04,388 - []
09:48:04,482 - []
09:48:04,521 - []
09:48:04,572 - []
09:48:04,621 - []
09:48:04,671 - []
09:48:04,721 - []
09:48:04,770 - []
09:48:04,821 - []
09:48:04,872 - []
09:48:04,921 - []
09:48:04,949 - []
09:48:04,971 - []
09:48:05,028 - []
09:48:05,153 - []
09:48:05,210 - []
09:48:05,272 - []
09:48:05,415 - []
09:48:05,472 - []
09:48:05,514 - []
09:48:05,525 - []
09:48:06,179 - []
09:48:06,251 - []
09:48:06,301 - []
09:48:06,352 - []
09:48:06,406 - []
09:48:06,464 - []
09:48:06,524 - []
09:48:06,585 - []
09:48:06,645 - []
09:48:06,702 - []
09:48:06,759 - []
09:48:06,810 - []
09:48:06,861 - []
09:48:06,913 - []
09:48:06,944 - []
09:48:06,963 - []
09:48:07,016 - []
09:48:07,067 - []
09:48:07,127 - []
09:48:07,187 - []
09:48:07,244 - []
09:48:07,300 - []
09:48:07,364 - []
09:48:07,417 - []
09:48:07,473 - []
09:48:07,528 - []
09:48:07,577 - []
09:48:07,630 - []
09:48:07,682 - []
09:48:07,732 - []
09:48:07,793 - []
09:48:07,811 - []
09:48:07,843 - []
09:48:07,892 - []
09:48:07,943 - []
09:48:07,994 - []
09:48:08,044 - []
09:48:08,093 - []
09:48:08,143 - []
09:48:08,193 - []
09:48:08,245 - []
09:48:08,297 - []
09:48:08,347 - []
09:48:08,396 - []
09:48:08,450 - []
09:48:08,498 - []
09:48:08,553 - []
09:48:08,603 - []
09:48:08,659 - []
09:48:08,708 - []
09:48:08,758 - []
09:48:08,810 - []
09:48:08,860 - []
09:48:08,909 - []
09:48:08,962 - []
09:48:09,013 - []
09:48:09,063 - []
09:48:09,113 - []
09:48:09,164 - []
09:48:09,214 - []
09:48:09,266 - []
09:48:09,315 - []
09:48:09,369 - []
09:48:09,419 - []
09:48:09,473 - []
09:48:09,522 - []
09:48:09,576 - []
09:48:09,625 - []
09:48:09,677 - []
09:48:09,703 - []
09:48:09,726 - []
09:48:09,779 - []
09:48:09,829 - []
09:48:09,868 - []
09:48:09,881 - []
09:48:09,930 - []
09:48:09,988 - []
09:48:10,039 - []
09:48:10,090 - []
09:48:10,135 - []
09:48:10,139 - []
09:48:10,191 - []
09:48:10,239 - []
09:48:10,290 - []
09:48:10,340 - []
09:48:10,395 - []
09:48:10,450 - []
09:48:10,500 - []
09:48:10,507 - []
09:48:10,563 - []
09:48:10,617 - []
09:48:10,668 - []
09:48:10,719 - []
09:48:10,776 - []
09:48:10,827 - []
09:48:10,877 - []
09:48:10,929 - []
09:48:10,966 - []
09:48:10,979 - []
09:48:11,029 - []
09:48:11,079 - []
09:48:11,130 - []
09:48:11,181 - []
09:48:11,231 - []
09:48:11,281 - []
09:48:11,319 - action Human_1 putDown
09:48:11,335 - []
09:48:11,389 - []
09:48:11,439 - []
09:48:11,488 - []
09:48:11,530 - []
09:48:11,539 - []
09:48:11,544 - []
09:48:11,588 - []
09:48:11,637 - []
09:48:11,686 - []
09:48:11,734 - []
09:48:11,781 - []
09:48:11,830 - []
09:48:11,878 - []
09:48:11,925 - []
09:48:11,975 - []
09:48:12,023 - []
09:48:12,071 - []
09:48:12,120 - []
09:48:12,168 - []
09:48:12,211 - []
09:48:12,238 - []
09:48:12,287 - []
09:48:12,338 - []
09:48:12,385 - []
09:48:12,433 - []
09:48:12,487 - []
09:48:12,538 - []
09:48:12,590 - []
09:48:12,639 - []
09:48:12,688 - []
09:48:12,737 - []
09:48:12,785 - []
09:48:12,834 - []
09:48:12,882 - []
09:48:12,930 - []
09:48:12,976 - []
09:48:12,981 - []
09:48:12,983 - action Bot_1 sendMessage(Human_1,There is a Yellow block in RoomC1 belief)
09:48:12,984 - Costfunction triggered: -1.0
09:48:12,984 - action Human_1 receiveMessage(Bot_1,There is a Yellow block in RoomC1 belief)
09:48:12,992 - []
09:48:12,998 - action Bot_1 sendMessage(Human_1,There is a Red block in RoomC1 belief)
09:48:12,998 - Costfunction triggered: -1.0
09:48:12,998 - action Human_1 receiveMessage(Bot_1,There is a Red block in RoomC1 belief)
09:48:13,008 - []
09:48:13,013 - action Bot_1 sendMessage(Human_1,There is a Pink block in RoomC1 belief)
09:48:13,013 - Costfunction triggered: -1.0
09:48:13,013 - action Human_1 receiveMessage(Bot_1,There is a Pink block in RoomC1 belief)
09:48:13,024 - []
09:48:13,030 - [[Bot_1, There is a Yellow block in RoomC1 belief], [Bot_1, There is a Red block in RoomC1 belief], [Bot_1, There is a Pink block in RoomC1 belief]]
09:48:13,039 - []
09:48:13,043 - action Bot_1 sendMessage(Human_1,There is a Green block in RoomC1 belief)
09:48:13,043 - Costfunction triggered: -1.0
09:48:13,043 - action Human_1 receiveMessage(Bot_1,There is a Green block in RoomC1 belief)
09:48:13,047 - action Human_1 goTo(RoomB1)
09:48:13,053 - []
09:48:13,069 - []
09:48:13,084 - []
09:48:13,095 - [[Bot_1, There is a Green block in RoomC1 belief]]
09:48:13,148 - []
09:48:13,149 - []
09:48:13,201 - []
09:48:13,252 - []
09:48:13,303 - []
09:48:13,316 - []
09:48:13,353 - []
09:48:13,402 - []
09:48:13,453 - []
09:48:13,503 - []
09:48:13,554 - []
09:48:13,582 - []
09:48:13,605 - []
09:48:13,656 - []
09:48:13,706 - []
09:48:13,758 - []
09:48:13,809 - []
09:48:13,861 - []
09:48:13,911 - []
09:48:13,946 - []
09:48:13,961 - []
09:48:14,011 - []
09:48:14,063 - []
09:48:14,114 - []
09:48:14,164 - []
09:48:14,214 - []
09:48:14,269 - []
09:48:14,321 - []
09:48:14,375 - []
09:48:14,413 - []
09:48:14,425 - []
09:48:14,476 - []
09:48:14,526 - []
09:48:14,577 - []
09:48:14,627 - []
09:48:14,677 - []
09:48:14,727 - []
09:48:14,777 - []
09:48:14,827 - []
09:48:14,876 - []
09:48:14,925 - []
09:48:14,975 - []
09:48:14,978 - []
09:48:15,023 - []
09:48:15,074 - []
09:48:15,124 - []
09:48:15,174 - []
09:48:15,224 - []
09:48:15,281 - []
09:48:15,333 - []
09:48:15,383 - []
09:48:15,431 - []
09:48:15,481 - []
09:48:15,531 - []
09:48:15,581 - []
09:48:15,632 - []
09:48:15,641 - []
09:48:15,683 - []
09:48:15,734 - []
09:48:15,782 - []
09:48:15,835 - []
09:48:15,885 - []
09:48:15,934 - []
09:48:15,987 - []
09:48:16,036 - []
09:48:16,086 - []
09:48:16,088 - []
09:48:16,101 - []
09:48:16,105 - action Bot_1 goTo(RoomC2)
09:48:16,117 - []
09:48:16,131 - []
09:48:16,135 - action Bot_1 sendMessage(Human_1,I am going to Room C2 to search for the White block)
09:48:16,135 - Costfunction triggered: -1.0
09:48:16,135 - action Human_1 receiveMessage(Bot_1,I am going to Room C2 to search for the White block)
09:48:16,138 - [[Bot_1, I am going to Room C2 to search for the White block]]
09:48:16,145 - []
09:48:16,194 - []
09:48:16,210 - []
09:48:16,251 - []
09:48:16,306 - []
09:48:16,361 - []
09:48:16,376 - []
09:48:16,412 - []
09:48:16,465 - []
09:48:16,514 - []
09:48:16,569 - []
09:48:16,625 - []
09:48:16,643 - []
09:48:16,675 - []
09:48:16,731 - []
09:48:16,786 - []
09:48:16,892 - []
09:48:16,946 - []
09:48:16,999 - []
09:48:17,008 - []
09:48:17,050 - []
09:48:17,100 - []
09:48:17,151 - []
09:48:17,201 - []
09:48:17,253 - []
09:48:17,303 - []
09:48:17,396 - []
09:48:17,450 - []
09:48:17,472 - []
09:48:17,505 - []
09:48:17,560 - []
09:48:17,620 - []
09:48:17,672 - []
09:48:17,729 - []
09:48:17,779 - []
09:48:17,830 - []
09:48:17,883 - []
09:48:17,932 - []
09:48:17,985 - []
09:48:18,035 - []
09:48:18,040 - []
09:48:18,699 - []
09:48:18,997 - []
09:48:19,010 - []
09:48:19,040 - []
09:48:19,051 - []
09:48:19,069 - []
09:48:19,103 - []
09:48:19,155 - []
09:48:19,206 - []
09:48:19,234 - []
09:48:19,256 - []
09:48:19,308 - []
09:48:19,358 - []
09:48:19,412 - []
09:48:19,471 - []
09:48:19,500 - []
09:48:19,529 - []
09:48:19,585 - []
09:48:19,642 - []
09:48:19,700 - []
09:48:19,756 - []
09:48:19,806 - []
09:48:19,859 - []
09:48:19,867 - []
09:48:19,873 - action Bot_1 sendMessage(Human_1,There is a Red block in RoomC2 belief)
09:48:19,873 - Costfunction triggered: -1.0
09:48:19,873 - action Human_1 receiveMessage(Bot_1,There is a Red block in RoomC2 belief)
09:48:19,883 - []
09:48:19,891 - action Bot_1 goToBlock(59)
09:48:19,900 - []
09:48:19,911 - [[Bot_1, There is a Red block in RoomC2 belief]]
09:48:19,917 - []
09:48:19,933 - []
09:48:19,949 - []
09:48:19,972 - []
09:48:20,015 - []
09:48:20,024 - []
09:48:20,075 - []
09:48:20,125 - []
09:48:20,174 - []
09:48:20,182 - []
09:48:20,225 - []
09:48:20,276 - []
09:48:20,327 - []
09:48:20,378 - []
09:48:20,430 - []
09:48:20,448 - []
09:48:20,463 - []
09:48:20,486 - []
09:48:20,537 - []
09:48:20,590 - []
09:48:20,640 - []
09:48:20,692 - []
09:48:20,744 - []
09:48:20,795 - []
09:48:20,828 - []
09:48:20,844 - []
09:48:20,894 - []
09:48:20,943 - []
09:48:20,992 - []
09:48:21,045 - []
09:48:21,094 - []
09:48:21,145 - []
09:48:21,196 - []
09:48:21,249 - []
09:48:21,295 - []
09:48:21,297 - []
09:48:21,349 - []
09:48:21,399 - []
09:48:21,452 - []
09:48:21,464 - []
09:48:21,468 - action Bot_1 pickUp(59)
09:48:21,481 - []
09:48:21,497 - []
09:48:21,502 - []
09:48:21,513 - []
09:48:21,517 - action Bot_1 sendMessage(Human_1,I am going to drop the White block Please find the Blue block )
09:48:21,517 - Costfunction triggered: -1.0
09:48:21,517 - action Human_1 receiveMessage(Bot_1,I am going to drop the White block Please find the Blue block )
09:48:21,530 - []
09:48:21,556 - [[Bot_1, I am going to drop the White block Please find the Blue block ]]
09:48:21,611 - []
09:48:21,666 - []
09:48:21,696 - []
09:48:21,716 - []
09:48:21,786 - []
09:48:21,835 - []
09:48:21,885 - []
09:48:21,935 - []
09:48:21,962 - []
09:48:21,990 - []
09:48:22,046 - []
09:48:22,101 - []
09:48:22,157 - []
09:48:22,160 - []
09:48:22,211 - []
09:48:22,265 - []
09:48:22,321 - []
09:48:22,327 - []
09:48:22,372 - []
09:48:22,422 - []
09:48:22,475 - []
09:48:22,527 - []
09:48:22,545 - []
09:48:22,548 - action Bot_1 goTo(DropZone)
09:48:22,562 - []
09:48:22,583 - []
09:48:22,632 - []
09:48:22,686 - []
09:48:22,728 - []
09:48:22,761 - []
09:48:22,886 - []
09:48:22,945 - []
09:48:22,965 - []
09:48:23,002 - []
09:48:23,052 - []
09:48:23,101 - []
09:48:23,131 - []
09:48:23,152 - []
09:48:23,209 - []
09:48:23,259 - []
09:48:23,317 - []
09:48:23,373 - []
09:48:23,396 - []
09:48:23,429 - []
09:48:23,486 - []
09:48:23,654 - []
09:48:23,709 - []
09:48:23,760 - []
09:48:23,761 - []
09:48:23,811 - []
09:48:23,860 - []
09:48:23,911 - []
09:48:23,960 - []
09:48:24,014 - []
09:48:24,068 - []
09:48:24,125 - []
09:48:24,181 - []
09:48:24,227 - []
09:48:24,239 - []
09:48:24,290 - []
09:48:24,349 - []
09:48:24,399 - []
09:48:24,448 - []
09:48:24,497 - []
09:48:24,547 - []
09:48:24,579 - []
09:48:24,599 - []
09:48:24,647 - []
09:48:24,698 - []
09:48:24,747 - []
09:48:24,749 - []
09:48:24,822 - []
09:48:24,873 - []
09:48:24,929 - []
09:48:24,987 - []
09:48:25,013 - []
09:48:25,044 - []
09:48:25,098 - []
09:48:25,151 - []
09:48:25,201 - []
09:48:25,253 - []
09:48:25,320 - []
09:48:25,371 - []
09:48:25,377 - []
09:48:25,428 - []
09:48:25,558 - []
09:48:25,610 - []
09:48:25,665 - []
09:48:25,726 - []
09:48:25,776 - []
09:48:25,827 - []
09:48:25,844 - []
09:48:25,880 - []
09:48:25,932 - []
09:48:25,982 - []
09:48:26,030 - []
09:48:26,079 - []
09:48:26,130 - []
09:48:26,178 - []
09:48:26,228 - []
09:48:26,278 - []
09:48:26,329 - []
09:48:26,381 - []
09:48:26,411 - []
09:48:26,428 - []
09:48:26,479 - []
09:48:26,528 - []
09:48:26,577 - []
09:48:26,625 - []
09:48:26,676 - []
09:48:26,724 - []
09:48:26,773 - []
09:48:26,824 - []
09:48:26,872 - []
09:48:26,923 - []
09:48:26,970 - []
09:48:27,018 - []
09:48:27,069 - []
09:48:27,076 - []
09:48:27,119 - []
09:48:27,187 - []
09:48:27,250 - []
09:48:27,300 - []
09:48:27,347 - []
09:48:27,395 - []
09:48:27,447 - []
09:48:27,496 - []
09:48:27,544 - []
09:48:27,595 - []
09:48:27,644 - []
09:48:27,692 - []
09:48:27,742 - []
09:48:27,791 - []
09:48:27,840 - []
09:48:27,843 - []
09:48:27,888 - []
09:48:27,938 - []
09:48:27,986 - []
09:48:28,039 - []
09:48:28,087 - []
09:48:28,136 - []
09:48:28,185 - []
09:48:28,234 - []
09:48:28,279 - action Human_1 pickUp(55)
09:48:28,295 - []
09:48:28,349 - []
09:48:28,397 - []
09:48:28,445 - []
09:48:28,495 - []
09:48:28,543 - []
09:48:28,591 - []
09:48:28,638 - []
09:48:28,686 - []
09:48:28,734 - []
09:48:28,781 - []
09:48:28,829 - []
09:48:28,879 - []
09:48:28,930 - []
09:48:28,980 - []
09:48:29,032 - []
09:48:29,081 - []
09:48:29,133 - []
09:48:29,182 - []
09:48:29,246 - []
09:48:29,295 - []
09:48:29,345 - []
09:48:29,394 - []
09:48:29,443 - []
09:48:29,495 - []
09:48:29,550 - []
09:48:29,602 - []
09:48:29,653 - []
09:48:29,679 - []
09:48:29,701 - []
09:48:29,749 - []
09:48:29,799 - []
09:48:29,852 - []
09:48:29,901 - []
09:48:29,951 - []
09:48:29,999 - []
09:48:30,053 - []
09:48:30,103 - []
09:48:30,157 - []
09:48:30,205 - []
09:48:30,253 - []
09:48:30,304 - []
09:48:30,337 - action Human_1 goTo(DropZone)
09:48:30,353 - []
09:48:30,402 - []
09:48:30,451 - []
09:48:30,501 - []
09:48:30,551 - []
09:48:30,602 - []
09:48:30,653 - []
09:48:30,711 - []
09:48:30,745 - []
09:48:30,762 - []
09:48:30,822 - []
09:48:30,873 - []
09:48:30,925 - []
09:48:30,978 - []
09:48:31,030 - []
09:48:31,083 - []
09:48:31,133 - []
09:48:31,185 - []
09:48:31,235 - []
09:48:31,287 - []
09:48:31,339 - []
09:48:31,391 - []
09:48:31,440 - []
09:48:31,493 - []
09:48:31,544 - []
09:48:31,594 - []
09:48:31,644 - []
09:48:31,697 - []
09:48:31,748 - []
09:48:31,796 - []
09:48:31,808 - []
09:48:31,850 - []
09:48:31,902 - []
09:48:31,952 - []
09:48:32,006 - []
09:48:32,058 - []
09:48:32,110 - []
09:48:32,159 - []
09:48:32,215 - []
09:48:32,265 - []
09:48:32,316 - []
09:48:32,365 - []
09:48:32,417 - []
09:48:32,466 - []
09:48:32,518 - []
09:48:32,568 - []
09:48:32,621 - []
09:48:32,680 - []
09:48:32,731 - []
09:48:32,780 - []
09:48:32,830 - []
09:48:32,873 - []
09:48:32,880 - []
09:48:32,938 - []
09:48:32,988 - []
09:48:33,038 - []
09:48:33,092 - []
09:48:33,142 - []
09:48:33,191 - []
09:48:33,239 - []
09:48:33,289 - []
09:48:33,339 - []
09:48:33,390 - []
09:48:33,440 - []
09:48:33,491 - []
09:48:33,541 - []
09:48:33,590 - []
09:48:33,626 - action Human_1 sendMessage(all,I have a Blue block)
09:48:33,626 - Costfunction triggered: -1.0
09:48:33,626 - action Human_1 receiveMessage(Human_1,I have a Blue block)
09:48:33,626 - action Bot_1 receiveMessage(Human_1,I have a Blue block)
09:48:33,644 - [[Human_1, I have a Blue block]]
09:48:33,698 - []
09:48:33,749 - []
09:48:33,805 - []
09:48:33,854 - []
09:48:33,905 - []
09:48:33,938 - [[Human_1, I have a Blue block]]
09:48:33,955 - []
09:48:34,004 - []
09:48:34,055 - []
09:48:34,105 - []
09:48:34,157 - []
09:48:34,210 - []
09:48:34,266 - []
09:48:34,316 - []
09:48:34,366 - []
09:48:34,416 - []
09:48:34,469 - []
09:48:34,521 - []
09:48:34,572 - []
09:48:34,623 - []
09:48:34,671 - []
09:48:34,718 - []
09:48:34,770 - []
09:48:34,821 - []
09:48:34,870 - []
09:48:34,920 - []
09:48:34,972 - []
09:48:35,004 - []
09:48:35,010 - action Bot_1 putDown
09:48:35,022 - []
09:48:35,023 - []
09:48:35,039 - []
09:48:35,053 - []
09:48:35,077 - []
09:48:35,127 - []
09:48:35,179 - []
09:48:35,219 - []
09:48:35,232 - []
09:48:35,300 - []
09:48:35,359 - []
09:48:35,411 - []
09:48:35,467 - []
09:48:35,485 - []
09:48:35,518 - []
09:48:35,573 - []
09:48:35,623 - []
09:48:35,674 - []
09:48:35,724 - []
09:48:35,775 - []
09:48:35,825 - []
09:48:35,849 - []
09:48:35,880 - []
09:48:35,929 - []
09:48:35,980 - []
09:48:36,030 - []
09:48:36,042 - []
09:48:36,057 - []
09:48:36,071 - []
09:48:36,076 - action Bot_1 goTo(RoomC3)
09:48:36,081 - []
09:48:36,089 - []
09:48:36,104 - []
09:48:36,109 - action Bot_1 sendMessage(Human_1,I am going to Room C3 to search for the Blue block)
09:48:36,109 - Costfunction triggered: -1.0
09:48:36,109 - action Human_1 receiveMessage(Bot_1,I am going to Room C3 to search for the Blue block)
09:48:36,121 - []
09:48:36,131 - [[Bot_1, I am going to Room C3 to search for the Blue block]]
09:48:36,191 - []
09:48:36,251 - []
09:48:36,286 - []
09:48:36,309 - []
09:48:36,359 - []
09:48:36,409 - []
09:48:36,459 - []
09:48:36,520 - []
09:48:36,552 - []
09:48:36,571 - []
09:48:36,621 - []
09:48:36,670 - []
09:48:36,726 - []
09:48:36,833 - []
09:48:36,919 - []
09:48:36,955 - []
09:48:37,076 - []
09:48:37,125 - []
09:48:37,175 - []
09:48:37,226 - []
09:48:37,278 - []
09:48:37,329 - []
09:48:37,381 - []
09:48:37,383 - []
09:48:37,432 - []
09:48:37,950 - []
09:48:38,208 - []
09:48:38,312 - []
09:48:38,434 - []
09:48:38,577 - []
09:48:38,614 - []
09:48:38,632 - []
09:48:38,684 - []
09:48:38,736 - []
09:48:38,788 - []
09:48:38,839 - []
09:48:38,896 - []
09:48:38,974 - []
09:48:39,030 - []
09:48:39,228 - []
09:48:39,287 - []
09:48:39,341 - []
09:48:39,380 - []
09:48:39,400 - []
09:48:39,450 - []
09:48:39,503 - []
09:48:39,557 - []
09:48:39,609 - []
09:48:39,839 - []
09:48:39,927 - []
09:48:39,978 - []
09:48:40,031 - []
09:48:40,083 - []
09:48:40,137 - []
09:48:40,192 - []
09:48:40,245 - []
09:48:40,248 - []
09:48:40,300 - []
09:48:40,354 - []
09:48:40,404 - []
09:48:40,455 - []
09:48:40,504 - []
09:48:40,554 - []
09:48:40,603 - []
09:48:40,654 - []
09:48:40,706 - []
09:48:40,755 - []
09:48:40,811 - []
09:48:40,861 - []
09:48:40,913 - []
09:48:40,964 - []
09:48:41,015 - []
09:48:41,065 - []
09:48:41,118 - []
09:48:41,167 - []
09:48:41,220 - []
09:48:41,270 - []
09:48:41,322 - []
09:48:41,372 - []
09:48:41,426 - []
09:48:41,476 - []
09:48:41,527 - []
09:48:41,578 - []
09:48:41,630 - []
09:48:41,679 - []
09:48:41,730 - []
09:48:41,780 - []
09:48:41,833 - []
09:48:41,885 - []
09:48:41,936 - []
09:48:41,985 - []
09:48:42,038 - []
09:48:42,087 - []
09:48:42,136 - []
09:48:42,140 - []
09:48:42,190 - []
09:48:42,243 - []
09:48:42,292 - []
09:48:42,302 - []
09:48:42,345 - []
09:48:42,394 - []
09:48:42,447 - []
09:48:42,497 - []
09:48:42,550 - []
09:48:42,567 - []
09:48:42,600 - []
09:48:42,652 - []
09:48:42,729 - []
09:48:42,779 - []
09:48:42,827 - []
09:48:42,837 - action Human_1 putDown
09:48:42,878 - []
09:48:42,929 - []
09:48:42,934 - []
09:48:42,949 - []
09:48:42,976 - []
09:48:43,025 - []
09:48:43,074 - []
09:48:43,130 - []
09:48:43,178 - []
09:48:43,225 - []
09:48:43,277 - []
09:48:43,323 - []
09:48:43,370 - []
09:48:43,413 - []
09:48:43,413 - []
09:48:43,459 - []
09:48:43,504 - []
09:48:43,550 - []
09:48:43,595 - []
09:48:43,642 - []
09:48:43,687 - []
09:48:43,733 - []
09:48:43,779 - []
09:48:43,825 - []
09:48:43,871 - []
09:48:43,921 - []
09:48:43,970 - []
09:48:43,979 - []
09:48:44,041 - []
09:48:44,090 - []
09:48:44,143 - []
09:48:44,196 - []
09:48:44,250 - []
09:48:44,307 - []
09:48:44,356 - []
09:48:44,405 - []
09:48:44,453 - []
09:48:44,501 - []
09:48:44,550 - []
09:48:44,599 - []
09:48:44,646 - []
09:48:44,648 - []
09:48:44,701 - []
09:48:44,749 - []
09:48:44,801 - []
09:48:44,849 - []
09:48:44,902 - []
09:48:44,936 - action Human_1 goTo(RoomB2)
09:48:44,953 - []
09:48:45,006 - []
09:48:45,055 - []
09:48:45,107 - []
09:48:45,156 - []
09:48:45,224 - []
09:48:45,291 - []
09:48:45,357 - []
09:48:45,411 - []
09:48:45,415 - []
09:48:45,417 - action Bot_1 sendMessage(Human_1,There is a Red block in RoomC3 belief)
09:48:45,417 - Costfunction triggered: -1.0
09:48:45,417 - action Human_1 receiveMessage(Bot_1,There is a Red block in RoomC3 belief)
09:48:45,426 - []
09:48:45,441 - []
09:48:45,455 - []
09:48:45,470 - []
09:48:45,471 - [[Bot_1, There is a Red block in RoomC3 belief]]
09:48:45,523 - []
09:48:45,535 - []
09:48:45,575 - []
09:48:45,626 - []
09:48:45,680 - []
09:48:45,701 - []
09:48:45,732 - []
09:48:45,782 - []
09:48:45,832 - []
09:48:45,884 - []
09:48:45,933 - []
09:48:45,968 - []
09:48:45,982 - []
09:48:46,032 - []
09:48:46,083 - []
09:48:46,133 - []
09:48:46,185 - []
09:48:46,236 - []
09:48:46,292 - []
09:48:46,332 - []
09:48:46,342 - []
09:48:46,391 - []
09:48:46,440 - []
09:48:46,489 - []
09:48:46,542 - []
09:48:46,591 - []
09:48:46,645 - []
09:48:46,698 - []
09:48:46,748 - []
09:48:46,797 - []
09:48:46,799 - []
09:48:46,852 - []
09:48:46,902 - []
09:48:46,954 - []
09:48:47,003 - []
09:48:47,057 - []
09:48:47,107 - []
09:48:47,156 - []
09:48:47,205 - []
09:48:47,258 - []
09:48:47,307 - []
09:48:47,359 - []
09:48:47,362 - []
09:48:47,410 - []
09:48:47,463 - []
09:48:47,514 - []
09:48:47,568 - []
09:48:47,618 - []
09:48:47,669 - []
09:48:47,718 - []
09:48:47,768 - []
09:48:47,818 - []
09:48:47,871 - []
09:48:47,921 - []
09:48:47,975 - []
09:48:48,026 - []
09:48:48,031 - []
09:48:48,080 - []
09:48:48,129 - []
09:48:48,181 - []
09:48:48,230 - []
09:48:48,282 - []
09:48:48,335 - []
09:48:48,386 - []
09:48:48,436 - []
09:48:48,473 - []
09:48:48,487 - []
09:48:48,488 - []
09:48:48,492 - action Bot_1 goTo(RoomA1)
09:48:48,504 - []
09:48:48,518 - []
09:48:48,523 - action Bot_1 sendMessage(Human_1,I am going to Room A1 to search for the Blue block)
09:48:48,523 - Costfunction triggered: -1.0
09:48:48,523 - action Human_1 receiveMessage(Bot_1,I am going to Room A1 to search for the Blue block)
09:48:48,533 - []
09:48:48,539 - [[Bot_1, I am going to Room A1 to search for the Blue block]]
09:48:48,593 - []
09:48:48,599 - []
09:48:48,652 - []
09:48:48,706 - []
09:48:48,758 - []
09:48:48,765 - []
09:48:48,808 - []
09:48:48,869 - []
09:48:48,977 - []
09:48:49,031 - []
09:48:49,034 - []
09:48:49,090 - []
09:48:49,146 - []
09:48:49,205 - []
09:48:49,264 - []
09:48:49,319 - []
09:48:49,370 - []
09:48:49,398 - []
09:48:49,420 - []
09:48:49,474 - []
09:48:49,523 - []
09:48:49,574 - []
09:48:49,623 - []
09:48:49,673 - []
09:48:49,725 - []
09:48:49,856 - []
09:48:49,864 - []
09:48:49,923 - []
09:48:50,428 - []
09:48:50,687 - []
09:48:50,800 - []
09:48:50,854 - []
09:48:50,903 - []
09:48:50,956 - []
09:48:51,009 - []
09:48:51,066 - []
09:48:51,094 - []
09:48:51,118 - []
09:48:51,177 - []
09:48:51,230 - []
09:48:51,288 - []
09:48:51,347 - []
09:48:51,400 - []
09:48:51,443 - []
09:48:51,534 - []
09:48:51,584 - []
09:48:51,609 - []
09:48:51,633 - []
09:48:51,683 - []
09:48:51,735 - []
09:48:51,786 - []
09:48:51,843 - []
09:48:51,875 - []
09:48:51,900 - []
09:48:51,962 - []
09:48:52,023 - []
09:48:52,080 - []
09:48:52,134 - []
09:48:52,184 - []
09:48:52,238 - []
09:48:52,240 - []
09:48:52,292 - []
09:48:52,342 - []
09:48:52,397 - []
09:48:52,447 - []
09:48:52,498 - []
09:48:52,556 - []
09:48:52,608 - []
09:48:52,659 - []
09:48:52,706 - []
09:48:52,712 - []
09:48:52,762 - []
09:48:52,812 - []
09:48:52,863 - []
09:48:52,913 - []
09:48:52,964 - []
09:48:53,014 - []
09:48:53,064 - []
09:48:53,115 - []
09:48:53,164 - []
09:48:53,216 - []
09:48:53,266 - []
09:48:53,272 - []
09:48:53,318 - []
09:48:53,367 - []
09:48:53,419 - []
09:48:53,470 - []
09:48:53,523 - []
09:48:53,575 - []
09:48:53,626 - []
09:48:53,676 - []
09:48:53,727 - []
09:48:53,776 - []
09:48:53,826 - []
09:48:53,875 - []
09:48:53,924 - []
09:48:53,936 - []
09:48:53,974 - []
09:48:54,025 - []
09:48:54,075 - []
09:48:54,131 - []
09:48:54,183 - []
09:48:54,232 - []
09:48:54,284 - []
09:48:54,339 - []
09:48:54,389 - []
09:48:54,437 - []
09:48:54,488 - []
09:48:54,538 - []
09:48:54,549 - []
09:48:54,589 - []
09:48:54,639 - []
09:48:54,688 - []
09:48:54,713 - []
09:48:54,737 - []
09:48:54,786 - []
09:48:54,837 - []
09:48:54,887 - []
09:48:54,939 - []
09:48:54,977 - []
09:48:54,995 - []
09:48:55,045 - []
09:48:55,095 - []
09:48:55,145 - []
09:48:55,198 - []
09:48:55,248 - []
09:48:55,307 - []
09:48:55,341 - []
09:48:55,360 - []
09:48:55,415 - []
09:48:55,467 - []
09:48:55,517 - []
09:48:55,569 - []
09:48:55,618 - []
09:48:55,670 - []
09:48:55,719 - []
09:48:55,771 - []
09:48:55,805 - []
09:48:55,820 - []
09:48:55,869 - []
09:48:55,920 - []
09:48:55,970 - []
09:48:56,019 - []
09:48:56,071 - []
09:48:56,123 - []
09:48:56,173 - []
09:48:56,227 - []
09:48:56,280 - []
09:48:56,331 - []
09:48:56,370 - []
09:48:56,382 - []
09:48:56,432 - []
09:48:56,482 - []
09:48:56,533 - []
09:48:56,584 - []
09:48:56,633 - []
09:48:56,696 - []
09:48:56,747 - []
09:48:56,798 - []
09:48:56,847 - []
09:48:56,900 - []
09:48:56,950 - []
09:48:57,001 - []
09:48:57,034 - []
09:48:57,050 - []
09:48:57,104 - []
09:48:57,153 - []
09:48:57,203 - []
09:48:57,257 - []
09:48:57,311 - []
09:48:57,362 - []
09:48:57,412 - []
09:48:57,462 - []
09:48:57,515 - []
09:48:57,564 - []
09:48:57,617 - []
09:48:57,668 - []
09:48:57,719 - []
09:48:57,770 - []
09:48:57,798 - []
09:48:57,820 - []
09:48:57,870 - []
09:48:57,922 - []
09:48:57,972 - []
09:48:58,024 - []
09:48:58,072 - []
09:48:58,121 - []
09:48:58,172 - []
09:48:58,231 - []
09:48:58,281 - []
09:48:58,331 - []
09:48:58,382 - []
09:48:58,432 - []
09:48:58,487 - []
09:48:58,540 - []
09:48:58,590 - []
09:48:58,643 - []
09:48:58,665 - []
09:48:58,693 - []
09:48:58,744 - []
09:48:58,795 - []
09:48:58,845 - []
09:48:58,895 - []
09:48:58,947 - []
09:48:58,997 - []
09:48:59,048 - []
09:48:59,098 - []
09:48:59,150 - []
09:48:59,203 - []
09:48:59,254 - []
09:48:59,304 - []
09:48:59,354 - []
09:48:59,402 - []
09:48:59,452 - []
09:48:59,502 - []
09:48:59,550 - []
09:48:59,605 - []
09:48:59,630 - []
09:48:59,654 - []
09:48:59,702 - []
09:48:59,753 - []
09:48:59,801 - []
09:48:59,851 - []
09:48:59,900 - []
09:48:59,949 - []
09:48:59,999 - []
09:49:00,049 - []
09:49:00,098 - []
09:49:00,149 - []
09:49:00,198 - []
09:49:00,261 - []
09:49:00,311 - []
09:49:00,364 - []
09:49:00,413 - []
09:49:00,461 - []
09:49:00,509 - []
09:49:00,540 - action Human_1 goToBlock(52)
09:49:00,559 - []
09:49:00,607 - []
09:49:00,660 - []
09:49:00,696 - []
09:49:00,710 - []
09:49:00,762 - []
09:49:00,812 - []
09:49:00,865 - []
09:49:00,915 - []
09:49:00,966 - []
09:49:01,015 - []
09:49:01,068 - []
09:49:01,117 - []
09:49:01,169 - []
09:49:01,218 - []
09:49:01,267 - []
09:49:01,319 - []
09:49:01,367 - []
09:49:01,415 - []
09:49:01,464 - []
09:49:01,515 - []
09:49:01,565 - []
09:49:01,614 - []
09:49:01,663 - []
09:49:01,714 - []
09:49:01,762 - []
09:49:01,764 - []
09:49:01,813 - []
09:49:01,862 - []
09:49:01,914 - []
09:49:01,963 - []
09:49:02,011 - []
09:49:02,061 - []
09:49:02,110 - []
09:49:02,166 - []
09:49:02,221 - []
09:49:02,269 - []
09:49:02,316 - []
09:49:02,367 - []
09:49:02,415 - []
09:49:02,466 - []
09:49:02,519 - []
09:49:02,569 - []
09:49:02,619 - []
09:49:02,668 - []
09:49:02,720 - []
09:49:02,769 - []
09:49:02,818 - []
09:49:02,826 - []
09:49:02,831 - action Bot_1 sendMessage(Human_1,There is a Orange block in RoomA1 belief)
09:49:02,831 - Costfunction triggered: -1.0
09:49:02,831 - action Human_1 receiveMessage(Bot_1,There is a Orange block in RoomA1 belief)
09:49:02,841 - []
09:49:02,847 - action Bot_1 sendMessage(Human_1,There is a Orange block in RoomA1 belief)
09:49:02,847 - Costfunction triggered: -1.0
09:49:02,847 - action Human_1 receiveMessage(Bot_1,There is a Orange block in RoomA1 belief)
09:49:02,856 - []
09:49:02,862 - action Bot_1 goToBlock(49)
09:49:02,867 - [[Bot_1, There is a Orange block in RoomA1 belief], [Bot_1, There is a Orange block in RoomA1 belief]]
09:49:02,870 - []
09:49:02,885 - []
09:49:02,900 - []
09:49:02,915 - []
09:49:02,924 - []
09:49:02,932 - action Human_1 pickUp(52)
09:49:02,974 - []
09:49:02,980 - []
09:49:02,994 - []
09:49:03,028 - []
09:49:03,076 - []
09:49:03,124 - []
09:49:03,161 - []
09:49:03,176 - []
09:49:03,232 - []
09:49:03,281 - []
09:49:03,333 - []
09:49:03,383 - []
09:49:03,427 - []
09:49:03,431 - []
09:49:03,480 - []
09:49:03,529 - []
09:49:03,581 - []
09:49:03,630 - []
09:49:03,679 - []
09:49:03,753 - []
09:49:03,794 - []
09:49:03,805 - []
09:49:03,857 - []
09:49:03,908 - []
09:49:03,964 - []
09:49:03,995 - []
09:49:04,000 - action Bot_1 pickUp(49)
09:49:04,014 - []
09:49:04,015 - []
09:49:04,030 - []
09:49:04,035 - action Bot_1 sendMessage(Human_1,I am going to drop the Bluethe task is almost done)
09:49:04,035 - Costfunction triggered: -1.0
09:49:04,035 - action Human_1 receiveMessage(Bot_1,I am going to drop the Bluethe task is almost done)
09:49:04,046 - []
09:49:04,070 - [[Bot_1, I am going to drop the Bluethe task is almost done]]
09:49:04,211 - []
09:49:04,229 - []
09:49:04,323 - []
09:49:04,372 - []
09:49:04,423 - []
09:49:04,478 - []
09:49:04,484 - []
09:49:04,576 - []
09:49:04,626 - []
09:49:04,718 - action Human_1 goTo(DropZone)
09:49:04,730 - []
09:49:04,779 - []
09:49:04,830 - []
09:49:04,844 - []
09:49:04,886 - []
09:49:04,942 - []
09:49:04,997 - []
09:49:05,048 - []
09:49:05,062 - []
09:49:05,067 - action Bot_1 goTo(DropZone)
09:49:05,080 - []
09:49:05,102 - []
09:49:05,151 - []
09:49:05,200 - []
09:49:05,245 - []
09:49:05,252 - []
09:49:05,301 - []
09:49:05,350 - []
09:49:05,401 - []
09:49:05,451 - []
09:49:05,501 - []
09:49:05,512 - []
09:49:05,557 - []
09:49:05,614 - []
09:49:05,728 - []
09:49:05,841 - []
09:49:05,878 - []
09:49:05,894 - []
09:49:05,929 - []
09:49:05,946 - []
09:49:05,999 - []
09:49:06,051 - []
09:49:06,095 - []
09:49:06,102 - []
09:49:06,221 - []
09:49:06,292 - []
09:49:06,348 - []
09:49:06,362 - []
09:49:06,407 - []
09:49:06,463 - []
09:49:06,516 - []
09:49:06,565 - []
09:49:06,616 - []
09:49:06,666 - []
09:49:06,717 - []
09:49:06,728 - []
09:49:06,768 - []
09:49:06,819 - []
09:49:06,871 - []
09:49:06,964 - []
09:49:07,020 - []
09:49:07,079 - []
09:49:07,096 - []
09:49:07,135 - []
09:49:07,240 - []
09:49:07,263 - []
09:49:07,290 - []
09:49:07,340 - []
09:49:07,391 - []
09:49:07,443 - []
09:49:07,492 - []
09:49:07,528 - []
09:49:07,606 - []
09:49:07,732 - []
09:49:07,792 - []
09:49:07,854 - []
09:49:07,895 - []
09:49:07,905 - []
09:49:07,956 - []
09:49:08,006 - []
09:49:08,057 - []
09:49:08,108 - []
09:49:08,158 - []
09:49:08,207 - []
09:49:08,259 - []
09:49:08,314 - []
09:49:08,360 - []
09:49:08,364 - []
09:49:08,414 - []
09:49:08,463 - []
09:49:08,512 - []
09:49:08,563 - []
09:49:08,612 - []
09:49:08,665 - []
09:49:08,715 - []
09:49:08,764 - []
09:49:08,818 - []
09:49:08,857 - []
09:49:08,870 - []
09:49:08,924 - []
09:49:08,974 - []
09:49:09,022 - []
09:49:09,023 - []
09:49:09,076 - []
09:49:09,125 - []
09:49:09,174 - []
09:49:09,226 - []
09:49:09,274 - []
09:49:09,288 - []
09:49:09,326 - []
09:49:09,377 - []
09:49:09,429 - []
09:49:09,480 - []
09:49:09,531 - []
09:49:09,582 - []
09:49:09,632 - []
09:49:09,653 - []
09:49:09,682 - []
09:49:09,731 - []
09:49:09,785 - []
09:49:09,836 - []
09:49:09,887 - []
09:49:09,935 - []
09:49:09,984 - []
09:49:10,036 - []
09:49:10,088 - []
09:49:10,118 - []
09:49:10,140 - []
09:49:10,189 - []
09:49:10,239 - []
09:49:10,292 - []
09:49:10,344 - []
09:49:10,394 - []
09:49:10,446 - []
09:49:10,495 - []
09:49:10,546 - []
09:49:10,596 - []
09:49:10,645 - []
09:49:10,683 - []
09:49:10,695 - []
09:49:10,746 - []
09:49:10,794 - []
09:49:10,844 - []
09:49:10,895 - []
09:49:10,943 - []
09:49:10,996 - []
09:49:11,044 - []
09:49:11,093 - []
09:49:11,144 - []
09:49:11,193 - []
09:49:11,244 - []
09:49:11,294 - []
09:49:11,345 - []
09:49:11,347 - []
09:49:11,396 - []
09:49:11,445 - []
09:49:11,494 - []
09:49:11,548 - []
09:49:11,597 - []
09:49:11,646 - []
09:49:11,694 - []
09:49:11,743 - []
09:49:11,792 - []
09:49:11,843 - []
09:49:11,892 - []
09:49:11,943 - []
09:49:11,992 - []
09:49:12,043 - []
09:49:12,092 - []
09:49:12,112 - []
09:49:12,157 - []
09:49:12,209 - []
09:49:12,259 - []
09:49:12,308 - []
09:49:12,359 - []
09:49:12,408 - []
09:49:12,458 - []
09:49:12,508 - []
09:49:12,558 - []
09:49:12,609 - []
09:49:12,660 - []
09:49:12,710 - []
09:49:12,762 - []
09:49:12,812 - []
09:49:12,865 - []
09:49:12,918 - []
09:49:12,971 - []
09:49:12,976 - []
09:49:13,021 - []
09:49:13,072 - []
09:49:13,123 - []
09:49:13,172 - []
09:49:13,222 - []
09:49:13,273 - []
09:49:13,322 - []
09:49:13,374 - []
09:49:13,423 - []
09:49:13,475 - []
09:49:13,524 - []
09:49:13,577 - []
09:49:13,627 - []
09:49:13,684 - action Human_1 goTo(42.039106145251395,55.44692737430167)
09:49:13,689 - []
09:49:13,740 - []
09:49:13,789 - []
09:49:13,840 - []
09:49:13,888 - []
09:49:13,938 - []
09:49:13,943 - []
09:49:13,990 - []
09:49:14,039 - []
09:49:14,091 - []
09:49:14,142 - []
09:49:14,193 - []
09:49:14,243 - []
09:49:14,295 - []
09:49:14,344 - []
09:49:14,398 - []
09:49:14,448 - []
09:49:14,501 - []
09:49:14,552 - []
09:49:14,603 - []
09:49:14,652 - []
09:49:14,706 - []
09:49:14,755 - []
09:49:14,806 - []
09:49:14,855 - []
09:49:14,908 - []
09:49:14,957 - []
09:49:15,008 - []
09:49:15,010 - []
09:49:15,061 - []
09:49:15,114 - []
09:49:15,163 - []
09:49:15,216 - []
09:49:15,266 - []
09:49:15,325 - []
09:49:15,374 - []
09:49:15,422 - []
09:49:15,472 - []
09:49:15,524 - []
09:49:15,574 - []
09:49:15,626 - []
09:49:15,674 - []
09:49:15,728 - []
09:49:15,777 - []
09:49:15,830 - []
09:49:15,880 - []
09:49:15,933 - []
09:49:15,982 - []
09:49:16,034 - []
09:49:16,084 - []
09:49:16,138 - []
09:49:16,193 - []
09:49:16,242 - []
09:49:16,291 - []
09:49:16,342 - []
09:49:16,393 - []
09:49:17,141 - []
09:49:17,155 - []
09:49:17,162 - action Bot_1 sendMessage(Human_1,I am going to drop the Bluethe task is almost done)
09:49:17,162 - Costfunction triggered: -1.0
09:49:17,162 - action Human_1 receiveMessage(Bot_1,I am going to drop the Bluethe task is almost done)
09:49:17,182 - []
09:49:17,348 - []
09:49:17,613 - []
09:49:17,980 - []
09:49:18,199 - []
09:49:18,203 - action Bot_1 goTo(DropZone)
09:49:18,218 - []
09:49:18,385 - []
09:49:18,650 - []
09:49:19,015 - []
09:49:19,480 - []
09:49:20,044 - []
09:49:20,237 - []
09:49:20,403 - []
09:49:20,668 - []
09:49:21,032 - []
09:49:21,496 - []
09:49:21,500 - action Bot_1 putDown
09:49:21,500 - Time to finish sequence is 3 minutes and 32 seconds
09:49:21,500 - Number of Steps taken: 6316.0
09:49:21,500 - agentsummary Human_1 handicaps Human
09:49:21,500 - agentsummary Human0 gooddrops 3
09:49:21,500 - agentsummary Human0 wrongdrops 0
09:49:21,500 - agentsummary Human0 nmessage 2
09:49:21,500 - agentsummary Human0 idletime 109.057
09:49:21,500 - agentsummary Human0 nroomsentered 7
09:49:21,500 - agentsummary Bot_1 handicaps none
09:49:21,500 - agentsummary agentTwo gooddrops 3
09:49:21,500 - agentsummary agentTwo wrongdrops 0
09:49:21,500 - agentsummary agentTwo nmessage 36
09:49:21,500 - agentsummary agentTwo idletime 44.699
09:49:21,500 - agentsummary agentTwo nroomsentered 13
09:49:21,513 - []
09:49:21,533 - []
09:49:21,548 - []
09:49:21,714 - []
09:49:21,979 - []
09:49:22,344 - []
09:49:22,536 - []
09:49:22,550 - []
09:49:22,566 - []
09:49:22,571 - action Bot_1 goTo(DropZone)
09:49:22,583 - []
09:49:22,748 - []
09:49:23,013 - []
09:49:23,378 - []
09:49:23,844 - []
09:49:24,408 - []
09:49:25,073 - []
09:49:25,837 - []
09:49:26,702 - []
09:49:27,667 - []
09:49:28,732 - []
09:49:29,798 - []
09:49:30,865 - []
09:49:31,931 - []
09:49:32,998 - []
09:49:34,064 - []
09:49:35,129 - []
09:49:36,195 - []
09:49:37,261 - []
09:49:38,327 - []
