17:14:28,154 - sequence
17:14:28,154 - room RoomA3 contains blocks:  P W B P
17:14:28,170 - room RoomA2 contains blocks:  P P G B Y
17:14:28,170 - room RoomB3 contains blocks:  Y B W W P W
17:14:28,170 - room RoomC1 contains blocks:  Y W G
17:14:28,170 - room RoomA1 contains blocks:  R B
17:14:28,170 - room RoomB2 contains blocks:  Y P O
17:14:28,170 - room RoomC3 contains blocks: 
17:14:28,170 - room RoomB1 contains blocks:  P G P P Y
17:14:28,170 - room RoomC2 contains blocks: 
17:14:28,170 - sequence P Y P Y P P
17:14:45,260 - []
17:14:45,374 - []
17:14:45,427 - []
17:14:45,476 - []
17:14:45,527 - []
17:14:45,579 - []
17:14:45,629 - []
17:14:45,681 - []
17:14:45,730 - []
17:14:45,781 - []
17:14:45,831 - []
17:14:45,880 - []
17:14:45,931 - []
17:14:45,985 - []
17:14:46,038 - []
17:14:46,104 - []
17:14:46,154 - []
17:14:46,204 - []
17:14:46,254 - []
17:14:46,302 - []
17:14:46,350 - []
17:14:46,401 - []
17:14:46,451 - []
17:14:46,501 - []
17:14:46,550 - []
17:14:46,601 - []
17:14:46,651 - []
17:14:46,703 - []
17:14:46,752 - []
17:14:46,804 - []
17:14:46,855 - []
17:14:46,907 - []
17:14:46,958 - []
17:14:47,018 - []
17:14:47,076 - []
17:14:47,127 - []
17:14:47,178 - []
17:14:47,228 - []
17:14:47,277 - []
17:14:47,326 - []
17:14:47,376 - []
17:14:47,431 - []
17:14:47,480 - []
17:14:47,530 - []
17:14:47,580 - []
17:14:47,629 - []
17:14:47,683 - []
17:14:47,732 - []
17:14:47,878 - []
17:14:48,038 - []
17:14:48,098 - []
17:14:48,153 - []
17:14:48,233 - []
17:14:48,284 - []
17:14:48,415 - []
17:14:48,564 - []
17:14:48,693 - []
17:14:48,744 - []
17:14:48,797 - []
17:14:48,847 - []
17:14:48,897 - []
17:14:48,947 - []
17:14:48,997 - []
17:14:49,046 - []
17:14:49,095 - []
17:14:49,145 - []
17:14:49,197 - []
17:14:49,245 - []
17:14:49,295 - []
17:14:49,343 - []
17:14:49,393 - []
17:14:49,443 - []
17:14:49,494 - []
17:14:49,545 - []
17:14:49,594 - []
17:14:49,645 - []
17:14:49,695 - []
17:14:49,745 - []
17:14:49,795 - []
17:14:49,844 - []
17:14:49,895 - []
17:14:49,946 - []
17:14:49,997 - []
17:14:50,049 - []
17:14:50,100 - []
17:14:50,150 - []
17:14:50,201 - []
17:14:50,256 - []
17:14:50,306 - []
17:14:50,355 - []
17:14:50,405 - []
17:14:50,455 - []
17:14:50,505 - []
17:14:50,554 - []
17:14:50,604 - []
17:14:50,652 - []
17:14:50,703 - []
17:14:50,752 - []
17:14:50,802 - []
17:14:50,850 - []
17:14:50,901 - []
17:14:50,950 - []
17:14:51,002 - []
17:14:51,053 - []
17:14:51,102 - []
17:14:51,154 - []
17:14:51,204 - []
17:14:51,255 - []
17:14:51,304 - []
17:14:51,354 - []
17:14:51,404 - []
17:14:51,452 - []
17:14:51,503 - []
17:14:51,553 - []
17:14:51,608 - []
17:14:51,659 - []
17:14:51,709 - []
17:14:51,760 - []
17:14:51,810 - []
17:14:51,867 - []
17:14:51,915 - []
17:14:51,966 - []
17:14:52,015 - []
17:14:52,065 - []
17:14:52,116 - []
17:14:52,165 - []
17:14:52,214 - []
17:14:52,264 - []
17:14:52,314 - []
17:14:52,368 - []
17:14:52,418 - []
17:14:52,470 - []
17:14:52,520 - []
17:14:52,572 - []
17:14:52,623 - []
17:14:52,673 - []
17:14:52,726 - []
17:14:52,780 - []
17:14:52,830 - []
17:14:52,880 - []
17:14:52,934 - []
17:14:52,983 - []
17:14:53,033 - []
17:14:53,084 - []
17:14:53,135 - []
17:14:53,191 - []
17:14:53,242 - []
17:14:53,293 - []
17:14:53,342 - []
17:14:53,394 - []
17:14:53,442 - []
17:14:53,492 - []
17:14:53,543 - []
17:14:53,596 - []
17:14:53,660 - []
17:14:53,712 - []
17:14:53,763 - []
17:14:53,816 - []
17:14:53,866 - []
17:14:53,916 - []
17:14:53,966 - []
17:14:54,021 - []
17:14:54,075 - []
17:14:54,125 - []
17:14:54,174 - []
17:14:54,224 - []
17:14:54,274 - []
17:14:54,333 - []
17:14:54,394 - []
17:14:54,444 - []
17:14:54,493 - []
17:14:54,543 - []
17:14:54,597 - []
17:14:54,646 - []
17:14:54,703 - []
17:14:54,752 - []
17:14:54,804 - []
17:14:54,856 - []
17:14:54,907 - []
17:14:54,959 - []
17:14:55,011 - []
17:14:55,070 - []
17:14:55,119 - []
17:14:55,170 - []
17:14:55,221 - []
17:14:55,272 - []
17:14:55,336 - []
17:14:55,399 - []
17:14:55,464 - []
17:14:55,522 - []
17:14:55,573 - []
17:14:55,627 - []
17:14:55,688 - []
17:14:55,738 - []
17:14:55,791 - []
17:14:55,845 - []
17:14:55,896 - []
17:14:55,951 - []
17:14:56,003 - []
17:14:56,055 - []
17:14:56,105 - []
17:14:56,155 - []
17:14:56,208 - []
17:14:56,262 - []
17:14:56,312 - []
17:14:56,362 - []
17:14:56,412 - []
17:14:56,461 - []
17:14:56,510 - []
17:14:56,560 - []
17:14:56,611 - []
17:14:56,661 - []
17:14:56,712 - []
17:14:56,762 - []
17:14:56,814 - []
17:14:56,864 - []
17:14:56,914 - []
17:14:56,963 - []
17:14:57,012 - []
17:14:57,062 - []
17:14:57,111 - []
17:14:57,163 - []
17:14:57,214 - []
17:14:57,263 - []
17:14:57,313 - []
17:14:57,362 - []
17:14:57,411 - []
17:14:57,463 - []
17:14:57,512 - []
17:14:57,562 - []
17:14:57,611 - []
17:14:57,664 - []
17:14:57,714 - []
17:14:57,765 - []
17:14:57,815 - []
17:14:57,866 - []
17:14:57,916 - []
17:14:57,967 - []
17:14:58,017 - []
17:14:58,070 - []
17:14:58,120 - []
17:14:58,172 - []
17:14:58,221 - []
17:14:58,274 - []
17:14:58,325 - []
17:14:58,376 - []
17:14:58,425 - []
17:14:58,475 - []
17:14:58,535 - []
17:14:58,591 - []
17:14:58,646 - []
17:14:58,699 - []
17:14:58,749 - []
17:14:58,800 - []
17:14:58,851 - []
17:14:58,901 - []
17:14:58,953 - []
17:14:59,004 - []
17:14:59,055 - []
17:14:59,113 - []
17:14:59,174 - []
17:14:59,224 - []
17:14:59,290 - []
17:14:59,343 - []
17:14:59,402 - []
17:14:59,452 - []
17:14:59,502 - []
17:14:59,553 - []
17:14:59,606 - []
17:14:59,659 - []
17:14:59,711 - []
17:14:59,769 - []
17:14:59,828 - []
17:14:59,878 - []
17:14:59,926 - []
17:14:59,975 - []
17:15:00,024 - []
17:15:00,073 - []
17:15:00,127 - []
17:15:00,177 - []
17:15:00,227 - []
17:15:00,277 - []
17:15:00,326 - []
17:15:00,377 - []
17:15:00,428 - []
17:15:00,478 - []
17:15:00,530 - []
17:15:00,580 - []
17:15:00,635 - []
17:15:00,699 - []
17:15:00,749 - []
17:15:00,813 - []
17:15:00,866 - []
17:15:00,916 - []
17:15:00,968 - []
17:15:01,020 - []
17:15:01,070 - []
17:15:01,120 - []
17:15:01,172 - []
17:15:01,223 - []
17:15:01,273 - []
17:15:01,327 - []
17:15:01,376 - []
17:15:01,427 - []
17:15:01,476 - []
17:15:01,527 - []
17:15:01,577 - []
17:15:01,629 - []
17:15:01,688 - []
17:15:01,763 - []
17:15:01,814 - []
17:15:01,864 - []
17:15:01,918 - []
17:15:01,976 - []
17:15:02,030 - []
17:15:02,082 - []
17:15:02,133 - []
17:15:02,185 - []
17:15:02,240 - []
17:15:02,292 - []
17:15:02,344 - []
17:15:02,395 - []
17:15:02,446 - []
17:15:02,506 - []
17:15:02,556 - []
17:15:02,606 - []
17:15:02,658 - []
17:15:02,709 - []
17:15:02,768 - []
17:15:02,829 - []
17:15:02,884 - []
17:15:02,933 - []
17:15:02,985 - []
17:15:03,036 - []
17:15:03,091 - []
17:15:03,143 - []
17:15:03,196 - []
17:15:03,247 - []
17:15:03,297 - []
17:15:03,347 - []
17:15:03,399 - []
17:15:03,452 - []
17:15:03,509 - []
17:15:03,566 - []
17:15:03,618 - []
17:15:03,668 - []
17:15:03,720 - []
17:15:03,769 - []
17:15:03,821 - []
17:15:03,876 - []
17:15:03,932 - []
17:15:03,984 - []
17:15:04,039 - []
17:15:04,090 - []
17:15:04,144 - []
17:15:04,195 - []
17:15:04,246 - []
17:15:04,296 - []
17:15:04,355 - []
17:15:04,406 - []
17:15:04,463 - []
17:15:04,516 - []
17:15:04,567 - []
17:15:04,618 - []
17:15:04,694 - []
17:15:04,780 - []
17:15:04,835 - []
17:15:04,903 - []
17:15:04,953 - []
17:15:05,004 - []
17:15:05,053 - []
17:15:05,101 - []
17:15:05,158 - []
17:15:05,205 - []
17:15:05,253 - []
17:15:05,301 - []
17:15:05,348 - []
17:15:05,396 - []
17:15:05,444 - []
17:15:05,492 - []
17:15:05,540 - []
17:15:05,594 - []
17:15:05,641 - []
17:15:05,691 - []
17:15:05,741 - []
17:15:05,789 - []
17:15:05,837 - []
17:15:05,884 - []
17:15:05,931 - []
17:15:05,979 - []
17:15:06,029 - []
17:15:06,078 - []
17:15:06,126 - []
17:15:06,174 - []
17:15:06,221 - []
17:15:06,270 - []
17:15:06,318 - []
17:15:06,366 - []
17:15:06,413 - []
17:15:06,461 - []
17:15:06,511 - []
17:15:06,557 - []
17:15:06,604 - []
17:15:06,651 - []
17:15:06,699 - []
17:15:06,747 - []
17:15:06,794 - []
17:15:06,842 - []
17:15:06,897 - []
17:15:06,946 - []
17:15:07,000 - []
17:15:07,046 - []
17:15:07,094 - []
17:15:07,140 - []
17:15:07,186 - []
17:15:07,234 - []
17:15:07,285 - []
17:15:07,335 - []
17:15:07,382 - []
17:15:07,432 - []
17:15:07,481 - []
17:15:07,530 - []
17:15:07,579 - []
17:15:07,628 - []
17:15:07,684 - []
17:15:07,731 - []
17:15:07,776 - []
17:15:07,823 - []
17:15:07,871 - []
17:15:07,917 - []
17:15:07,965 - []
17:15:08,011 - []
17:15:08,057 - []
17:15:08,106 - []
17:15:08,152 - []
17:15:08,199 - []
17:15:08,249 - []
17:15:08,296 - []
17:15:08,343 - []
17:15:08,390 - []
17:15:08,440 - []
17:15:08,488 - []
17:15:08,534 - []
17:15:08,585 - []
17:15:08,634 - []
17:15:08,682 - []
17:15:08,731 - []
17:15:08,777 - []
17:15:08,824 - []
17:15:08,870 - []
17:15:08,917 - []
17:15:08,964 - []
17:15:09,011 - []
17:15:09,056 - []
17:15:09,103 - []
17:15:09,151 - []
17:15:09,204 - []
17:15:09,250 - []
17:15:09,297 - []
17:15:09,350 - []
17:15:09,406 - []
17:15:09,467 - []
17:15:09,543 - []
17:15:09,591 - []
17:15:09,644 - []
17:15:09,692 - []
17:15:09,740 - []
17:15:09,787 - []
17:15:09,832 - []
17:15:09,879 - []
17:15:09,930 - []
17:15:09,977 - []
17:15:10,027 - []
17:15:10,075 - []
17:15:10,121 - []
17:15:10,168 - []
17:15:10,215 - []
17:15:10,263 - []
17:15:10,310 - []
17:15:10,360 - []
17:15:10,407 - []
17:15:10,454 - []
17:15:10,504 - []
17:15:10,571 - []
17:15:10,628 - []
17:15:10,676 - []
17:15:10,723 - []
17:15:10,770 - []
17:15:10,817 - []
17:15:10,864 - []
17:15:10,912 - []
17:15:10,959 - []
17:15:11,008 - []
17:15:11,055 - []
17:15:11,102 - []
17:15:11,149 - []
17:15:11,196 - []
17:15:11,242 - []
17:15:11,289 - []
17:15:11,334 - []
17:15:11,381 - []
17:15:11,427 - []
17:15:11,473 - []
17:15:11,519 - []
17:15:11,580 - []
17:15:11,629 - []
17:15:11,676 - []
17:15:11,723 - []
17:15:11,769 - []
17:15:11,817 - []
17:15:11,865 - []
17:15:11,911 - []
17:15:11,958 - []
17:15:12,004 - []
17:15:12,051 - []
17:15:12,098 - []
17:15:12,145 - []
17:15:12,192 - []
17:15:12,239 - []
17:15:12,289 - []
17:15:12,335 - []
17:15:12,381 - []
17:15:12,427 - []
17:15:12,474 - []
17:15:12,521 - []
17:15:12,566 - []
17:15:12,653 - []
17:15:12,701 - []
17:15:12,747 - []
17:15:12,795 - []
17:15:12,842 - []
17:15:12,890 - []
17:15:12,937 - []
17:15:12,985 - []
17:15:13,032 - []
17:15:13,082 - []
17:15:13,130 - []
17:15:13,178 - []
17:15:13,225 - []
17:15:13,272 - []
17:15:13,317 - []
17:15:13,364 - []
17:15:13,410 - []
17:15:13,456 - []
17:15:13,503 - []
17:15:13,550 - []
17:15:13,597 - []
17:15:13,643 - []
17:15:13,689 - []
17:15:13,736 - []
17:15:13,783 - []
17:15:13,829 - []
17:15:13,875 - []
17:15:13,921 - []
17:15:13,969 - []
17:15:14,016 - []
17:15:14,071 - []
17:15:14,120 - []
17:15:14,167 - []
17:15:14,214 - []
17:15:14,272 - []
17:15:14,318 - []
17:15:14,366 - []
17:15:14,413 - []
17:15:14,461 - []
17:15:14,509 - []
17:15:14,556 - []
17:15:14,602 - []
17:15:14,648 - []
17:15:14,699 - []
17:15:14,745 - []
17:15:14,794 - []
17:15:14,839 - []
17:15:14,886 - []
17:15:14,932 - []
17:15:14,979 - []
17:15:15,024 - []
17:15:15,074 - []
17:15:15,120 - []
17:15:15,165 - []
17:15:15,212 - []
17:15:15,259 - []
17:15:15,304 - []
17:15:15,357 - []
17:15:15,409 - []
17:15:15,454 - []
17:15:15,509 - []
17:15:15,555 - []
17:15:15,602 - []
17:15:15,649 - []
17:15:15,718 - []
17:15:15,764 - []
17:15:15,810 - []
17:15:15,859 - []
17:15:15,906 - []
17:15:15,953 - []
17:15:15,999 - []
17:15:16,045 - []
17:15:16,092 - []
17:15:16,141 - []
17:15:16,188 - []
17:15:16,232 - []
17:15:16,277 - []
17:15:16,323 - []
17:15:16,371 - []
17:15:16,418 - []
17:15:16,462 - []
17:15:16,508 - []
17:15:16,553 - []
17:15:16,602 - []
17:15:16,649 - []
17:15:16,695 - []
17:15:16,743 - []
17:15:16,789 - []
17:15:16,835 - []
17:15:16,883 - []
17:15:16,929 - []
17:15:16,975 - []
17:15:17,021 - []
17:15:17,067 - []
17:15:17,114 - []
17:15:17,160 - []
17:15:17,205 - []
17:15:17,253 - []
17:15:17,299 - []
17:15:17,348 - []
17:15:17,394 - []
17:15:17,439 - []
17:15:17,484 - []
17:15:17,530 - []
17:15:17,576 - []
17:15:17,622 - []
17:15:17,668 - []
17:15:17,719 - []
17:15:17,764 - []
17:15:17,816 - []
17:15:17,867 - []
17:15:17,912 - []
17:15:17,959 - []
17:15:18,005 - []
17:15:18,051 - []
17:15:18,096 - []
17:15:18,142 - []
17:15:18,187 - []
17:15:18,238 - []
17:15:18,290 - []
17:15:18,336 - []
17:15:18,382 - []
17:15:18,428 - []
17:15:18,475 - []
17:15:18,521 - []
17:15:18,567 - []
17:15:18,613 - []
17:15:18,659 - []
17:15:18,705 - []
17:15:18,753 - []
17:15:18,799 - []
17:15:18,845 - []
17:15:18,899 - []
17:15:18,950 - []
17:15:18,996 - []
17:15:19,043 - []
17:15:19,090 - []
17:15:19,135 - []
17:15:19,180 - []
17:15:19,226 - []
17:15:19,271 - []
17:15:19,317 - []
17:15:19,361 - []
17:15:19,407 - []
17:15:19,453 - []
17:15:19,500 - []
17:15:19,546 - []
17:15:19,591 - []
17:15:19,636 - []
17:15:19,683 - []
17:15:19,729 - []
17:15:19,774 - []
17:15:19,820 - []
17:15:19,871 - []
17:15:19,917 - []
17:15:19,964 - []
17:15:20,017 - []
17:15:20,063 - []
17:15:20,109 - []
17:15:20,159 - []
17:15:20,206 - []
17:15:20,251 - []
17:15:20,296 - []
17:15:20,341 - []
17:15:20,387 - []
17:15:20,435 - []
17:15:20,494 - []
17:15:20,545 - []
17:15:20,591 - []
17:15:20,637 - []
17:15:20,691 - []
17:15:20,736 - []
17:15:20,783 - []
17:15:20,829 - []
