13:28:22,228 - sequence
13:28:22,228 - room RoomA3 contains blocks:  Y W R B
13:28:22,228 - room RoomA2 contains blocks:  B O
13:28:22,228 - room RoomB3 contains blocks:  R P R
13:28:22,228 - room RoomC1 contains blocks:  O B
13:28:22,228 - room RoomA1 contains blocks:  B Y W
13:28:22,228 - room RoomB2 contains blocks:  P B W O
13:28:22,228 - room RoomC3 contains blocks:  P
13:28:22,228 - room RoomB1 contains blocks:  Y O P
13:28:22,228 - room RoomC2 contains blocks:  P R O P G R
13:28:22,228 - sequence B P B O Y W
13:28:43,372 - []
13:28:43,462 - []
13:28:43,567 - []
13:28:43,584 - []
13:28:43,617 - []
13:28:43,623 - []
13:28:43,640 - action Bot_1 sendMessage(Human_1,my name is software agent and we are going to work together to deliver colored blocks as fast as possible in the sequence indicated)
13:28:43,641 - Costfunction triggered: -1.0
13:28:43,641 - action Human_1 receiveMessage(Bot_1,my name is software agent and we are going to work together to deliver colored blocks as fast as possible in the sequence indicated)
13:28:43,657 - []
13:28:43,675 - [[Bot_1, my name is software agent and we are going to work together to deliver colored blocks as fast as possible in the sequence indicated]]
13:28:43,728 - []
13:28:43,780 - []
13:28:43,830 - []
13:28:43,839 - []
13:28:43,881 - []
13:28:43,933 - []
13:28:43,988 - []
13:28:44,067 - []
13:28:44,115 - []
13:28:44,128 - []
13:28:44,182 - []
13:28:44,238 - []
13:28:44,294 - []
13:28:44,346 - []
13:28:44,397 - []
13:28:44,450 - []
13:28:44,489 - []
13:28:44,503 - []
13:28:44,557 - []
13:28:44,613 - []
13:28:44,670 - []
13:28:44,723 - []
13:28:44,776 - []
13:28:44,827 - []
13:28:44,879 - []
13:28:44,932 - []
13:28:44,962 - []
13:28:44,986 - []
13:28:45,042 - []
13:28:45,095 - []
13:28:45,148 - []
13:28:45,211 - []
13:28:45,276 - []
13:28:45,328 - []
13:28:45,381 - []
13:28:45,434 - []
13:28:45,487 - []
13:28:45,536 - []
13:28:45,544 - []
13:28:45,616 - []
13:28:45,688 - []
13:28:45,743 - []
13:28:45,796 - []
13:28:45,851 - []
13:28:45,903 - []
13:28:45,955 - []
13:28:46,172 - []
13:28:46,210 - []
13:28:46,354 - []
13:28:46,493 - []
13:28:46,563 - []
13:28:46,614 - []
13:28:46,665 - []
13:28:46,716 - []
13:28:46,799 - []
13:28:46,867 - []
13:28:46,938 - []
13:28:46,997 - []
13:28:47,000 - []
13:28:47,053 - []
13:28:47,109 - []
13:28:47,171 - []
13:28:47,224 - []
13:28:47,275 - []
13:28:47,326 - []
13:28:47,378 - []
13:28:47,431 - []
13:28:47,483 - []
13:28:47,535 - []
13:28:47,588 - []
13:28:47,640 - []
13:28:47,722 - []
13:28:47,786 - []
13:28:47,845 - []
13:28:47,878 - []
13:28:47,896 - []
13:28:47,947 - []
13:28:48,000 - []
13:28:48,052 - []
13:28:48,105 - []
13:28:48,158 - []
13:28:48,220 - []
13:28:48,363 - []
13:28:48,582 - []
13:28:48,733 - []
13:28:48,807 - []
13:28:48,855 - []
13:28:48,863 - []
13:28:48,915 - []
13:28:48,967 - []
13:28:49,018 - []
13:28:49,070 - []
13:28:49,123 - []
13:28:49,258 - []
13:28:49,309 - []
13:28:49,360 - []
13:28:49,411 - []
13:28:49,462 - []
13:28:49,512 - []
13:28:49,562 - []
13:28:49,613 - []
13:28:49,661 - []
13:28:49,710 - []
13:28:49,759 - []
13:28:49,817 - []
13:28:49,866 - []
13:28:49,915 - []
13:28:49,931 - []
13:28:49,962 - []
13:28:50,011 - []
13:28:50,064 - []
13:28:50,113 - []
13:28:50,165 - []
13:28:50,215 - []
13:28:50,264 - []
13:28:50,312 - []
13:28:50,362 - []
13:28:50,410 - []
13:28:50,459 - []
13:28:50,508 - []
13:28:50,557 - []
13:28:50,605 - []
13:28:50,659 - []
13:28:50,708 - []
13:28:50,801 - []
13:28:50,849 - []
13:28:50,900 - []
13:28:50,949 - []
13:28:51,000 - []
13:28:51,011 - []
13:28:51,056 - []
13:28:51,125 - []
13:28:51,179 - []
13:28:51,228 - []
13:28:51,277 - []
13:28:51,326 - []
13:28:51,389 - []
13:28:51,438 - []
13:28:51,487 - []
13:28:51,536 - []
13:28:51,585 - []
13:28:51,655 - []
13:28:51,705 - []
13:28:51,757 - []
13:28:51,807 - []
13:28:51,871 - []
13:28:52,009 - []
13:28:52,067 - []
13:28:52,089 - []
13:28:52,123 - []
13:28:52,171 - []
13:28:52,221 - []
13:28:52,274 - []
13:28:52,329 - []
13:28:52,377 - []
13:28:52,430 - []
13:28:52,480 - []
13:28:52,533 - []
13:28:52,588 - []
13:28:52,638 - []
13:28:52,688 - []
13:28:52,746 - []
13:28:52,822 - []
13:28:52,882 - []
13:28:52,931 - []
13:28:52,980 - []
13:28:53,055 - []
13:28:53,120 - []
13:28:53,227 - []
13:28:53,233 - []
13:28:53,276 - []
13:28:53,324 - []
13:28:53,378 - []
13:28:53,433 - []
13:28:53,482 - []
13:28:53,535 - []
13:28:53,585 - []
13:28:53,633 - []
13:28:53,683 - []
13:28:53,731 - []
13:28:53,779 - []
13:28:53,827 - []
13:28:53,877 - []
13:28:53,932 - []
13:28:53,994 - []
13:28:54,047 - []
13:28:54,114 - []
13:28:54,164 - []
13:28:54,214 - []
13:28:54,263 - []
13:28:54,311 - []
13:28:54,316 - []
13:28:54,360 - []
13:28:54,451 - []
13:28:54,499 - []
13:28:54,596 - []
13:28:54,646 - []
13:28:54,698 - []
13:28:54,764 - []
13:28:54,821 - []
13:28:54,870 - []
13:28:54,924 - []
13:28:54,979 - []
13:28:55,029 - []
13:28:55,076 - []
13:28:55,125 - []
13:28:55,176 - []
13:28:55,225 - []
13:28:55,395 - []
13:28:55,562 - []
13:28:55,617 - []
13:28:55,676 - []
13:28:55,786 - []
13:28:55,834 - []
13:28:55,883 - []
13:28:55,939 - []
13:28:55,999 - []
13:28:56,059 - []
13:28:56,107 - []
13:28:56,157 - []
13:28:56,218 - []
13:28:56,278 - []
13:28:56,326 - []
13:28:56,379 - []
13:28:56,433 - []
13:28:56,469 - []
13:28:56,483 - []
13:28:56,533 - []
13:28:56,581 - []
13:28:56,630 - []
13:28:56,678 - []
13:28:56,734 - []
13:28:56,792 - []
13:28:56,840 - []
13:28:56,888 - []
13:28:56,945 - []
13:28:57,035 - []
13:28:57,088 - []
13:28:57,139 - []
13:28:57,193 - []
13:28:57,283 - []
13:28:57,343 - []
13:28:57,446 - []
13:28:57,496 - []
13:28:57,545 - []
13:28:57,550 - []
13:28:57,596 - []
13:28:57,654 - []
13:28:57,734 - []
13:28:57,783 - []
13:28:57,834 - []
13:28:57,883 - []
13:28:57,938 - []
13:28:57,991 - []
13:28:58,052 - []
13:28:58,106 - []
13:28:58,170 - []
13:28:58,235 - []
13:28:58,283 - []
13:28:58,332 - []
13:28:58,393 - []
13:28:58,466 - []
13:28:58,513 - []
13:28:58,560 - []
13:28:58,647 - []
13:28:58,664 - []
13:28:58,689 - []
13:28:58,712 - []
13:28:58,717 - []
13:28:58,751 - action Bot_1 goTo(RoomA1)
13:28:58,796 - []
13:28:58,816 - []
13:28:58,839 - []
13:28:58,845 - []
13:28:58,908 - []
13:28:58,912 - action Bot_1 sendMessage(Human_1,I am going to Room A1 to search for the Blue block)
13:28:58,912 - Costfunction triggered: -1.0
13:28:58,912 - action Human_1 receiveMessage(Bot_1,I am going to Room A1 to search for the Blue block)
13:28:58,928 - []
13:28:58,962 - [[Bot_1, I am going to Room A1 to search for the Blue block]]
13:28:59,021 - []
13:28:59,098 - []
13:28:59,102 - []
13:28:59,148 - []
13:28:59,211 - []
13:28:59,268 - []
13:28:59,317 - []
13:28:59,378 - []
13:28:59,380 - []
13:28:59,434 - []
13:28:59,484 - []
13:28:59,535 - []
13:28:59,586 - []
13:28:59,672 - []
13:28:59,764 - []
13:28:59,770 - []
13:28:59,850 - []
13:28:59,929 - []
13:28:59,989 - []
13:29:00,048 - []
13:29:00,104 - []
13:29:00,158 - []
13:29:00,214 - []
13:29:00,240 - []
13:29:00,270 - []
13:29:00,326 - []
13:29:00,386 - []
13:29:00,438 - []
13:29:00,490 - []
13:29:00,569 - []
13:29:00,622 - []
13:29:00,677 - []
13:29:00,733 - []
13:29:00,787 - []
13:29:00,814 - []
13:29:00,856 - []
13:29:00,914 - []
13:29:00,968 - []
13:29:01,025 - []
13:29:01,077 - []
13:29:01,130 - []
13:29:01,185 - []
13:29:01,440 - []
13:29:01,487 - []
13:29:01,499 - []
13:29:01,556 - []
13:29:01,608 - []
13:29:01,662 - []
13:29:01,758 - []
13:29:01,810 - []
13:29:01,857 - []
13:29:01,904 - []
13:29:01,952 - []
13:29:02,011 - []
13:29:02,069 - []
13:29:02,117 - []
13:29:02,166 - []
13:29:02,217 - []
13:29:02,257 - []
13:29:02,273 - []
13:29:02,324 - []
13:29:02,377 - []
13:29:02,501 - []
13:29:02,548 - []
13:29:02,595 - []
13:29:02,642 - []
13:29:02,691 - []
13:29:02,743 - []
13:29:02,791 - []
13:29:02,853 - []
13:29:02,909 - []
13:29:02,957 - []
13:29:03,006 - []
13:29:03,058 - []
13:29:03,111 - []
13:29:03,132 - []
13:29:03,160 - []
13:29:03,215 - []
13:29:03,264 - []
13:29:03,315 - []
13:29:03,364 - []
13:29:03,413 - []
13:29:03,460 - []
13:29:03,510 - []
13:29:03,635 - []
13:29:03,684 - []
13:29:03,741 - []
13:29:03,789 - []
13:29:03,839 - []
13:29:03,887 - []
13:29:03,940 - []
13:29:04,009 - []
13:29:04,071 - []
13:29:04,104 - []
13:29:04,118 - []
13:29:04,166 - []
13:29:04,223 - []
13:29:04,271 - []
13:29:04,322 - []
13:29:04,433 - []
13:29:04,501 - []
13:29:04,549 - []
13:29:04,607 - []
13:29:04,657 - []
13:29:04,705 - []
13:29:04,754 - []
13:29:04,870 - []
13:29:04,921 - []
13:29:04,953 - []
13:29:04,969 - []
13:29:05,023 - []
13:29:05,081 - []
13:29:05,126 - []
13:29:05,129 - []
13:29:05,180 - []
13:29:05,233 - []
13:29:05,291 - []
13:29:05,349 - []
13:29:05,400 - []
13:29:05,401 - []
13:29:05,459 - []
13:29:05,506 - []
13:29:05,555 - []
13:29:05,601 - []
13:29:05,656 - []
13:29:05,704 - []
13:29:05,753 - []
13:29:05,774 - []
13:29:05,801 - []
13:29:05,848 - []
13:29:05,896 - []
13:29:05,955 - []
13:29:06,006 - []
13:29:06,074 - []
13:29:06,189 - []
13:29:06,236 - []
13:29:06,246 - []
13:29:06,290 - []
13:29:06,342 - []
13:29:06,390 - []
13:29:06,437 - []
13:29:06,485 - []
13:29:06,534 - []
13:29:06,581 - []
13:29:06,628 - []
13:29:06,713 - []
13:29:06,766 - []
13:29:06,817 - []
13:29:06,819 - []
13:29:06,867 - []
13:29:06,920 - []
13:29:06,983 - []
13:29:07,030 - []
13:29:07,079 - []
13:29:07,132 - []
13:29:07,272 - []
13:29:07,368 - []
13:29:07,418 - []
13:29:07,467 - []
13:29:07,492 - []
13:29:07,514 - []
13:29:07,562 - []
13:29:07,610 - []
13:29:07,656 - []
13:29:07,705 - []
13:29:07,764 - []
13:29:07,817 - []
13:29:07,877 - []
13:29:07,942 - []
13:29:08,006 - []
13:29:08,059 - []
13:29:08,125 - []
13:29:08,179 - []
13:29:08,231 - []
13:29:08,267 - []
13:29:08,283 - []
13:29:08,339 - []
13:29:08,395 - []
13:29:08,461 - []
13:29:08,531 - []
13:29:08,589 - []
13:29:08,707 - []
13:29:08,793 - []
13:29:08,851 - []
13:29:08,905 - []
13:29:08,954 - []
13:29:09,032 - []
13:29:09,087 - []
13:29:09,137 - []
13:29:09,140 - []
13:29:09,201 - []
13:29:09,258 - []
13:29:09,317 - []
13:29:09,370 - []
13:29:09,435 - []
13:29:09,492 - []
13:29:09,544 - []
13:29:09,597 - []
13:29:09,690 - []
13:29:09,742 - []
13:29:09,798 - []
13:29:09,861 - []
13:29:10,030 - []
13:29:10,140 - []
13:29:10,208 - []
13:29:10,267 - []
13:29:10,320 - []
13:29:10,369 - []
13:29:10,430 - []
13:29:10,482 - []
13:29:10,497 - []
13:29:10,530 - []
13:29:10,577 - []
13:29:10,626 - []
13:29:10,675 - []
13:29:10,733 - []
13:29:10,781 - []
13:29:10,833 - []
13:29:10,873 - []
13:29:10,883 - []
13:29:10,959 - []
13:29:11,010 - []
13:29:11,060 - []
13:29:11,110 - []
13:29:11,168 - []
13:29:11,216 - []
13:29:11,272 - []
13:29:11,320 - []
13:29:11,346 - []
13:29:11,367 - []
13:29:11,416 - []
13:29:11,506 - []
13:29:11,568 - []
13:29:11,634 - []
13:29:11,703 - []
13:29:11,749 - []
13:29:11,796 - []
13:29:11,849 - []
13:29:11,898 - []
13:29:11,917 - []
13:29:11,946 - []
13:29:11,995 - []
13:29:12,048 - []
13:29:12,097 - []
13:29:12,147 - []
13:29:12,195 - []
13:29:12,249 - []
13:29:12,296 - []
13:29:12,350 - []
13:29:12,420 - []
13:29:12,471 - []
13:29:12,522 - []
13:29:12,574 - []
13:29:12,590 - []
13:29:12,632 - []
13:29:12,745 - []
13:29:12,807 - []
13:29:12,859 - []
13:29:12,925 - []
13:29:12,983 - []
13:29:13,038 - []
13:29:13,092 - []
13:29:13,139 - []
13:29:13,186 - []
13:29:13,240 - []
13:29:13,293 - []
13:29:13,350 - []
13:29:13,365 - []
13:29:13,406 - []
13:29:13,503 - []
13:29:13,552 - []
13:29:13,601 - []
13:29:13,653 - []
13:29:13,703 - []
13:29:13,758 - []
13:29:13,815 - []
13:29:13,945 - []
13:29:13,993 - []
13:29:14,040 - []
13:29:14,097 - []
13:29:14,151 - []
13:29:14,201 - []
13:29:14,236 - []
13:29:14,248 - []
13:29:14,259 - action Bot_1 sendMessage(Human_1,There is a White block in RoomA1 belief)
13:29:14,260 - Costfunction triggered: -1.0
13:29:14,260 - action Human_1 receiveMessage(Bot_1,There is a White block in RoomA1 belief)
13:29:14,266 - []
13:29:14,286 - action Bot_1 sendMessage(Human_1,There is a Yellow block in RoomA1 belief)
13:29:14,287 - Costfunction triggered: -1.0
13:29:14,287 - action Human_1 receiveMessage(Bot_1,There is a Yellow block in RoomA1 belief)
13:29:14,291 - []
13:29:14,297 - [[Bot_1, There is a White block in RoomA1 belief], [Bot_1, There is a Yellow block in RoomA1 belief]]
13:29:14,320 - action Bot_1 goToBlock(49)
13:29:14,321 - []
13:29:14,347 - []
13:29:14,379 - []
13:29:14,390 - []
13:29:14,400 - []
13:29:14,441 - []
13:29:14,474 - []
13:29:14,494 - []
13:29:14,550 - []
13:29:14,598 - []
13:29:14,645 - []
13:29:14,648 - []
13:29:14,693 - []
13:29:14,746 - []
13:29:14,805 - []
13:29:14,854 - []
13:29:14,904 - []
13:29:14,924 - []
13:29:14,947 - []
13:29:14,960 - []
13:29:15,012 - []
13:29:15,059 - []
13:29:15,109 - []
13:29:15,169 - []
13:29:15,264 - []
13:29:15,311 - []
13:29:15,322 - []
13:29:15,370 - []
13:29:15,428 - []
13:29:15,489 - []
13:29:15,536 - []
13:29:15,583 - []
13:29:15,637 - []
13:29:15,690 - []
13:29:15,738 - []
13:29:15,787 - []
13:29:15,797 - []
13:29:15,840 - []
13:29:15,891 - []
13:29:15,938 - []
13:29:15,946 - []
13:29:15,962 - action Bot_1 pickUp(49)
13:29:15,991 - []
13:29:15,993 - []
13:29:16,016 - []
13:29:16,042 - []
13:29:16,047 - []
13:29:16,092 - action Bot_1 sendMessage(Human_1,I am going to drop the Blue block Please find the Pink block )
13:29:16,092 - Costfunction triggered: -1.0
13:29:16,093 - action Human_1 receiveMessage(Bot_1,I am going to drop the Blue block Please find the Pink block )
13:29:16,101 - [[Bot_1, I am going to drop the Blue block Please find the Pink block ]]
13:29:16,109 - []
13:29:16,158 - []
13:29:16,219 - []
13:29:16,276 - []
13:29:16,281 - []
13:29:16,324 - []
13:29:16,376 - []
13:29:16,512 - []
13:29:16,550 - []
13:29:16,559 - []
13:29:16,609 - []
13:29:16,691 - []
13:29:16,766 - []
13:29:16,841 - []
13:29:16,908 - []
13:29:16,923 - []
13:29:16,978 - []
13:29:17,026 - []
13:29:17,076 - []
13:29:17,131 - []
13:29:17,137 - []
13:29:17,148 - action Bot_1 goTo(DropZone)
13:29:17,168 - []
13:29:17,188 - []
13:29:17,245 - []
13:29:17,296 - []
13:29:17,342 - []
13:29:17,345 - []
13:29:17,393 - []
13:29:17,424 - []
13:29:17,443 - []
13:29:17,491 - []
13:29:17,549 - []
13:29:17,598 - []
13:29:17,599 - []
13:29:17,648 - []
13:29:17,700 - []
13:29:17,754 - []
13:29:17,813 - []
13:29:17,860 - []
13:29:17,872 - []
13:29:17,910 - []
13:29:17,959 - []
13:29:18,065 - []
13:29:18,122 - []
13:29:18,175 - []
13:29:18,227 - []
13:29:18,245 - []
13:29:18,288 - []
13:29:18,337 - []
13:29:18,385 - []
13:29:18,433 - []
13:29:18,491 - action Human_1 goTo(RoomC1)
13:29:18,507 - []
13:29:18,562 - []
13:29:18,624 - []
13:29:18,674 - []
13:29:18,716 - []
13:29:18,730 - []
13:29:18,782 - []
13:29:18,857 - []
13:29:18,912 - []
13:29:18,974 - []
13:29:19,035 - []
13:29:19,092 - []
13:29:19,142 - []
13:29:19,194 - []
13:29:19,196 - []
13:29:19,259 - []
13:29:19,319 - []
13:29:19,366 - []
13:29:19,372 - []
13:29:19,434 - []
13:29:19,485 - []
13:29:19,608 - []
13:29:19,638 - []
13:29:19,682 - []
13:29:19,740 - []
13:29:19,802 - []
13:29:19,853 - []
13:29:19,904 - []
13:29:19,955 - []
13:29:20,003 - []
13:29:20,008 - []
13:29:20,055 - []
13:29:20,108 - []
13:29:20,161 - []
13:29:20,210 - []
13:29:20,275 - []
13:29:20,290 - []
13:29:20,350 - []
13:29:20,465 - []
13:29:20,600 - []
13:29:20,656 - []
13:29:20,738 - []
13:29:20,774 - []
13:29:20,832 - []
13:29:20,896 - []
13:29:20,980 - []
13:29:21,035 - []
13:29:21,093 - []
13:29:21,111 - []
13:29:21,148 - []
13:29:21,198 - []
13:29:21,249 - []
13:29:21,307 - []
13:29:21,372 - []
13:29:21,432 - []
13:29:21,481 - []
13:29:21,535 - []
13:29:21,582 - []
13:29:21,584 - []
13:29:21,636 - []
13:29:21,687 - []
13:29:21,747 - []
13:29:21,798 - []
13:29:21,846 - []
13:29:21,900 - []
13:29:21,957 - []
13:29:22,009 - []
13:29:22,058 - []
13:29:22,107 - []
13:29:22,156 - []
13:29:22,161 - []
13:29:22,826 - []
13:29:23,003 - []
13:29:23,417 - []
13:29:23,472 - []
13:29:23,525 - []
13:29:23,584 - []
13:29:23,598 - []
13:29:23,652 - []
13:29:23,701 - []
13:29:23,757 - []
13:29:23,808 - []
13:29:23,862 - []
13:29:23,920 - []
13:29:23,970 - []
13:29:24,051 - []
13:29:24,106 - []
13:29:24,162 - []
13:29:24,210 - []
13:29:24,310 - []
13:29:24,409 - []
13:29:24,474 - []
13:29:24,515 - []
13:29:24,743 - []
13:29:24,817 - []
13:29:24,872 - []
13:29:25,066 - []
13:29:25,139 - []
13:29:25,189 - []
13:29:25,241 - []
13:29:25,301 - []
13:29:25,362 - []
13:29:25,412 - []
13:29:25,444 - []
13:29:25,466 - []
13:29:25,538 - []
13:29:25,608 - []
13:29:25,664 - []
13:29:25,721 - []
13:29:25,776 - []
13:29:25,843 - []
13:29:25,892 - []
13:29:25,946 - []
13:29:26,003 - []
13:29:26,059 - []
13:29:26,158 - []
13:29:26,373 - []
13:29:26,506 - []
13:29:26,516 - []
13:29:26,573 - []
13:29:26,630 - []
13:29:26,680 - []
13:29:26,734 - []
13:29:26,813 - []
13:29:26,872 - []
13:29:26,925 - []
13:29:26,984 - []
13:29:27,044 - []
13:29:27,105 - []
13:29:27,160 - []
13:29:27,215 - []
13:29:27,264 - []
13:29:27,312 - []
13:29:27,393 - []
13:29:27,564 - []
13:29:27,588 - []
13:29:27,668 - []
13:29:27,861 - []
13:29:27,909 - []
13:29:27,961 - []
13:29:28,004 - action Human_1 goTo(RoomC2)
13:29:28,021 - []
13:29:28,071 - []
13:29:28,125 - []
13:29:28,203 - []
13:29:28,254 - []
13:29:28,306 - []
13:29:28,359 - []
13:29:28,415 - []
13:29:28,469 - []
13:29:28,523 - []
13:29:28,587 - []
13:29:28,641 - []
13:29:28,693 - []
13:29:28,743 - []
13:29:28,793 - []
13:29:28,852 - []
13:29:28,910 - []
13:29:28,960 - []
13:29:29,019 - []
13:29:29,078 - []
13:29:29,128 - []
13:29:29,178 - []
13:29:29,229 - []
13:29:29,289 - []
13:29:29,337 - []
13:29:29,398 - []
13:29:29,458 - []
13:29:29,511 - []
13:29:29,563 - []
13:29:29,615 - []
13:29:29,666 - []
13:29:29,714 - []
13:29:29,763 - []
13:29:29,768 - []
13:29:29,812 - []
13:29:29,871 - []
13:29:29,944 - []
13:29:30,002 - []
13:29:30,053 - []
13:29:30,150 - []
13:29:30,200 - []
13:29:30,261 - []
13:29:30,317 - []
13:29:30,367 - []
13:29:30,419 - []
13:29:30,475 - []
13:29:30,525 - []
13:29:30,576 - []
13:29:30,630 - []
13:29:30,694 - []
13:29:30,744 - []
13:29:30,794 - []
13:29:30,842 - []
13:29:30,879 - []
13:29:30,928 - []
13:29:30,980 - []
13:29:31,030 - []
13:29:31,082 - []
13:29:31,139 - []
13:29:31,200 - []
13:29:31,266 - []
13:29:31,342 - []
13:29:31,401 - []
13:29:31,467 - []
13:29:31,521 - []
13:29:31,593 - []
13:29:31,657 - []
13:29:31,733 - []
13:29:31,792 - []
13:29:31,851 - []
13:29:31,906 - []
13:29:31,914 - []
13:29:31,958 - []
13:29:32,011 - []
13:29:32,069 - []
13:29:32,122 - []
13:29:32,175 - []
13:29:32,228 - []
13:29:32,301 - []
13:29:32,357 - []
13:29:32,408 - []
13:29:32,461 - []
13:29:32,549 - []
13:29:32,599 - []
13:29:32,650 - []
13:29:32,706 - []
13:29:32,775 - []
13:29:32,826 - []
13:29:32,877 - []
13:29:32,975 - []
13:29:32,990 - []
13:29:33,032 - []
13:29:33,093 - []
13:29:33,174 - []
13:29:33,224 - []
13:29:33,272 - []
13:29:33,340 - []
13:29:33,409 - []
13:29:33,463 - []
13:29:33,513 - []
13:29:33,582 - []
13:29:33,891 - []
13:29:33,972 - []
13:29:34,026 - []
13:29:34,060 - []
13:29:34,075 - action Bot_1 putDown
13:29:34,080 - []
13:29:34,092 - []
13:29:34,112 - []
13:29:34,135 - []
13:29:34,152 - []
13:29:34,211 - []
13:29:34,261 - []
13:29:34,307 - []
13:29:34,311 - []
13:29:34,361 - []
13:29:34,426 - []
13:29:34,477 - []
13:29:34,527 - []
13:29:34,579 - []
13:29:34,583 - []
13:29:34,635 - []
13:29:34,693 - []
13:29:34,753 - []
13:29:34,802 - []
13:29:34,851 - []
13:29:34,907 - []
13:29:34,951 - []
13:29:34,962 - []
13:29:35,012 - []
13:29:35,065 - []
13:29:35,114 - []
13:29:35,122 - []
13:29:35,137 - []
13:29:35,157 - []
13:29:35,178 - action Bot_1 goTo(RoomA2)
13:29:35,185 - []
13:29:35,197 - []
13:29:35,217 - []
13:29:35,231 - action Bot_1 sendMessage(Human_1,I am going to Room A2 to search for the Pink block)
13:29:35,232 - Costfunction triggered: -1.0
13:29:35,232 - action Human_1 receiveMessage(Bot_1,I am going to Room A2 to search for the Pink block)
13:29:35,233 - [[Bot_1, I am going to Room A2 to search for the Pink block]]
13:29:35,249 - []
13:29:35,290 - []
13:29:35,314 - action Human_1 pickUp(63)
13:29:35,353 - []
13:29:35,406 - []
13:29:35,423 - []
13:29:35,454 - []
13:29:35,511 - []
13:29:35,577 - []
13:29:35,634 - []
13:29:35,683 - []
13:29:35,693 - []
13:29:35,731 - []
13:29:35,782 - []
13:29:35,839 - []
13:29:35,895 - []
13:29:35,944 - []
13:29:36,015 - []
13:29:36,064 - []
13:29:36,069 - []
13:29:36,120 - []
13:29:36,172 - []
13:29:36,221 - []
13:29:36,277 - []
13:29:36,326 - []
13:29:36,380 - []
13:29:36,443 - []
13:29:36,498 - []
13:29:36,541 - []
13:29:36,552 - []
13:29:36,608 - []
13:29:36,666 - []
13:29:36,717 - []
13:29:36,776 - []
13:29:36,841 - []
13:29:36,898 - []
13:29:36,952 - []
13:29:37,007 - []
13:29:37,102 - []
13:29:37,140 - []
13:29:37,151 - []
13:29:37,204 - []
13:29:37,418 - []
13:29:37,485 - []
13:29:37,537 - []
13:29:37,600 - []
13:29:37,661 - []
13:29:37,730 - []
13:29:37,783 - []
13:29:37,811 - []
13:29:37,837 - []
13:29:37,895 - []
13:29:37,962 - []
13:29:38,014 - []
13:29:38,063 - []
13:29:38,121 - []
13:29:38,174 - []
13:29:38,230 - []
13:29:38,311 - []
13:29:38,359 - []
13:29:38,414 - []
13:29:38,464 - []
13:29:38,512 - []
13:29:38,563 - []
13:29:38,586 - []
13:29:38,611 - []
13:29:38,661 - []
13:29:38,717 - []
13:29:38,768 - []
13:29:38,831 - []
13:29:38,889 - []
13:29:38,963 - []
13:29:39,013 - []
13:29:39,061 - []
13:29:39,120 - []
13:29:39,172 - []
13:29:39,221 - []
13:29:39,272 - []
13:29:39,320 - []
13:29:39,376 - []
13:29:39,424 - []
13:29:39,456 - []
13:29:39,476 - []
13:29:39,529 - []
13:29:39,584 - []
13:29:39,639 - []
13:29:39,699 - []
13:29:39,749 - []
13:29:39,808 - []
13:29:39,864 - []
13:29:39,921 - []
13:29:39,975 - []
13:29:40,038 - []
13:29:40,096 - []
13:29:40,144 - []
13:29:40,158 - action Human_1 sendMessage(all,I have a Pink block)
13:29:40,159 - Costfunction triggered: -1.0
13:29:40,159 - action Human_1 receiveMessage(Human_1,I have a Pink block)
13:29:40,159 - action Bot_1 receiveMessage(Human_1,I have a Pink block)
13:29:40,210 - [[Human_1, I have a Pink block]]
13:29:40,264 - []
13:29:40,315 - []
13:29:40,374 - []
13:29:40,427 - []
13:29:40,493 - []
13:29:40,542 - []
13:29:40,608 - []
13:29:40,655 - []
13:29:40,710 - []
13:29:40,790 - []
13:29:40,848 - []
13:29:40,906 - []
13:29:40,965 - []
13:29:41,014 - []
13:29:41,080 - []
13:29:41,153 - []
13:29:41,200 - []
13:29:41,253 - []
13:29:41,271 - [[Human_1, I have a Pink block]]
13:29:41,298 - []
13:29:41,344 - []
13:29:41,393 - []
13:29:41,442 - []
13:29:41,474 - []
13:29:41,494 - []
13:29:41,553 - []
13:29:41,605 - []
13:29:41,657 - []
13:29:41,736 - []
13:29:41,744 - []
13:29:41,795 - []
13:29:41,850 - []
13:29:41,914 - []
13:29:41,964 - []
13:29:42,019 - []
13:29:42,072 - []
13:29:42,115 - []
13:29:42,121 - []
13:29:42,185 - []
13:29:42,259 - []
13:29:42,307 - []
13:29:42,371 - []
13:29:42,425 - []
13:29:42,482 - []
13:29:42,534 - []
13:29:42,588 - []
13:29:42,598 - []
13:29:42,648 - []
13:29:42,696 - []
13:29:42,777 - []
13:29:42,833 - []
13:29:42,879 - []
13:29:42,938 - []
13:29:42,999 - []
13:29:43,053 - []
13:29:43,106 - []
13:29:43,164 - []
13:29:43,187 - []
13:29:43,218 - []
13:29:43,267 - []
13:29:43,322 - []
13:29:43,379 - []
13:29:43,429 - []
13:29:43,480 - []
13:29:43,536 - []
13:29:43,601 - []
13:29:43,652 - []
13:29:43,702 - []
13:29:43,755 - []
13:29:43,804 - []
13:29:43,857 - []
13:29:43,862 - []
13:29:43,935 - []
13:29:43,991 - []
13:29:44,046 - []
13:29:44,131 - []
13:29:44,180 - []
13:29:44,236 - []
13:29:44,292 - []
13:29:44,341 - []
13:29:44,398 - []
13:29:44,458 - []
13:29:44,505 - []
13:29:44,568 - []
13:29:44,615 - []
13:29:44,626 - []
13:29:44,663 - []
13:29:44,716 - []
13:29:44,770 - []
13:29:44,818 - []
13:29:44,878 - []
13:29:44,938 - []
13:29:44,992 - []
13:29:45,042 - []
13:29:45,089 - []
13:29:45,155 - []
13:29:45,212 - []
13:29:45,261 - []
13:29:45,325 - []
13:29:45,394 - []
13:29:45,441 - []
13:29:45,493 - []
13:29:45,496 - []
13:29:45,541 - []
13:29:45,587 - []
13:29:45,638 - []
13:29:45,686 - []
13:29:45,749 - []
13:29:45,797 - []
13:29:45,853 - []
13:29:45,952 - []
13:29:46,015 - []
13:29:46,066 - []
13:29:46,128 - []
13:29:46,190 - []
13:29:46,247 - []
13:29:46,302 - []
13:29:46,319 - []
13:29:46,351 - []
13:29:46,404 - []
13:29:46,483 - []
13:29:46,497 - []
13:29:46,546 - []
13:29:46,613 - []
13:29:46,669 - []
13:29:46,766 - []
13:29:46,926 - []
13:29:46,987 - []
13:29:47,034 - []
13:29:47,081 - []
13:29:47,132 - []
13:29:47,133 - []
13:29:47,181 - []
13:29:47,234 - []
13:29:47,283 - []
13:29:47,331 - []
13:29:47,384 - []
13:29:47,438 - []
13:29:47,491 - []
13:29:47,542 - []
13:29:47,598 - []
13:29:47,604 - []
13:29:47,649 - []
13:29:47,696 - []
13:29:47,751 - []
13:29:47,807 - []
13:29:47,863 - []
13:29:47,935 - []
13:29:47,989 - []
13:29:48,069 - []
13:29:48,117 - []
13:29:48,166 - []
13:29:48,174 - []
13:29:48,262 - []
13:29:48,319 - []
13:29:48,368 - []
13:29:48,418 - []
13:29:48,475 - []
13:29:48,529 - []
13:29:48,577 - []
13:29:48,632 - []
13:29:48,687 - []
13:29:48,795 - []
13:29:48,842 - []
13:29:48,856 - []
13:29:48,914 - []
13:29:48,964 - []
13:29:49,029 - []
13:29:49,085 - []
13:29:49,152 - []
13:29:49,202 - []
13:29:49,250 - []
13:29:49,303 - []
13:29:49,390 - []
13:29:49,447 - []
13:29:49,495 - []
13:29:49,568 - []
13:29:49,612 - []
13:29:49,624 - []
13:29:49,673 - []
13:29:49,737 - []
13:29:49,799 - []
13:29:49,856 - []
13:29:49,906 - []
13:29:49,963 - []
13:29:50,023 - []
13:29:50,072 - []
13:29:50,121 - []
13:29:50,178 - []
13:29:50,245 - []
13:29:50,295 - []
13:29:50,344 - []
13:29:50,398 - []
13:29:50,469 - []
13:29:50,482 - []
13:29:50,517 - []
13:29:50,565 - []
13:29:50,616 - []
13:29:50,709 - []
13:29:50,762 - []
13:29:50,810 - []
13:29:50,863 - []
13:29:50,913 - []
13:29:50,975 - []
13:29:51,025 - []
13:29:51,074 - []
13:29:51,130 - []
13:29:51,181 - []
13:29:51,235 - []
13:29:51,312 - []
13:29:51,360 - []
13:29:51,411 - []
13:29:51,454 - []
13:29:51,463 - []
13:29:51,520 - []
13:29:51,569 - []
13:29:51,619 - []
13:29:51,668 - []
13:29:51,718 - []
13:29:51,783 - []
13:29:51,840 - []
13:29:51,903 - []
13:29:51,965 - []
13:29:52,013 - []
13:29:52,067 - []
13:29:52,118 - []
13:29:52,174 - []
13:29:52,222 - []
13:29:52,272 - []
13:29:52,325 - []
13:29:52,378 - []
13:29:52,436 - []
13:29:52,488 - []
13:29:52,526 - []
13:29:52,545 - action Bot_1 goToBlock(42)
13:29:52,552 - []
13:29:52,571 - []
13:29:52,577 - []
13:29:52,588 - action Bot_1 sendMessage(Human_1,There is a Orange block in RoomA2 belief)
13:29:52,588 - Costfunction triggered: -1.0
13:29:52,589 - action Human_1 receiveMessage(Bot_1,There is a Orange block in RoomA2 belief)
13:29:52,603 - []
13:29:52,621 - [[Bot_1, There is a Orange block in RoomA2 belief]]
13:29:52,627 - []
13:29:52,652 - []
13:29:52,676 - []
13:29:52,684 - []
13:29:52,709 - []
13:29:52,724 - []
13:29:52,774 - []
13:29:52,784 - []
13:29:52,824 - []
13:29:52,875 - []
13:29:52,937 - []
13:29:52,957 - []
13:29:52,992 - []
13:29:53,040 - []
13:29:53,090 - []
13:29:53,138 - []
13:29:53,189 - []
13:29:53,229 - []
13:29:53,247 - []
13:29:53,297 - []
13:29:53,349 - []
13:29:53,404 - []
13:29:53,454 - []
13:29:53,516 - []
13:29:53,577 - []
13:29:53,601 - []
13:29:53,615 - action Bot_1 pickUp(42)
13:29:53,637 - []
13:29:53,660 - []
13:29:53,669 - []
13:29:53,681 - []
13:29:53,697 - action Bot_1 sendMessage(Human_1,I am going to drop the Blue block Please find the Orange block )
13:29:53,697 - Costfunction triggered: -1.0
13:29:53,697 - action Human_1 receiveMessage(Bot_1,I am going to drop the Blue block Please find the Orange block )
13:29:53,714 - []
13:29:53,719 - [[Bot_1, I am going to drop the Blue block Please find the Orange block ]]
13:29:53,770 - []
13:29:53,821 - []
13:29:53,877 - []
13:29:53,886 - []
13:29:53,925 - []
13:29:53,974 - []
13:29:54,025 - []
13:29:54,103 - []
13:29:54,157 - []
13:29:54,159 - []
13:29:54,209 - []
13:29:54,258 - []
13:29:54,312 - []
13:29:54,366 - []
13:29:54,421 - []
13:29:54,484 - []
13:29:54,529 - []
13:29:54,533 - []
13:29:54,600 - []
13:29:54,654 - []
13:29:54,702 - []
13:29:54,736 - []
13:29:54,747 - action Bot_1 goTo(DropZone)
13:29:54,750 - []
13:29:54,769 - []
13:29:54,832 - []
13:29:54,883 - []
13:29:54,940 - []
13:29:54,953 - []
13:29:55,009 - []
13:29:55,057 - []
13:29:55,105 - []
13:29:55,165 - []
13:29:55,223 - []
13:29:55,233 - []
13:29:55,281 - []
13:29:55,331 - []
13:29:55,379 - []
13:29:55,433 - []
13:29:55,486 - []
13:29:55,539 - []
13:29:55,590 - []
13:29:55,592 - []
13:29:55,643 - []
13:29:55,692 - []
13:29:55,708 - []
13:29:55,748 - []
13:29:55,800 - []
13:29:55,848 - []
13:29:55,880 - []
13:29:55,896 - []
13:29:55,948 - []
13:29:55,997 - []
13:29:56,045 - []
13:29:56,093 - []
13:29:56,144 - []
13:29:56,155 - []
13:29:56,193 - []
13:29:56,248 - []
13:29:56,308 - []
13:29:56,356 - []
13:29:56,411 - []
13:29:56,468 - []
13:29:56,517 - []
13:29:56,524 - []
13:29:56,565 - []
13:29:56,615 - []
13:29:56,663 - []
13:29:56,714 - []
13:29:56,774 - []
13:29:56,801 - []
13:29:56,839 - []
13:29:56,894 - []
13:29:56,945 - []
13:29:56,972 - []
13:29:56,995 - []
13:29:57,050 - []
13:29:57,105 - []
13:29:57,158 - []
13:29:57,218 - []
13:29:57,244 - []
13:29:57,265 - []
13:29:57,316 - []
13:29:57,389 - []
13:29:57,437 - []
13:29:57,499 - []
13:29:57,557 - []
13:29:57,606 - []
13:29:57,613 - []
13:29:57,669 - []
13:29:57,717 - []
13:29:57,767 - []
13:29:57,818 - []
13:29:57,865 - []
13:29:57,921 - []
13:29:58,002 - []
13:29:58,052 - []
13:29:58,081 - []
13:29:58,097 - []
13:29:58,150 - []
13:29:58,217 - []
13:29:58,285 - []
13:29:58,333 - []
13:29:58,391 - []
13:29:58,448 - []
13:29:58,498 - []
13:29:58,547 - []
13:29:58,596 - []
13:29:58,630 - []
13:29:58,645 - []
13:29:58,699 - []
13:29:58,758 - []
13:29:58,803 - []
13:29:58,807 - []
13:29:58,857 - []
13:29:58,914 - []
13:29:58,961 - []
13:29:59,012 - []
13:29:59,061 - []
13:29:59,076 - []
13:29:59,115 - []
13:29:59,173 - []
13:29:59,221 - []
13:29:59,269 - []
13:29:59,327 - []
13:29:59,382 - []
13:29:59,443 - []
13:29:59,448 - []
13:29:59,501 - []
13:29:59,775 - []
13:29:59,827 - []
13:29:59,884 - []
13:29:59,923 - []
13:29:59,948 - []
13:29:59,996 - []
13:30:00,050 - []
13:30:00,110 - []
13:30:00,181 - []
13:30:00,228 - []
13:30:00,277 - []
13:30:00,325 - []
13:30:00,374 - []
13:30:00,423 - []
13:30:00,471 - []
13:30:00,493 - []
13:30:00,525 - []
13:30:00,580 - []
13:30:00,628 - []
13:30:00,678 - []
13:30:00,734 - []
13:30:00,813 - []
13:30:00,861 - []
13:30:00,913 - []
13:30:00,966 - []
13:30:01,021 - []
13:30:01,070 - []
13:30:01,119 - []
13:30:01,164 - []
13:30:01,207 - []
13:30:01,255 - []
13:30:01,303 - []
13:30:01,362 - []
13:30:01,430 - []
13:30:01,480 - []
13:30:01,532 - []
13:30:01,882 - []
13:30:01,931 - []
13:30:01,938 - []
13:30:01,983 - []
13:30:02,034 - []
13:30:02,108 - []
13:30:02,163 - []
13:30:02,249 - []
13:30:02,307 - []
13:30:02,380 - []
13:30:02,433 - []
13:30:02,482 - []
13:30:02,532 - []
13:30:02,586 - []
13:30:02,644 - []
13:30:02,692 - []
13:30:02,741 - []
13:30:02,791 - []
13:30:02,811 - []
13:30:02,851 - []
13:30:02,903 - []
13:30:02,951 - []
13:30:03,001 - []
13:30:03,057 - []
13:30:03,114 - []
13:30:03,161 - []
13:30:03,216 - []
13:30:03,286 - []
13:30:03,334 - []
13:30:03,383 - []
13:30:03,434 - []
13:30:03,490 - []
13:30:03,543 - []
13:30:03,608 - []
13:30:03,669 - []
13:30:03,718 - []
13:30:03,767 - []
13:30:03,783 - []
13:30:03,822 - []
13:30:03,872 - []
13:30:03,921 - []
13:30:03,971 - []
13:30:04,027 - []
13:30:04,376 - []
13:30:04,427 - []
13:30:04,476 - []
13:30:04,526 - []
13:30:04,575 - []
13:30:04,626 - []
13:30:04,680 - []
13:30:04,734 - []
13:30:04,782 - []
13:30:04,834 - []
13:30:04,856 - []
13:30:04,889 - []
13:30:04,944 - []
13:30:04,992 - []
13:30:05,041 - []
13:30:05,093 - []
13:30:05,172 - []
13:30:05,221 - []
13:30:05,270 - []
13:30:05,324 - []
13:30:05,379 - []
13:30:05,432 - []
13:30:05,480 - []
13:30:05,528 - []
13:30:05,603 - []
13:30:05,649 - []
13:30:05,700 - []
13:30:05,763 - []
13:30:05,816 - []
13:30:05,864 - []
13:30:05,913 - []
13:30:05,927 - []
13:30:05,966 - []
13:30:06,028 - []
13:30:06,078 - []
13:30:06,127 - []
13:30:06,179 - []
13:30:06,238 - []
13:30:06,285 - []
13:30:06,340 - []
13:30:06,394 - []
13:30:06,457 - []
13:30:06,519 - []
13:30:06,569 - []
13:30:06,630 - []
13:30:06,686 - []
13:30:06,747 - []
13:30:06,801 - []
13:30:06,852 - []
13:30:06,915 - []
13:30:06,968 - []
13:30:07,016 - []
13:30:07,097 - []
13:30:07,146 - []
13:30:07,198 - []
13:30:07,246 - []
13:30:07,303 - []
13:30:07,364 - []
13:30:07,412 - []
13:30:07,489 - []
13:30:07,538 - []
13:30:07,590 - []
13:30:07,638 - []
13:30:07,693 - []
13:30:07,746 - []
13:30:07,795 - []
13:30:07,846 - []
13:30:07,899 - []
13:30:07,949 - []
13:30:08,003 - []
13:30:08,052 - []
13:30:08,079 - []
13:30:08,138 - []
13:30:08,188 - []
13:30:08,291 - []
13:30:08,370 - []
13:30:08,429 - []
13:30:08,476 - []
13:30:08,527 - []
13:30:08,576 - []
13:30:08,630 - []
13:30:08,679 - []
13:30:08,730 - []
13:30:08,779 - []
13:30:08,836 - []
13:30:08,894 - []
13:30:08,944 - []
13:30:08,997 - []
13:30:09,055 - []
13:30:09,105 - []
13:30:09,149 - []
13:30:09,154 - []
13:30:09,210 - []
13:30:09,268 - []
13:30:09,317 - []
13:30:09,364 - []
13:30:09,418 - []
13:30:09,476 - []
13:30:09,525 - []
13:30:09,574 - []
13:30:09,627 - []
13:30:09,682 - []
13:30:09,730 - []
13:30:09,780 - []
13:30:09,828 - []
13:30:09,884 - []
13:30:09,935 - []
13:30:09,985 - []
13:30:10,036 - []
13:30:10,129 - []
13:30:10,178 - []
13:30:10,220 - []
13:30:10,226 - []
13:30:10,321 - []
13:30:10,369 - []
13:30:10,419 - []
13:30:10,470 - []
13:30:10,523 - []
13:30:10,573 - []
13:30:10,629 - []
13:30:10,681 - []
13:30:10,737 - []
13:30:10,788 - []
13:30:10,836 - []
13:30:10,889 - []
13:30:10,939 - []
13:30:11,000 - []
13:30:11,068 - []
13:30:11,123 - []
13:30:11,175 - []
13:30:11,231 - []
13:30:11,292 - []
13:30:11,293 - []
13:30:11,358 - []
13:30:11,626 - []
13:30:11,688 - []
13:30:11,738 - []
13:30:11,818 - []
13:30:11,870 - []
13:30:11,920 - []
13:30:11,972 - []
13:30:12,056 - []
13:30:12,117 - []
13:30:12,174 - []
13:30:12,244 - []
13:30:12,293 - []
13:30:12,342 - []
13:30:12,364 - []
13:30:12,379 - action Bot_1 putDown
13:30:12,391 - []
13:30:12,396 - []
13:30:12,484 - []
13:30:12,537 - []
13:30:12,567 - []
13:30:12,590 - []
13:30:12,641 - []
13:30:12,692 - []
13:30:12,753 - []
13:30:12,802 - []
13:30:12,837 - []
13:30:12,893 - []
13:30:12,941 - []
13:30:12,996 - []
13:30:13,044 - []
13:30:13,093 - []
13:30:13,143 - []
13:30:13,191 - []
13:30:13,206 - []
13:30:13,283 - []
13:30:13,332 - []
13:30:13,386 - []
13:30:13,416 - []
13:30:13,438 - []
13:30:13,446 - []
13:30:13,459 - []
13:30:13,478 - action Bot_1 goTo(RoomA3)
13:30:13,498 - []
13:30:13,508 - []
13:30:13,519 - []
13:30:13,531 - action Bot_1 sendMessage(Human_1,I am going to Room A3 to search for the Blue block)
13:30:13,531 - Costfunction triggered: -1.0
13:30:13,532 - action Human_1 receiveMessage(Bot_1,I am going to Room A3 to search for the Blue block)
13:30:13,548 - []
13:30:13,557 - [[Bot_1, I am going to Room A3 to search for the Blue block]]
13:30:13,610 - []
13:30:13,675 - []
13:30:13,718 - []
13:30:13,730 - []
13:30:13,779 - []
13:30:13,827 - []
13:30:13,882 - []
13:30:13,944 - []
13:30:13,989 - []
13:30:13,993 - []
13:30:14,044 - []
13:30:14,093 - []
13:30:14,152 - []
13:30:14,200 - []
13:30:14,249 - []
13:30:14,300 - []
13:30:14,356 - []
13:30:14,361 - []
13:30:14,407 - []
13:30:14,459 - []
13:30:14,507 - []
13:30:14,565 - []
13:30:14,619 - []
13:30:14,670 - []
13:30:14,720 - []
13:30:14,773 - []
13:30:14,822 - []
13:30:14,829 - []
13:30:14,870 - []
13:30:14,933 - []
13:30:14,994 - []
13:30:15,044 - []
13:30:15,091 - []
13:30:15,141 - []
13:30:15,196 - []
13:30:15,249 - []
13:30:15,299 - []
13:30:15,347 - []
13:30:15,395 - []
13:30:15,400 - []
13:30:15,443 - []
13:30:15,526 - []
13:30:15,600 - []
13:30:15,663 - []
13:30:15,712 - []
13:30:15,761 - []
13:30:15,809 - []
13:30:15,894 - []
13:30:15,943 - []
13:30:15,994 - []
13:30:16,044 - []
13:30:16,070 - []
13:30:16,100 - []
13:30:16,149 - []
13:30:16,197 - []
13:30:16,250 - []
13:30:16,304 - []
13:30:16,352 - []
13:30:16,400 - []
13:30:16,450 - []
13:30:16,504 - []
13:30:16,559 - []
13:30:16,608 - []
13:30:16,658 - []
13:30:16,707 - []
13:30:16,756 - []
13:30:16,804 - []
13:30:16,844 - []
13:30:16,853 - []
13:30:16,915 - []
13:30:16,963 - []
13:30:17,014 - []
13:30:17,067 - []
13:30:17,122 - []
13:30:17,170 - []
13:30:17,219 - []
13:30:17,268 - []
13:30:17,342 - []
13:30:17,389 - []
13:30:17,438 - []
13:30:17,519 - []
13:30:17,568 - []
13:30:17,617 - []
13:30:17,676 - []
13:30:17,715 - []
13:30:17,735 - []
13:30:17,783 - []
13:30:17,835 - []
13:30:17,885 - []
13:30:17,943 - []
13:30:17,992 - []
13:30:18,040 - []
13:30:18,091 - []
13:30:18,159 - []
13:30:18,208 - []
13:30:18,259 - []
13:30:18,308 - []
13:30:18,361 - []
13:30:18,416 - []
13:30:18,466 - []
13:30:18,514 - []
13:30:18,564 - []
13:30:18,628 - []
13:30:18,676 - []
13:30:18,724 - []
13:30:18,779 - []
13:30:18,834 - []
13:30:18,893 - []
13:30:18,964 - []
13:30:19,012 - []
13:30:19,060 - []
13:30:19,125 - []
13:30:19,180 - []
13:30:19,229 - []
13:30:19,282 - []
13:30:19,333 - []
13:30:19,494 - []
13:30:19,542 - []
13:30:19,568 - []
13:30:19,597 - []
13:30:19,674 - []
13:30:19,724 - []
13:30:19,738 - []
13:30:19,777 - []
13:30:19,826 - []
13:30:19,885 - []
13:30:19,938 - []
13:30:19,998 - []
13:30:20,010 - []
13:30:20,064 - []
13:30:20,112 - []
13:30:20,159 - []
13:30:20,210 - []
13:30:20,261 - []
13:30:20,311 - []
13:30:20,371 - []
13:30:20,381 - []
13:30:20,419 - []
13:30:20,467 - []
13:30:20,517 - []
13:30:20,567 - []
13:30:20,617 - []
13:30:20,665 - []
13:30:20,721 - []
13:30:20,769 - []
13:30:20,818 - []
13:30:20,851 - []
13:30:20,865 - []
13:30:20,921 - []
13:30:20,970 - []
13:30:21,031 - []
13:30:21,100 - []
13:30:21,149 - []
13:30:21,203 - []
13:30:21,258 - []
13:30:21,313 - []
13:30:21,367 - []
13:30:21,421 - []
13:30:21,423 - []
13:30:21,471 - []
13:30:21,556 - []
13:30:21,607 - []
13:30:21,659 - []
13:30:21,713 - []
13:30:21,762 - []
13:30:21,811 - []
13:30:21,859 - []
13:30:21,913 - []
13:30:21,968 - []
13:30:22,028 - []
13:30:22,084 - []
13:30:22,094 - []
13:30:22,143 - []
13:30:22,192 - []
13:30:22,241 - []
13:30:22,305 - []
13:30:22,364 - []
13:30:22,413 - []
13:30:22,465 - []
13:30:22,521 - []
13:30:22,576 - []
13:30:22,634 - []
13:30:22,685 - []
13:30:22,751 - []
13:30:22,814 - []
13:30:22,861 - []
13:30:22,866 - []
13:30:22,959 - []
13:30:23,028 - []
13:30:23,093 - []
13:30:23,156 - []
13:30:23,212 - []
13:30:23,283 - []
13:30:23,332 - []
13:30:23,389 - []
13:30:23,437 - []
13:30:23,488 - []
13:30:23,536 - []
13:30:23,587 - []
13:30:23,637 - []
13:30:23,730 - []
13:30:23,735 - []
13:30:23,781 - []
13:30:23,831 - []
13:30:23,879 - []
13:30:23,929 - []
13:30:23,984 - []
13:30:24,032 - []
13:30:24,084 - []
13:30:24,132 - []
13:30:24,183 - []
13:30:24,231 - []
13:30:24,283 - []
13:30:24,336 - []
13:30:24,395 - []
13:30:24,450 - []
13:30:24,501 - []
13:30:24,548 - []
13:30:24,601 - []
13:30:24,657 - []
13:30:24,705 - []
13:30:24,707 - []
13:30:24,753 - []
13:30:24,807 - []
13:30:25,105 - []
13:30:25,167 - []
13:30:25,233 - []
13:30:25,283 - []
13:30:25,331 - []
13:30:25,386 - []
13:30:25,452 - []
13:30:25,500 - []
13:30:25,550 - []
13:30:25,598 - []
13:30:25,651 - []
13:30:25,700 - []
13:30:25,749 - []
13:30:25,778 - []
13:30:26,110 - []
13:30:26,159 - []
13:30:26,211 - []
13:30:26,265 - []
13:30:26,314 - []
13:30:26,363 - []
13:30:26,464 - []
13:30:26,518 - []
13:30:26,580 - []
13:30:26,632 - []
13:30:26,681 - []
13:30:26,729 - []
13:30:26,778 - []
13:30:26,827 - []
13:30:26,849 - []
13:30:26,875 - []
13:30:26,938 - []
13:30:27,033 - []
13:30:27,090 - []
13:30:27,151 - []
13:30:27,200 - []
13:30:27,252 - []
13:30:27,312 - []
13:30:27,367 - []
13:30:27,416 - []
13:30:27,468 - []
13:30:27,516 - []
13:30:27,577 - []
13:30:27,624 - []
13:30:27,672 - []
13:30:27,722 - []
13:30:27,778 - []
13:30:27,840 - []
13:30:27,894 - []
13:30:27,920 - []
13:30:27,969 - []
13:30:28,019 - []
13:30:28,068 - []
13:30:28,139 - []
13:30:28,193 - []
13:30:28,240 - []
13:30:28,289 - []
13:30:28,341 - []
13:30:28,402 - []
13:30:28,452 - []
13:30:28,506 - []
13:30:28,558 - []
13:30:28,626 - []
13:30:28,674 - []
13:30:28,722 - []
13:30:28,773 - []
13:30:28,828 - []
13:30:28,881 - []
13:30:28,937 - []
13:30:28,992 - []
13:30:29,006 - []
13:30:29,014 - action Bot_1 sendMessage(Human_1,There is a Red block in RoomA3 belief)
13:30:29,014 - Costfunction triggered: -1.0
13:30:29,015 - action Human_1 receiveMessage(Bot_1,There is a Red block in RoomA3 belief)
13:30:29,017 - []
13:30:29,035 - action Bot_1 goToBlock(41)
13:30:29,041 - []
13:30:29,054 - action Bot_1 sendMessage(Human_1,There is a White block in RoomA3 belief)
13:30:29,054 - [[Bot_1, There is a Red block in RoomA3 belief]]
13:30:29,054 - Costfunction triggered: -1.0
13:30:29,055 - action Human_1 receiveMessage(Bot_1,There is a White block in RoomA3 belief)
13:30:29,063 - []
13:30:29,076 - action Bot_1 sendMessage(Human_1,There is a Yellow block in RoomA3 belief)
13:30:29,076 - Costfunction triggered: -1.0
13:30:29,076 - action Human_1 receiveMessage(Bot_1,There is a Yellow block in RoomA3 belief)
13:30:29,085 - []
13:30:29,108 - []
13:30:29,110 - [[Bot_1, There is a White block in RoomA3 belief], [Bot_1, There is a Yellow block in RoomA3 belief]]
13:30:29,130 - []
13:30:29,151 - []
13:30:29,163 - []
13:30:29,173 - []
13:30:29,196 - []
13:30:29,252 - []
13:30:29,270 - []
13:30:29,305 - []
13:30:29,355 - []
13:30:29,405 - []
13:30:29,443 - []
13:30:29,484 - []
13:30:29,532 - []
13:30:29,585 - []
13:30:29,634 - []
13:30:29,684 - []
13:30:29,716 - []
13:30:29,752 - []
13:30:29,800 - []
13:30:29,858 - []
13:30:29,918 - []
13:30:29,981 - []
13:30:30,031 - []
13:30:30,079 - []
13:30:30,089 - []
13:30:30,104 - action Bot_1 pickUp(41)
13:30:30,129 - []
13:30:30,162 - []
13:30:30,183 - []
13:30:30,199 - []
13:30:30,205 - []
13:30:30,217 - action Bot_1 sendMessage(Human_1,I am going to drop the Blue block Please find the Orange block )
13:30:30,218 - Costfunction triggered: -1.0
13:30:30,218 - action Human_1 receiveMessage(Bot_1,I am going to drop the Blue block Please find the Orange block )
13:30:30,233 - []
13:30:30,256 - [[Bot_1, I am going to drop the Blue block Please find the Orange block ]]
13:30:30,317 - []
13:30:30,367 - []
13:30:30,402 - []
13:30:30,420 - []
13:30:30,479 - []
13:30:30,531 - []
13:30:30,594 - []
13:30:30,643 - []
13:30:30,673 - []
13:30:30,691 - []
13:30:30,747 - []
13:30:30,806 - []
13:30:30,853 - []
13:30:30,907 - []
13:30:30,983 - []
13:30:31,032 - []
13:30:31,041 - []
13:30:31,097 - []
13:30:31,163 - []
13:30:31,211 - []
13:30:31,257 - []
13:30:31,268 - action Bot_1 goTo(DropZone)
13:30:31,274 - []
13:30:31,289 - []
13:30:31,328 - []
13:30:31,376 - []
13:30:31,435 - []
13:30:31,460 - []
13:30:31,506 - []
13:30:31,558 - []
13:30:31,620 - []
13:30:31,686 - []
13:30:31,789 - []
13:30:31,803 - []
13:30:31,839 - []
13:30:31,890 - []
13:30:31,946 - []
13:30:32,004 - []
13:30:32,051 - []
13:30:32,104 - []
13:30:32,153 - []
13:30:32,173 - []
13:30:32,196 - []
13:30:32,205 - []
13:30:32,280 - []
13:30:32,327 - []
13:30:32,366 - []
13:30:32,379 - []
13:30:32,427 - []
13:30:32,476 - []
13:30:32,529 - []
13:30:32,588 - []
13:30:32,636 - []
13:30:32,640 - []
13:30:32,689 - []
13:30:32,739 - []
13:30:32,825 - []
13:30:32,875 - []
13:30:32,924 - []
13:30:32,979 - []
13:30:33,010 - []
13:30:33,036 - []
13:30:33,094 - []
13:30:33,149 - []
13:30:33,206 - []
13:30:33,254 - []
13:30:33,309 - []
13:30:33,318 - []
13:30:33,381 - []
13:30:33,429 - []
13:30:33,479 - []
13:30:33,480 - []
13:30:33,527 - []
13:30:33,578 - []
13:30:33,638 - []
13:30:33,706 - []
13:30:33,750 - []
13:30:33,766 - []
13:30:33,816 - []
13:30:33,869 - []
13:30:33,949 - []
13:30:33,997 - []
13:30:34,049 - []
13:30:34,097 - []
13:30:34,117 - []
13:30:34,148 - []
13:30:34,210 - []
13:30:34,263 - []
13:30:34,324 - []
13:30:34,389 - []
13:30:34,437 - []
13:30:34,495 - []
13:30:34,549 - []
13:30:34,586 - []
13:30:34,602 - []
13:30:34,654 - []
13:30:34,707 - []
13:30:34,756 - []
13:30:34,809 - []
13:30:34,864 - []
13:30:34,923 - []
13:30:34,979 - []
13:30:35,034 - []
13:30:35,083 - []
13:30:35,085 - []
13:30:35,108 - []
13:30:35,150 - []
13:30:35,208 - []
13:30:35,258 - []
13:30:35,276 - []
13:30:35,322 - []
13:30:35,370 - []
13:30:35,421 - []
13:30:35,468 - []
13:30:35,515 - []
13:30:35,543 - []
13:30:35,562 - []
13:30:35,621 - []
13:30:35,676 - []
13:30:35,723 - []
13:30:35,778 - []
13:30:35,876 - []
13:30:35,910 - []
13:30:35,924 - []
13:30:35,971 - []
13:30:36,019 - []
13:30:36,072 - []
13:30:36,128 - []
13:30:36,177 - []
13:30:36,226 - []
13:30:36,275 - []
13:30:36,327 - []
13:30:36,378 - []
13:30:36,413 - []
13:30:36,463 - []
13:30:36,513 - []
13:30:36,572 - []
13:30:36,620 - []
13:30:36,673 - []
13:30:36,727 - []
13:30:36,784 - []
13:30:36,839 - []
13:30:36,905 - []
13:30:36,948 - []
13:30:36,958 - []
13:30:37,010 - []
13:30:37,063 - []
13:30:37,118 - []
13:30:37,168 - []
13:30:37,222 - []
13:30:37,279 - []
13:30:37,328 - []
13:30:37,385 - []
13:30:37,433 - []
13:30:37,480 - []
13:30:37,558 - []
13:30:37,605 - []
13:30:37,615 - []
13:30:37,658 - []
13:30:37,711 - []
13:30:37,759 - []
13:30:37,812 - []
13:30:37,868 - []
13:30:37,921 - []
13:30:37,971 - []
13:30:38,242 - []
13:30:38,290 - []
13:30:38,338 - []
13:30:38,383 - []
13:30:38,386 - []
13:30:38,436 - []
13:30:38,485 - []
13:30:38,544 - []
13:30:38,590 - []
13:30:38,639 - []
13:30:38,688 - []
13:30:38,754 - []
13:30:38,801 - []
13:30:38,856 - []
13:30:38,915 - []
13:30:38,963 - []
13:30:39,010 - []
13:30:39,061 - []
13:30:39,116 - []
13:30:39,173 - []
13:30:39,233 - []
13:30:39,250 - []
13:30:39,287 - []
13:30:39,376 - []
13:30:39,424 - []
13:30:39,472 - []
13:30:39,521 - []
13:30:39,576 - []
13:30:39,627 - []
13:30:39,676 - []
13:30:39,736 - []
13:30:39,784 - []
13:30:39,836 - []
13:30:39,886 - []
13:30:39,963 - []
13:30:40,017 - []
13:30:40,066 - []
13:30:40,115 - []
13:30:40,193 - []
13:30:40,218 - []
13:30:40,259 - []
13:30:40,309 - []
13:30:40,358 - []
13:30:40,410 - []
13:30:40,462 - []
13:30:40,511 - []
13:30:40,559 - []
13:30:40,608 - []
13:30:40,657 - []
13:30:40,706 - []
13:30:40,759 - []
13:30:40,816 - []
13:30:40,875 - []
13:30:40,927 - []
13:30:40,976 - []
13:30:41,033 - []
13:30:41,086 - []
13:30:41,134 - []
13:30:41,188 - []
13:30:41,283 - []
13:30:41,287 - []
13:30:41,331 - []
13:30:41,379 - []
13:30:41,432 - []
13:30:41,491 - []
13:30:41,541 - []
13:30:41,590 - []
13:30:41,649 - []
13:30:41,702 - []
13:30:41,751 - []
13:30:41,803 - []
13:30:41,859 - []
13:30:41,915 - []
13:30:41,968 - []
13:30:42,020 - []
13:30:42,072 - []
13:30:42,146 - []
13:30:42,198 - []
13:30:42,265 - []
13:30:42,329 - []
13:30:42,397 - []
13:30:42,465 - []
13:30:42,548 - []
13:30:42,599 - []
13:30:42,648 - []
13:30:42,697 - []
13:30:42,749 - []
13:30:42,798 - []
13:30:42,848 - []
13:30:42,897 - []
13:30:42,957 - []
13:30:43,011 - []
13:30:43,061 - []
13:30:43,114 - []
13:30:43,436 - []
13:30:43,464 - []
13:30:43,513 - []
13:30:43,567 - []
13:30:43,627 - []
13:30:43,678 - []
13:30:43,727 - []
13:30:43,776 - []
13:30:43,830 - []
13:30:43,881 - []
13:30:43,931 - []
13:30:44,019 - []
13:30:44,067 - []
13:30:44,115 - []
13:30:44,174 - []
13:30:44,233 - []
13:30:44,283 - []
13:30:44,332 - []
13:30:44,393 - []
13:30:44,448 - []
13:30:44,499 - []
13:30:44,506 - []
13:30:44,547 - []
13:30:44,624 - []
13:30:44,680 - []
13:30:44,728 - []
13:30:44,782 - []
13:30:44,847 - []
13:30:44,897 - []
13:30:44,948 - []
13:30:45,002 - []
13:30:45,061 - []
13:30:45,109 - []
13:30:45,175 - []
13:30:45,243 - []
13:30:45,293 - []
13:30:45,346 - []
13:30:45,397 - []
13:30:45,446 - []
13:30:45,504 - []
13:30:45,563 - []
13:30:45,575 - []
13:30:45,628 - []
13:30:45,686 - []
13:30:45,754 - []
13:30:45,811 - []
13:30:45,874 - []
13:30:45,923 - []
13:30:45,977 - []
13:30:46,030 - []
13:30:46,079 - []
13:30:46,135 - []
13:30:46,190 - []
13:30:46,267 - []
13:30:46,314 - []
13:30:46,364 - []
13:30:46,418 - []
13:30:46,477 - []
13:30:46,526 - []
13:30:46,580 - []
13:30:46,640 - []
13:30:46,646 - []
13:30:46,697 - []
13:30:46,745 - []
13:30:46,796 - []
13:30:46,901 - []
13:30:46,962 - []
13:30:47,014 - []
13:30:47,072 - []
13:30:47,163 - []
13:30:47,215 - []
13:30:47,279 - []
13:30:47,352 - []
13:30:47,403 - []
13:30:47,451 - []
13:30:47,499 - []
13:30:47,558 - []
13:30:47,608 - []
13:30:47,662 - []
13:30:47,718 - []
13:30:47,723 - []
13:30:47,731 - action Bot_1 putDown
13:30:47,746 - []
13:30:47,783 - []
13:30:47,848 - []
13:30:47,905 - []
13:30:47,916 - []
13:30:47,975 - []
13:30:48,024 - []
13:30:48,072 - []
13:30:48,122 - []
13:30:48,178 - []
13:30:48,185 - []
13:30:48,229 - []
13:30:48,316 - []
13:30:48,382 - []
13:30:48,452 - []
13:30:48,510 - []
13:30:48,555 - []
13:30:48,569 - []
13:30:48,631 - []
13:30:48,684 - []
13:30:48,735 - []
13:30:48,768 - []
13:30:48,784 - []
13:30:48,791 - []
13:30:48,815 - []
13:30:48,827 - action Bot_1 goTo(RoomB3)
13:30:48,838 - []
13:30:48,851 - []
13:30:48,867 - []
13:30:48,877 - action Bot_1 sendMessage(Human_1,I am going to Room B3 to search for the Blue block)
13:30:48,877 - Costfunction triggered: -1.0
13:30:48,878 - action Human_1 receiveMessage(Bot_1,I am going to Room B3 to search for the Blue block)
13:30:48,894 - []
13:30:48,900 - [[Bot_1, I am going to Room B3 to search for the Blue block]]
13:30:48,980 - []
13:30:49,042 - []
13:30:49,063 - []
13:30:49,093 - []
13:30:49,241 - []
13:30:49,334 - []
13:30:49,371 - []
13:30:49,431 - []
13:30:49,483 - []
13:30:49,533 - []
13:30:49,617 - []
13:30:49,665 - []
13:30:49,705 - []
13:30:49,713 - []
13:30:49,770 - []
13:30:49,829 - []
13:30:49,889 - []
13:30:49,938 - []
13:30:50,001 - []
13:30:50,060 - []
13:30:50,109 - []
13:30:50,157 - []
13:30:50,224 - []
13:30:50,227 - []
13:30:50,278 - []
13:30:50,560 - []
13:30:50,610 - []
13:30:50,666 - []
13:30:50,769 - []
13:30:50,797 - []
13:30:50,819 - []
13:30:50,868 - []
13:30:50,919 - []
13:30:50,969 - []
13:30:51,024 - []
13:30:51,080 - []
13:30:51,138 - []
13:30:51,196 - []
13:30:51,249 - []
13:30:51,302 - []
13:30:51,367 - []
13:30:51,426 - []
13:30:51,467 - []
13:30:51,475 - []
13:30:51,531 - []
13:30:51,602 - []
13:30:51,656 - []
13:30:51,721 - []
13:30:51,778 - []
13:30:51,837 - []
13:30:51,892 - []
13:30:51,942 - []
13:30:51,996 - []
13:30:52,046 - []
13:30:52,094 - []
13:30:52,145 - []
13:30:52,211 - []
13:30:52,244 - []
13:30:52,273 - []
13:30:52,322 - []
13:30:52,372 - []
13:30:52,425 - []
13:30:52,491 - []
13:30:52,547 - []
13:30:52,618 - []
13:30:52,675 - []
13:30:52,723 - []
13:30:52,776 - []
13:30:52,836 - []
13:30:52,886 - []
13:30:52,935 - []
13:30:52,986 - []
13:30:53,037 - []
13:30:53,087 - []
13:30:53,114 - []
13:30:53,146 - []
13:30:53,196 - []
13:30:53,246 - []
13:30:53,326 - []
13:30:53,375 - []
13:30:53,453 - []
13:30:53,507 - []
13:30:53,557 - []
13:30:53,647 - []
13:30:53,719 - []
13:30:53,791 - []
13:30:53,841 - []
13:30:53,895 - []
13:30:53,953 - []
13:30:54,008 - []
13:30:54,059 - []
13:30:54,117 - []
13:30:54,174 - []
13:30:54,222 - []
13:30:54,269 - []
13:30:54,325 - []
13:30:54,390 - []
13:30:54,447 - []
13:30:54,497 - []
13:30:54,555 - []
13:30:54,610 - []
13:30:54,657 - []
13:30:54,706 - []
13:30:54,755 - []
13:30:54,810 - []
13:30:54,864 - []
13:30:54,913 - []
13:30:54,915 - []
13:30:54,968 - []
13:30:55,022 - []
13:30:55,083 - []
13:30:55,086 - []
13:30:55,139 - []
13:30:55,187 - []
13:30:55,235 - []
13:30:55,283 - []
13:30:55,336 - []
13:30:55,352 - []
13:30:55,395 - []
13:30:55,443 - []
13:30:55,494 - []
13:30:55,545 - []
13:30:55,639 - []
13:30:55,689 - []
13:30:55,724 - []
13:30:55,738 - []
13:30:55,816 - []
13:30:55,870 - []
13:30:55,924 - []
13:30:55,981 - []
13:30:56,041 - []
13:30:56,088 - []
13:30:56,138 - []
13:30:56,187 - []
13:30:56,196 - []
13:30:56,241 - []
13:30:56,297 - []
13:30:56,346 - []
13:30:56,393 - []
13:30:56,446 - []
13:30:56,493 - []
13:30:56,541 - []
13:30:56,592 - []
13:30:56,648 - []
13:30:56,706 - []
13:30:56,754 - []
13:30:56,768 - []
13:30:56,818 - []
13:30:56,895 - []
13:30:56,964 - []
13:30:57,047 - []
13:30:57,105 - []
13:30:57,163 - []
13:30:57,214 - []
13:30:57,265 - []
13:30:57,315 - []
13:30:57,370 - []
13:30:57,426 - []
13:30:57,437 - []
13:30:57,474 - []
13:30:57,521 - []
13:30:57,574 - []
13:30:57,629 - []
13:30:57,679 - []
13:30:57,736 - []
13:30:57,805 - []
13:30:57,853 - []
13:30:57,903 - []
13:30:57,961 - []
13:30:58,033 - []
13:30:58,082 - []
13:30:58,130 - []
13:30:58,183 - []
13:30:58,206 - []
13:30:58,233 - []
13:30:58,291 - []
13:30:58,344 - []
13:30:58,456 - []
13:30:58,509 - []
13:30:58,582 - []
13:30:58,652 - []
13:30:58,701 - []
13:30:58,756 - []
13:30:58,843 - []
13:30:58,900 - []
13:30:58,963 - []
13:30:59,041 - []
13:30:59,080 - []
13:30:59,098 - []
13:30:59,149 - []
13:30:59,210 - []
13:30:59,268 - []
13:30:59,316 - []
13:30:59,365 - []
13:30:59,422 - []
13:30:59,470 - []
13:30:59,519 - []
13:30:59,575 - []
13:30:59,625 - []
13:30:59,685 - []
13:30:59,734 - []
13:30:59,795 - []
13:30:59,857 - []
13:30:59,904 - []
13:30:59,953 - []
13:31:00,034 - []
13:31:00,051 - []
13:31:00,088 - []
13:31:00,140 - []
13:31:00,191 - []
13:31:00,272 - []
13:31:00,324 - []
13:31:00,372 - []
13:31:00,421 - []
13:31:00,476 - []
13:31:00,544 - []
13:31:00,594 - []
13:31:00,675 - []
13:31:00,722 - []
13:31:00,771 - []
13:31:00,831 - []
13:31:00,894 - []
13:31:00,947 - []
13:31:00,997 - []
13:31:01,052 - []
13:31:01,114 - []
13:31:01,122 - []
13:31:01,136 - action Bot_1 sendMessage(Human_1,There is a Red block in RoomB3 belief)
13:31:01,138 - Costfunction triggered: -1.0
13:31:01,138 - action Human_1 receiveMessage(Bot_1,There is a Red block in RoomB3 belief)
13:31:01,144 - []
13:31:01,155 - action Bot_1 sendMessage(Human_1,There is a Pink block in RoomB3 belief)
13:31:01,155 - Costfunction triggered: -1.0
13:31:01,155 - action Human_1 receiveMessage(Bot_1,There is a Pink block in RoomB3 belief)
13:31:01,162 - []
13:31:01,170 - [[Bot_1, There is a Red block in RoomB3 belief], [Bot_1, There is a Pink block in RoomB3 belief]]
13:31:01,174 - action Bot_1 sendMessage(Human_1,There is a Red block in RoomB3 belief)
13:31:01,175 - Costfunction triggered: -1.0
13:31:01,175 - action Human_1 receiveMessage(Bot_1,There is a Red block in RoomB3 belief)
13:31:01,182 - []
13:31:01,203 - []
13:31:01,297 - [[Bot_1, There is a Red block in RoomB3 belief]]
13:31:01,299 - []
13:31:01,321 - []
13:31:01,373 - []
13:31:01,392 - []
13:31:01,432 - []
13:31:01,481 - []
13:31:01,534 - []
13:31:01,561 - []
13:31:01,584 - []
13:31:01,637 - []
13:31:01,692 - []
13:31:01,742 - []
13:31:01,792 - []
13:31:01,833 - []
13:31:01,843 - []
13:31:01,892 - []
13:31:01,947 - []
13:31:02,001 - []
13:31:02,059 - []
13:31:02,113 - []
13:31:02,185 - []
13:31:02,202 - []
13:31:02,241 - []
13:31:02,296 - []
13:31:02,347 - []
13:31:02,407 - []
13:31:02,465 - []
13:31:02,514 - []
13:31:02,565 - []
13:31:02,625 - []
13:31:02,674 - []
13:31:02,694 - []
13:31:02,753 - []
13:31:02,802 - []
13:31:02,853 - []
13:31:02,909 - []
13:31:02,960 - []
13:31:03,010 - []
13:31:03,070 - []
13:31:03,126 - []
13:31:03,188 - []
13:31:03,244 - []
13:31:03,246 - []
13:31:03,299 - []
13:31:03,347 - []
13:31:03,398 - []
13:31:03,448 - []
13:31:03,497 - []
13:31:03,549 - []
13:31:03,604 - []
13:31:03,666 - []
13:31:03,735 - []
13:31:03,783 - []
13:31:03,831 - []
13:31:03,889 - []
13:31:03,917 - []
13:31:03,945 - []
13:31:03,995 - []
13:31:04,047 - []
13:31:04,111 - []
13:31:04,171 - []
13:31:04,219 - []
13:31:04,271 - []
13:31:04,322 - []
13:31:04,328 - []
13:31:04,344 - []
13:31:04,355 - action Bot_1 goTo(RoomB2)
13:31:04,372 - []
13:31:04,402 - []
13:31:04,418 - action Bot_1 sendMessage(Human_1,I am going to Room B2 to search for the Blue block)
13:31:04,418 - Costfunction triggered: -1.0
13:31:04,418 - action Human_1 receiveMessage(Bot_1,I am going to Room B2 to search for the Blue block)
13:31:04,423 - []
13:31:04,497 - []
13:31:04,620 - [[Bot_1, I am going to Room B2 to search for the Blue block]]
13:31:04,675 - []
13:31:04,686 - []
13:31:04,738 - []
13:31:04,791 - []
13:31:04,847 - []
13:31:04,907 - []
13:31:04,945 - []
13:31:04,959 - []
13:31:05,008 - []
13:31:05,086 - []
13:31:05,142 - []
13:31:05,196 - []
13:31:05,317 - []
13:31:05,545 - []
13:31:05,592 - []
13:31:05,639 - []
13:31:05,698 - []
13:31:05,756 - []
13:31:05,787 - []
13:31:05,806 - []
13:31:05,857 - []
13:31:05,924 - []
13:31:05,983 - []
13:31:06,031 - []
13:31:06,079 - []
13:31:06,129 - []
13:31:06,202 - []
13:31:06,251 - []
13:31:06,302 - []
13:31:06,351 - []
13:31:06,360 - []
13:31:06,400 - []
13:31:06,449 - []
13:31:06,504 - []
13:31:06,564 - []
13:31:06,613 - []
13:31:06,662 - []
13:31:06,711 - []
13:31:06,759 - []
13:31:06,812 - []
13:31:06,864 - []
13:31:06,912 - []
13:31:06,963 - []
13:31:07,015 - []
13:31:07,030 - []
13:31:07,064 - []
13:31:07,117 - []
13:31:07,164 - []
13:31:07,194 - []
13:31:07,202 - []
13:31:07,258 - []
13:31:07,306 - []
13:31:07,359 - []
13:31:07,372 - []
13:31:07,427 - []
13:31:07,476 - []
13:31:07,524 - []
13:31:07,575 - []
13:31:07,623 - []
13:31:07,641 - []
13:31:07,671 - []
13:31:07,721 - []
13:31:07,768 - []
13:31:07,819 - []
13:31:07,872 - []
13:31:07,920 - []
13:31:08,007 - []
13:31:08,011 - []
13:31:08,021 - action Bot_1 sendMessage(Human_1,There is a Pink block in RoomB2 belief)
13:31:08,022 - Costfunction triggered: -1.0
13:31:08,022 - action Human_1 receiveMessage(Bot_1,There is a Pink block in RoomB2 belief)
13:31:08,031 - []
13:31:08,041 - action Bot_1 goToBlock(53)
13:31:08,051 - []
13:31:08,057 - [[Bot_1, There is a Pink block in RoomB2 belief]]
13:31:08,064 - action Bot_1 sendMessage(Human_1,There is a White block in RoomB2 belief)
13:31:08,064 - Costfunction triggered: -1.0
13:31:08,064 - action Human_1 receiveMessage(Bot_1,There is a White block in RoomB2 belief)
13:31:08,073 - []
13:31:08,086 - action Bot_1 sendMessage(Human_1,There is a Orange block in RoomB2 belief)
13:31:08,087 - Costfunction triggered: -1.0
13:31:08,087 - action Human_1 receiveMessage(Bot_1,There is a Orange block in RoomB2 belief)
13:31:08,099 - []
13:31:08,112 - [[Bot_1, There is a White block in RoomB2 belief], [Bot_1, There is a Orange block in RoomB2 belief]]
13:31:08,124 - []
13:31:08,146 - []
13:31:08,163 - []
13:31:08,167 - []
13:31:08,187 - []
13:31:08,224 - []
13:31:08,259 - []
13:31:08,277 - []
13:31:08,340 - []
13:31:08,395 - []
13:31:08,430 - []
13:31:08,447 - []
13:31:08,502 - []
13:31:08,550 - []
13:31:08,600 - []
13:31:08,649 - []
13:31:08,701 - []
13:31:08,702 - []
13:31:08,758 - []
13:31:08,808 - []
13:31:08,867 - []
13:31:08,916 - []
13:31:08,964 - []
13:31:09,022 - []
13:31:09,072 - []
13:31:09,399 - []
13:31:09,451 - []
13:31:09,501 - []
13:31:09,544 - []
13:31:09,554 - []
13:31:09,615 - []
13:31:09,667 - []
13:31:09,716 - []
13:31:09,723 - []
13:31:09,736 - action Bot_1 pickUp(53)
13:31:09,758 - []
13:31:09,779 - []
13:31:09,799 - []
13:31:09,810 - action Bot_1 sendMessage(Human_1,I am going to drop the Blue block Please find the Orange block )
13:31:09,811 - Costfunction triggered: -1.0
13:31:09,811 - action Human_1 receiveMessage(Bot_1,I am going to drop the Blue block Please find the Orange block )
13:31:09,834 - []
13:31:09,844 - [[Bot_1, I am going to drop the Blue block Please find the Orange block ]]
13:31:09,896 - []
13:31:09,953 - []
13:31:10,002 - []
13:31:10,010 - []
13:31:10,065 - []
13:31:10,144 - []
13:31:10,204 - []
13:31:10,255 - []
13:31:10,271 - []
13:31:10,306 - []
13:31:10,373 - []
13:31:10,423 - []
13:31:10,453 - []
13:31:10,475 - []
13:31:10,524 - []
13:31:10,619 - []
13:31:10,624 - []
13:31:10,669 - []
13:31:10,720 - []
13:31:10,772 - []
13:31:10,827 - []
13:31:10,852 - []
13:31:10,862 - action Bot_1 goTo(DropZone)
13:31:10,880 - []
13:31:10,883 - []
13:31:10,931 - []
13:31:10,980 - []
13:31:11,032 - []
13:31:11,052 - []
13:31:11,081 - []
13:31:11,136 - []
13:31:11,188 - []
13:31:11,194 - []
13:31:11,254 - []
13:31:11,303 - []
13:31:11,360 - []
13:31:11,367 - []
13:31:11,504 - []
13:31:11,575 - []
13:31:11,630 - []
13:31:11,647 - []
13:31:11,696 - []
13:31:11,743 - []
13:31:11,816 - []
13:31:11,901 - []
13:31:11,968 - []
13:31:12,000 - []
13:31:12,023 - []
13:31:12,083 - []
13:31:12,132 - []
13:31:12,185 - []
13:31:12,240 - []
13:31:12,298 - []
13:31:12,346 - []
13:31:12,422 - []
13:31:12,479 - []
13:31:12,482 - []
13:31:12,532 - []
13:31:12,580 - []
13:31:12,631 - []
13:31:12,688 - []
13:31:12,751 - []
13:31:12,801 - []
13:31:12,857 - []
13:31:12,903 - []
13:31:12,928 - []
13:31:13,013 - []
13:31:13,072 - []
13:31:13,074 - []
13:31:13,128 - []
13:31:13,185 - []
13:31:13,245 - []
13:31:13,299 - []
13:31:13,343 - []
13:31:13,370 - []
13:31:13,418 - []
13:31:13,467 - []
13:31:13,518 - []
13:31:13,573 - []
13:31:13,623 - []
13:31:13,672 - []
13:31:13,714 - []
13:31:13,723 - []
13:31:13,777 - []
13:31:13,826 - []
13:31:13,877 - []
13:31:13,930 - []
13:31:13,988 - []
13:31:14,036 - []
13:31:14,083 - []
13:31:14,095 - []
13:31:14,121 - []
13:31:14,142 - []
13:31:14,203 - []
13:31:14,256 - []
13:31:14,289 - []
13:31:14,313 - []
13:31:14,378 - []
13:31:14,431 - []
13:31:14,480 - []
13:31:14,530 - []
13:31:14,559 - []
13:31:14,615 - []
13:31:14,675 - []
13:31:14,733 - []
13:31:14,781 - []
13:31:14,829 - []
13:31:14,880 - []
13:31:14,927 - []
13:31:14,934 - []
13:31:14,983 - []
13:31:15,038 - []
13:31:15,117 - []
13:31:15,167 - []
13:31:15,218 - []
13:31:15,267 - []
13:31:15,322 - []
13:31:15,373 - []
13:31:15,395 - []
13:31:15,425 - []
13:31:15,489 - []
13:31:15,537 - []
13:31:15,590 - []
13:31:15,664 - []
13:31:15,711 - []
13:31:15,773 - []
13:31:15,829 - []
13:31:15,877 - []
13:31:15,925 - []
13:31:15,961 - []
13:31:16,036 - []
13:31:16,085 - []
13:31:16,143 - []
13:31:16,209 - []
13:31:16,258 - []
13:31:16,307 - []
13:31:16,360 - []
13:31:16,413 - []
13:31:16,462 - []
13:31:16,524 - []
13:31:16,592 - []
13:31:16,631 - []
13:31:16,641 - []
13:31:16,701 - []
13:31:16,760 - []
13:31:16,852 - []
13:31:16,903 - []
13:31:16,954 - []
13:31:17,009 - []
13:31:17,077 - []
13:31:17,127 - []
13:31:17,178 - []
13:31:17,226 - []
13:31:17,298 - []
13:31:17,350 - []
13:31:17,400 - []
13:31:17,401 - []
13:31:17,455 - []
13:31:17,517 - []
13:31:17,586 - []
13:31:17,636 - []
13:31:17,689 - []
13:31:17,758 - []
13:31:17,811 - []
13:31:17,864 - []
13:31:17,949 - []
13:31:18,000 - []
13:31:18,268 - []
13:31:18,656 - []
13:31:18,711 - []
13:31:18,761 - []
13:31:18,811 - []
13:31:18,862 - []
13:31:18,925 - []
13:31:19,001 - []
13:31:19,063 - []
13:31:19,135 - []
13:31:19,193 - []
13:31:19,237 - []
13:31:19,249 - []
13:31:19,298 - []
13:31:19,360 - []
13:31:19,692 - []
13:31:19,713 - action Human_1 goTo(22.588832487309645,45.431472081218274)
13:31:19,754 - []
13:31:19,815 - []
13:31:19,891 - []
13:31:19,944 - []
13:31:19,995 - []
13:31:20,046 - []
13:31:20,100 - []
13:31:20,153 - []
13:31:20,204 - []
13:31:20,269 - []
13:31:20,322 - []
13:31:20,380 - []
13:31:20,444 - []
13:31:20,505 - []
13:31:20,556 - []
13:31:20,606 - []
13:31:20,663 - []
13:31:20,715 - []
13:31:20,766 - []
13:31:20,818 - []
13:31:20,880 - []
13:31:20,943 - []
13:31:20,993 - []
13:31:21,092 - []
13:31:21,181 - []
13:31:21,239 - []
13:31:21,292 - []
13:31:21,349 - []
13:31:21,392 - []
13:31:21,410 - []
13:31:21,459 - []
13:31:21,509 - []
13:31:21,560 - []
13:31:21,615 - []
13:31:21,662 - []
13:31:21,709 - []
13:31:21,767 - []
13:31:21,824 - []
13:31:21,873 - []
13:31:21,920 - []
13:31:21,970 - []
13:31:22,045 - []
13:31:22,094 - []
13:31:22,148 - []
13:31:22,197 - []
13:31:22,262 - []
13:31:22,316 - []
13:31:22,366 - []
13:31:22,415 - []
13:31:22,461 - []
13:31:22,481 - []
13:31:22,549 - []
13:31:22,970 - []
13:31:23,064 - []
13:31:23,136 - []
13:31:23,187 - []
13:31:23,238 - []
13:31:23,293 - []
13:31:23,347 - []
13:31:23,401 - []
13:31:23,463 - []
13:31:23,531 - []
13:31:23,534 - []
13:31:23,583 - []
13:31:23,635 - []
13:31:23,699 - []
13:31:23,764 - []
13:31:23,825 - []
13:31:23,879 - []
13:31:23,935 - []
13:31:24,008 - []
13:31:24,069 - []
13:31:24,118 - []
13:31:24,165 - []
13:31:24,215 - []
13:31:24,269 - []
13:31:24,322 - []
13:31:24,370 - []
13:31:24,420 - []
13:31:24,487 - []
13:31:24,536 - []
13:31:24,586 - []
13:31:24,605 - []
13:31:24,632 - []
13:31:24,690 - []
13:31:24,753 - []
13:31:24,801 - []
13:31:24,850 - []
13:31:24,896 - []
13:31:25,004 - []
13:31:25,051 - []
13:31:25,100 - []
13:31:25,159 - []
13:31:25,216 - []
13:31:25,278 - []
13:31:25,327 - []
13:31:25,378 - []
13:31:25,446 - []
13:31:25,496 - []
13:31:25,550 - []
13:31:25,631 - []
13:31:25,676 - []
13:31:25,682 - []
13:31:25,685 - action Bot_1 putDown
13:31:25,700 - []
13:31:25,729 - []
13:31:25,778 - []
13:31:25,827 - []
13:31:25,871 - []
13:31:25,874 - []
13:31:25,921 - []
13:31:25,972 - []
13:31:26,022 - []
13:31:26,078 - []
13:31:26,131 - []
13:31:26,142 - []
13:31:26,222 - []
13:31:26,270 - []
13:31:26,317 - []
13:31:26,371 - []
13:31:26,420 - []
13:31:26,469 - []
13:31:26,511 - []
13:31:26,519 - []
13:31:26,579 - []
13:31:26,637 - []
13:31:26,687 - []
13:31:26,720 - []
13:31:26,734 - []
13:31:26,738 - []
13:31:26,757 - []
13:31:26,769 - action Bot_1 goTo(RoomB1)
13:31:26,781 - []
13:31:26,788 - []
13:31:26,811 - []
13:31:26,824 - action Bot_1 sendMessage(Human_1,I am going to Room B1 to search for the Blue block)
13:31:26,824 - Costfunction triggered: -1.0
13:31:26,825 - action Human_1 receiveMessage(Bot_1,I am going to Room B1 to search for the Blue block)
13:31:26,829 - [[Bot_1, I am going to Room B1 to search for the Blue block]]
13:31:26,840 - []
13:31:26,892 - []
13:31:26,947 - []
13:31:27,012 - []
13:31:27,022 - []
13:31:27,086 - []
13:31:27,134 - []
13:31:27,185 - []
13:31:27,239 - []
13:31:27,280 - []
13:31:27,313 - []
13:31:27,361 - []
13:31:27,408 - []
13:31:27,456 - []
13:31:27,509 - []
13:31:27,562 - []
13:31:27,612 - []
13:31:27,650 - []
13:31:27,664 - []
13:31:27,721 - []
13:31:27,776 - []
13:31:27,834 - []
13:31:27,895 - []
13:31:27,956 - []
13:31:28,006 - []
13:31:28,059 - []
13:31:28,116 - []
13:31:28,120 - []
13:31:28,170 - []
13:31:28,225 - []
13:31:28,285 - []
13:31:28,344 - []
13:31:28,394 - []
13:31:28,443 - []
13:31:28,499 - []
13:31:28,553 - []
13:31:28,663 - []
13:31:28,690 - []
13:31:28,722 - []
13:31:28,785 - []
13:31:28,856 - []
13:31:28,912 - []
13:31:28,969 - []
13:31:29,038 - []
13:31:29,086 - []
13:31:29,133 - []
13:31:29,187 - []
13:31:29,243 - []
13:31:29,295 - []
13:31:29,344 - []
13:31:29,359 - []
13:31:29,392 - []
13:31:29,446 - []
13:31:29,504 - []
13:31:29,560 - []
13:31:29,624 - []
13:31:29,671 - []
13:31:29,733 - []
13:31:29,786 - []
13:31:29,837 - []
13:31:29,885 - []
13:31:29,931 - []
13:31:29,981 - []
13:31:30,036 - []
13:31:30,083 - []
13:31:30,128 - []
13:31:30,132 - []
13:31:30,180 - []
13:31:30,234 - []
13:31:30,281 - []
13:31:30,334 - []
13:31:30,384 - []
13:31:30,438 - []
13:31:30,497 - []
13:31:30,557 - []
13:31:30,628 - []
13:31:30,675 - []
13:31:30,741 - []
13:31:30,822 - []
13:31:30,869 - []
13:31:30,916 - []
13:31:30,966 - []
13:31:30,998 - []
13:31:31,020 - []
13:31:31,083 - []
13:31:31,132 - []
13:31:31,186 - []
13:31:31,242 - []
13:31:31,290 - []
13:31:31,339 - []
13:31:31,391 - []
13:31:31,446 - []
13:31:31,493 - []
13:31:31,549 - []
13:31:31,601 - []
13:31:31,649 - []
13:31:31,711 - []
13:31:31,773 - []
13:31:31,826 - []
13:31:31,880 - []
13:31:31,931 - []
13:31:31,986 - []
13:31:32,037 - []
13:31:32,096 - []
13:31:32,151 - []
13:31:32,204 - []
13:31:32,289 - []
13:31:32,338 - []
13:31:32,389 - []
13:31:32,437 - []
13:31:32,490 - []
13:31:32,549 - []
13:31:32,625 - []
13:31:32,790 - []
13:31:32,848 - []
13:31:32,863 - []
13:31:32,902 - []
13:31:32,961 - []
13:31:33,027 - []
13:31:33,031 - []
13:31:33,087 - []
13:31:33,155 - []
13:31:33,204 - []
13:31:33,254 - []
13:31:33,303 - []
13:31:33,304 - []
13:31:33,356 - []
13:31:33,425 - []
13:31:33,471 - []
13:31:33,519 - []
13:31:33,568 - []
13:31:33,623 - []
13:31:33,674 - []
13:31:33,679 - []
13:31:33,728 - []
13:31:33,779 - []
13:31:33,827 - []
13:31:33,876 - []
13:31:33,924 - []
13:31:33,971 - []
13:31:34,026 - []
13:31:34,079 - []
13:31:34,129 - []
13:31:34,144 - []
13:31:34,177 - []
13:31:34,231 - []
13:31:34,287 - []
13:31:34,338 - []
13:31:34,388 - []
13:31:34,442 - []
13:31:34,490 - []
13:31:34,539 - []
13:31:34,588 - []
13:31:34,672 - []
13:31:34,713 - []
13:31:34,719 - []
13:31:34,766 - []
13:31:34,814 - []
13:31:34,866 - []
13:31:34,928 - []
13:31:34,976 - []
13:31:35,056 - []
13:31:35,110 - []
13:31:35,158 - []
13:31:35,206 - []
13:31:35,299 - []
13:31:35,347 - []
13:31:35,380 - []
13:31:35,397 - []
13:31:35,491 - []
13:31:35,736 - []
13:31:35,786 - []
13:31:35,839 - []
13:31:35,897 - []
13:31:35,954 - []
13:31:36,005 - []
13:31:36,058 - []
13:31:36,129 - []
13:31:36,149 - []
13:31:36,177 - []
13:31:36,224 - []
13:31:36,272 - []
13:31:36,341 - []
13:31:36,388 - []
13:31:36,440 - []
13:31:36,521 - []
13:31:36,572 - []
13:31:36,622 - []
13:31:36,680 - []
13:31:36,747 - []
13:31:36,796 - []
13:31:36,849 - []
13:31:36,905 - []
13:31:36,958 - []
13:31:37,054 - []
13:31:37,068 - []
13:31:37,120 - []
13:31:37,177 - []
13:31:37,236 - []
13:31:37,283 - []
13:31:37,331 - []
13:31:37,383 - []
13:31:37,435 - []
13:31:37,483 - []
13:31:37,530 - []
13:31:37,578 - []
13:31:37,626 - []
13:31:37,675 - []
13:31:37,739 - []
13:31:37,796 - []
13:31:37,849 - []
13:31:37,902 - []
13:31:37,952 - []
13:31:38,003 - []
13:31:38,035 - []
13:31:38,063 - []
13:31:38,112 - []
13:31:38,167 - []
13:31:38,243 - []
13:31:38,295 - []
13:31:38,348 - []
13:31:38,400 - []
13:31:38,454 - []
13:31:38,517 - []
13:31:38,578 - []
13:31:38,641 - []
13:31:38,691 - []
13:31:38,740 - []
13:31:38,794 - []
13:31:38,855 - []
13:31:38,903 - []
13:31:38,954 - []
13:31:39,004 - []
13:31:39,051 - []
13:31:39,099 - []
13:31:39,105 - []
13:31:39,119 - action Bot_1 sendMessage(Human_1,There is a Pink block in RoomB1 belief)
13:31:39,120 - Costfunction triggered: -1.0
13:31:39,120 - action Human_1 receiveMessage(Bot_1,There is a Pink block in RoomB1 belief)
13:31:39,125 - []
13:31:39,144 - []
13:31:39,147 - [[Bot_1, There is a Pink block in RoomB1 belief]]
13:31:39,155 - action Bot_1 sendMessage(Human_1,There is a Yellow block in RoomB1 belief)
13:31:39,155 - Costfunction triggered: -1.0
13:31:39,155 - action Human_1 receiveMessage(Bot_1,There is a Yellow block in RoomB1 belief)
13:31:39,163 - []
13:31:39,173 - action Bot_1 sendMessage(Human_1,There is a Orange block in RoomB1 belief)
13:31:39,174 - Costfunction triggered: -1.0
13:31:39,174 - action Human_1 receiveMessage(Bot_1,There is a Orange block in RoomB1 belief)
13:31:39,182 - []
13:31:39,201 - []
13:31:39,206 - [[Bot_1, There is a Yellow block in RoomB1 belief], [Bot_1, There is a Orange block in RoomB1 belief]]
13:31:39,219 - []
13:31:39,281 - []
13:31:39,287 - []
13:31:39,329 - []
13:31:39,376 - []
13:31:39,425 - []
13:31:39,456 - []
13:31:39,494 - []
13:31:39,540 - []
13:31:39,594 - []
13:31:39,644 - []
13:31:39,692 - []
13:31:39,724 - []
13:31:39,751 - []
13:31:39,815 - []
13:31:39,862 - []
13:31:39,927 - []
13:31:39,983 - []
13:31:40,031 - []
13:31:40,079 - []
13:31:40,093 - []
13:31:40,126 - []
13:31:40,185 - []
13:31:40,242 - []
13:31:40,292 - []
13:31:40,355 - []
13:31:40,401 - []
13:31:40,451 - []
13:31:40,530 - []
13:31:40,563 - []
13:31:40,579 - []
13:31:40,636 - []
13:31:40,714 - []
13:31:40,762 - []
13:31:40,821 - []
13:31:40,881 - []
13:31:40,981 - []
13:31:41,029 - []
13:31:41,084 - []
13:31:41,132 - []
13:31:41,147 - []
13:31:41,196 - []
13:31:41,254 - []
13:31:41,310 - []
13:31:41,358 - []
13:31:41,408 - []
13:31:41,454 - []
13:31:41,507 - []
13:31:41,560 - []
13:31:41,621 - []
13:31:41,674 - []
13:31:41,725 - []
13:31:41,800 - []
13:31:41,812 - []
13:31:41,870 - []
13:31:41,917 - []
13:31:41,973 - []
13:31:42,027 - []
13:31:42,079 - []
13:31:42,128 - []
13:31:42,182 - []
13:31:42,222 - []
13:31:42,237 - []
13:31:42,242 - []
13:31:42,250 - action Bot_1 goTo(RoomC1)
13:31:42,269 - []
13:31:42,289 - []
13:31:42,290 - []
13:31:42,301 - action Bot_1 sendMessage(Human_1,I am going to Room C1 to search for the Blue block)
13:31:42,301 - Costfunction triggered: -1.0
13:31:42,301 - action Human_1 receiveMessage(Bot_1,I am going to Room C1 to search for the Blue block)
13:31:42,311 - []
13:31:42,337 - [[Bot_1, I am going to Room C1 to search for the Blue block]]
13:31:42,383 - []
13:31:42,391 - []
13:31:42,449 - []
13:31:42,497 - []
13:31:42,544 - []
13:31:42,553 - []
13:31:42,591 - []
13:31:42,639 - []
13:31:42,686 - []
13:31:42,743 - []
13:31:42,804 - []
13:31:42,820 - []
13:31:42,850 - []
13:31:42,898 - []
13:31:42,949 - []
13:31:43,002 - []
13:31:43,055 - []
13:31:43,116 - []
13:31:43,177 - []
13:31:43,190 - []
13:31:43,226 - []
13:31:43,279 - []
13:31:43,338 - []
13:31:43,401 - []
13:31:43,451 - []
13:31:43,500 - []
13:31:43,553 - []
13:31:43,605 - []
13:31:43,653 - []
13:31:43,662 - []
13:31:43,701 - []
13:31:43,764 - []
13:31:43,818 - []
13:31:43,869 - []
13:31:43,915 - []
13:31:43,973 - []
13:31:44,030 - []
13:31:44,084 - []
13:31:44,132 - []
13:31:44,184 - []
13:31:44,231 - []
13:31:44,238 - []
13:31:44,293 - []
13:31:44,342 - []
13:31:44,391 - []
13:31:44,441 - []
13:31:44,494 - []
13:31:44,554 - []
13:31:44,621 - []
13:31:44,668 - []
13:31:44,715 - []
13:31:44,764 - []
13:31:44,851 - []
13:31:44,905 - []
13:31:44,906 - []
13:31:44,952 - []
13:31:45,003 - []
13:31:45,072 - []
13:31:45,121 - []
13:31:45,144 - []
13:31:45,172 - []
13:31:45,184 - []
13:31:45,224 - []
13:31:45,254 - []
13:31:45,277 - []
13:31:45,330 - []
13:31:45,377 - []
13:31:45,424 - []
13:31:45,430 - []
13:31:45,520 - []
13:31:45,568 - []
13:31:45,615 - []
13:31:45,662 - []
13:31:45,696 - []
13:31:45,709 - []
13:31:45,762 - []
13:31:45,822 - []
13:31:45,873 - []
13:31:45,924 - []
13:31:45,978 - []
13:31:46,030 - []
13:31:46,064 - []
13:31:46,078 - []
13:31:46,127 - []
13:31:46,177 - []
13:31:46,224 - []
13:31:46,273 - []
13:31:46,321 - []
13:31:46,375 - []
13:31:46,435 - []
13:31:46,482 - []
13:31:46,530 - []
13:31:46,535 - []
13:31:46,579 - []
13:31:46,629 - []
13:31:46,677 - []
13:31:46,729 - []
13:31:46,784 - []
13:31:46,831 - []
13:31:46,880 - []
13:31:46,940 - []
13:31:47,005 - []
13:31:47,098 - []
13:31:47,105 - []
13:31:47,159 - []
13:31:47,217 - []
13:31:47,264 - []
13:31:47,320 - []
13:31:47,374 - []
13:31:47,431 - []
13:31:47,481 - []
13:31:47,533 - []
13:31:47,586 - []
13:31:47,647 - []
13:31:47,700 - []
13:31:47,750 - []
13:31:47,774 - []
13:31:47,822 - []
13:31:47,881 - []
13:31:47,930 - []
13:31:47,990 - []
13:31:48,080 - []
13:31:48,130 - []
13:31:48,179 - []
13:31:48,236 - []
13:31:48,331 - []
13:31:48,336 - []
13:31:48,385 - []
13:31:48,435 - []
13:31:48,501 - []
13:31:48,770 - []
13:31:48,791 - []
13:31:48,860 - []
13:31:48,951 - []
13:31:48,999 - []
13:31:49,070 - []
13:31:49,133 - []
13:31:49,142 - []
13:31:49,183 - []
13:31:49,269 - []
13:31:49,344 - []
13:31:49,404 - []
13:31:49,464 - []
13:31:49,528 - []
13:31:49,591 - []
13:31:49,613 - []
13:31:49,639 - []
13:31:49,690 - []
13:31:49,741 - []
13:31:49,816 - []
13:31:49,866 - []
13:31:49,919 - []
13:31:49,973 - []
13:31:50,027 - []
13:31:50,082 - []
13:31:50,134 - []
13:31:50,183 - []
13:31:50,207 - []
13:31:50,269 - []
13:31:50,317 - []
13:31:50,374 - []
13:31:50,444 - []
13:31:50,494 - []
13:31:50,544 - []
13:31:50,592 - []
13:31:50,640 - []
13:31:50,689 - []
13:31:50,744 - []
13:31:50,794 - []
13:31:50,844 - []
13:31:50,852 - []
13:31:50,864 - action Bot_1 sendMessage(Human_1,There is a Orange block in RoomC1 belief)
13:31:50,864 - Costfunction triggered: -1.0
13:31:50,864 - action Human_1 receiveMessage(Bot_1,There is a Orange block in RoomC1 belief)
13:31:50,872 - []
13:31:50,884 - action Bot_1 goToBlock(48)
13:31:50,892 - []
13:31:50,896 - [[Bot_1, There is a Orange block in RoomC1 belief]]
13:31:50,913 - []
13:31:50,932 - []
13:31:50,950 - []
13:31:50,955 - []
13:31:51,002 - []
13:31:51,025 - []
13:31:51,055 - []
13:31:51,101 - []
13:31:51,153 - []
13:31:51,196 - []
13:31:51,209 - []
13:31:51,267 - []
13:31:51,316 - []
13:31:51,366 - []
13:31:51,418 - []
13:31:51,467 - []
13:31:51,480 - []
13:31:51,535 - []
13:31:51,584 - []
13:31:51,633 - []
13:31:51,702 - []
13:31:51,757 - []
13:31:51,806 - []
13:31:51,836 - []
13:31:51,863 - []
13:31:51,927 - []
13:31:52,215 - []
13:31:52,227 - action Bot_1 pickUp(48)
13:31:52,234 - []
13:31:52,254 - []
13:31:52,275 - []
13:31:52,294 - []
13:31:52,296 - []
13:31:52,307 - action Bot_1 sendMessage(Human_1,I am going to drop the Blue block Please find the Orange block )
13:31:52,307 - Costfunction triggered: -1.0
13:31:52,308 - action Human_1 receiveMessage(Bot_1,I am going to drop the Blue block Please find the Orange block )
13:31:52,323 - []
13:31:52,345 - [[Bot_1, I am going to drop the Blue block Please find the Orange block ]]
13:31:52,411 - []
13:31:52,475 - []
13:31:52,556 - []
13:31:52,559 - []
13:31:52,606 - []
13:31:52,657 - []
13:31:52,708 - []
13:31:52,762 - []
13:31:52,815 - []
13:31:52,828 - []
13:31:52,875 - []
13:31:52,929 - []
13:31:52,994 - []
13:31:53,042 - []
13:31:53,089 - []
13:31:53,141 - []
13:31:53,195 - []
13:31:53,197 - []
13:31:53,242 - []
13:31:53,292 - []
13:31:53,343 - []
13:31:53,353 - action Bot_1 goTo(DropZone)
13:31:53,354 - []
13:31:53,369 - []
13:31:53,415 - []
13:31:53,472 - []
13:31:53,534 - []
13:31:53,540 - []
13:31:53,589 - []
13:31:53,638 - []
13:31:53,687 - []
13:31:53,739 - []
13:31:53,793 - []
13:31:53,810 - []
13:31:53,842 - []
13:31:53,894 - []
13:31:53,940 - []
13:31:53,977 - []
13:31:53,987 - []
13:31:54,037 - []
13:31:54,096 - []
13:31:54,145 - []
13:31:54,153 - []
13:31:54,206 - []
13:31:54,252 - []
13:31:54,306 - []
13:31:54,378 - []
13:31:54,416 - []
13:31:54,426 - []
13:31:54,475 - []
13:31:54,530 - []
13:31:54,584 - []
13:31:54,642 - []
13:31:54,690 - []
13:31:54,739 - []
13:31:54,786 - []
13:31:54,788 - []
13:31:54,838 - []
13:31:54,926 - []
13:31:54,999 - []
13:31:55,048 - []
13:31:55,096 - []
13:31:55,147 - []
13:31:55,218 - []
13:31:55,254 - []
13:31:55,266 - []
13:31:55,316 - []
13:31:55,374 - []
13:31:55,396 - []
13:31:55,440 - []
13:31:55,488 - []
13:31:55,536 - []
13:31:55,566 - []
13:31:55,595 - []
13:31:55,661 - []
13:31:55,709 - []
13:31:55,757 - []
13:31:55,808 - []
13:31:55,835 - []
13:31:55,857 - []
13:31:55,967 - []
13:31:56,023 - []
13:31:56,074 - []
13:31:56,130 - []
13:31:56,179 - []
13:31:56,207 - []
13:31:56,231 - []
13:31:56,281 - []
13:31:56,346 - []
13:31:56,399 - []
13:31:56,447 - []
13:31:56,495 - []
13:31:56,544 - []
13:31:56,593 - []
13:31:56,657 - []
13:31:56,675 - []
13:31:57,060 - []
13:31:57,140 - []
13:31:57,202 - []
13:31:57,245 - []
13:31:57,258 - []
13:31:57,307 - []
13:31:57,365 - []
13:31:57,421 - []
13:31:57,470 - []
13:31:57,519 - []
13:31:57,579 - []
13:31:57,636 - []
13:31:57,687 - []
13:31:57,735 - []
13:31:57,792 - []
13:31:57,863 - []
13:31:57,911 - []
13:31:57,914 - []
13:31:57,970 - []
13:31:58,033 - []
13:31:58,080 - []
13:31:58,132 - []
13:31:58,184 - []
13:31:58,242 - []
13:31:58,292 - []
13:31:58,348 - []
13:31:58,408 - []
13:31:58,489 - []
13:31:58,546 - []
13:31:58,594 - []
13:31:58,648 - []
13:31:58,712 - []
13:31:58,768 - []
13:31:58,817 - []
13:31:58,895 - []
13:31:58,946 - []
13:31:58,995 - []
13:31:59,045 - []
13:31:59,094 - []
13:31:59,142 - []
13:31:59,196 - []
13:31:59,262 - []
13:31:59,316 - []
13:31:59,363 - []
13:31:59,420 - []
13:31:59,516 - []
13:31:59,563 - []
13:31:59,566 - []
13:31:59,638 - []
13:31:59,716 - []
13:31:59,774 - []
13:31:59,821 - []
13:31:59,871 - []
13:31:59,959 - []
13:32:00,014 - []
13:32:00,062 - []
13:32:00,119 - []
13:32:00,188 - []
13:32:00,284 - []
13:32:00,333 - []
13:32:00,384 - []
13:32:00,437 - []
13:32:00,486 - []
13:32:00,534 - []
13:32:00,542 - []
13:32:00,599 - []
13:32:00,678 - []
13:32:00,726 - []
13:32:00,775 - []
13:32:00,827 - []
13:32:00,888 - []
13:32:00,936 - []
13:32:00,987 - []
13:32:01,043 - []
13:32:01,102 - []
13:32:01,149 - []
13:32:01,199 - []
13:32:01,253 - []
13:32:01,320 - []
13:32:01,368 - []
13:32:01,415 - []
13:32:01,470 - []
13:32:01,526 - []
13:32:01,587 - []
13:32:01,604 - []
13:32:01,635 - []
13:32:01,688 - []
13:32:01,761 - []
13:32:01,811 - []
13:32:01,860 - []
13:32:01,908 - []
13:32:01,960 - []
13:32:02,016 - []
13:32:02,065 - []
13:32:02,128 - []
13:32:02,207 - []
13:32:02,258 - []
13:32:02,312 - []
13:32:02,363 - []
13:32:02,411 - []
13:32:02,462 - []
13:32:02,512 - []
13:32:02,579 - []
13:32:02,624 - []
13:32:02,674 - []
13:32:02,676 - []
13:32:02,745 - []
13:32:02,796 - []
13:32:02,844 - []
13:32:02,906 - []
13:32:02,969 - []
13:32:03,018 - []
13:32:03,069 - []
13:32:03,116 - []
13:32:03,170 - []
13:32:03,219 - []
13:32:03,281 - []
13:32:03,349 - []
13:32:03,745 - []
13:32:04,817 - []
13:32:04,829 - action Bot_1 putDown
13:32:04,843 - []
13:32:05,080 - []
13:32:05,351 - []
13:32:05,720 - []
13:32:05,865 - []
13:32:05,885 - []
13:32:05,905 - []
13:32:05,914 - action Bot_1 goTo(RoomC2)
13:32:05,933 - []
13:32:05,955 - []
13:32:05,966 - action Bot_1 sendMessage(Human_1,I am going to Room C2 to search for the Blue block)
13:32:05,967 - Costfunction triggered: -1.0
13:32:05,967 - action Human_1 receiveMessage(Bot_1,I am going to Room C2 to search for the Blue block)
13:32:06,043 - []
13:32:06,072 - []
13:32:06,085 - action Bot_1 goTo(DropZone)
13:32:06,104 - []
13:32:06,275 - []
13:32:06,547 - []
13:32:06,917 - []
13:32:07,386 - []
13:32:07,954 - []
13:32:08,624 - []
13:32:09,396 - []
13:32:10,263 - []
13:32:11,234 - []
